{"/Users/loweryr/git/github/rhlowery/acs-ui/frontend/src/components/catalog/CatalogTree.jsx": {"path":"/Users/loweryr/git/github/rhlowery/acs-ui/frontend/src/components/catalog/CatalogTree.jsx","statementMap":{"0":{"start":{"line":14,"column":6},"end":{"line":89,"column":null}},"1":{"start":{"line":15,"column":17},"end":{"line":15,"column":45}},"2":{"start":{"line":16,"column":19},"end":{"line":16,"column":46}},"3":{"start":{"line":17,"column":18},"end":{"line":17,"column":47}},"4":{"start":{"line":19,"column":21},"end":{"line":32,"column":null}},"5":{"start":{"line":20,"column":4},"end":{"line":20,"column":null}},"6":{"start":{"line":21,"column":4},"end":{"line":29,"column":null}},"7":{"start":{"line":22,"column":6},"end":{"line":22,"column":null}},"8":{"start":{"line":23,"column":6},"end":{"line":29,"column":null}},"9":{"start":{"line":24,"column":21},"end":{"line":24,"column":83}},"10":{"start":{"line":25,"column":8},"end":{"line":25,"column":null}},"11":{"start":{"line":27,"column":8},"end":{"line":27,"column":null}},"12":{"start":{"line":29,"column":8},"end":{"line":29,"column":null}},"13":{"start":{"line":32,"column":4},"end":{"line":32,"column":null}},"14":{"start":{"line":35,"column":19},"end":{"line":37,"column":null}},"15":{"start":{"line":39,"column":25},"end":{"line":41,"column":null}},"16":{"start":{"line":43,"column":2},"end":{"line":89,"column":null}},"17":{"start":{"line":47,"column":23},"end":{"line":47,"column":37}},"18":{"start":{"line":48,"column":32},"end":{"line":48,"column":52}},"19":{"start":{"line":48,"column":52},"end":{"line":48,"column":null}},"20":{"start":{"line":79,"column":12},"end":{"line":86,"column":null}},"21":{"start":{"line":97,"column":13},"end":{"line":147,"column":null}},"22":{"start":{"line":98,"column":19},"end":{"line":98,"column":46}},"23":{"start":{"line":99,"column":18},"end":{"line":99,"column":46}},"24":{"start":{"line":101,"column":2},"end":{"line":120,"column":null}},"25":{"start":{"line":102,"column":25},"end":{"line":116,"column":null}},"26":{"start":{"line":103,"column":6},"end":{"line":116,"column":null}},"27":{"start":{"line":104,"column":21},"end":{"line":104,"column":60}},"28":{"start":{"line":105,"column":23},"end":{"line":111,"column":11}},"29":{"start":{"line":105,"column":38},"end":{"line":111,"column":11}},"30":{"start":{"line":112,"column":8},"end":{"line":112,"column":null}},"31":{"start":{"line":114,"column":8},"end":{"line":114,"column":null}},"32":{"start":{"line":116,"column":8},"end":{"line":116,"column":null}},"33":{"start":{"line":119,"column":4},"end":{"line":119,"column":null}},"34":{"start":{"line":122,"column":2},"end":{"line":125,"column":null}},"35":{"start":{"line":122,"column":15},"end":{"line":125,"column":null}},"36":{"start":{"line":129,"column":2},"end":{"line":147,"column":null}},"37":{"start":{"line":133,"column":10},"end":{"line":139,"column":null}}},"fnMap":{"0":{"name":"(anonymous_0)","decl":{"start":{"line":14,"column":6},"end":{"line":14,"column":18}},"loc":{"start":{"line":14,"column":77},"end":{"line":89,"column":null}},"line":14},"1":{"name":"(anonymous_1)","decl":{"start":{"line":19,"column":21},"end":{"line":19,"column":28}},"loc":{"start":{"line":19,"column":34},"end":{"line":32,"column":null}},"line":19},"2":{"name":"(anonymous_2)","decl":{"start":{"line":47,"column":8},"end":{"line":47,"column":23}},"loc":{"start":{"line":47,"column":23},"end":{"line":47,"column":37}},"line":47},"3":{"name":"(anonymous_3)","decl":{"start":{"line":48,"column":8},"end":{"line":48,"column":24}},"loc":{"start":{"line":48,"column":30},"end":{"line":48,"column":null}},"line":48},"4":{"name":"(anonymous_4)","decl":{"start":{"line":78,"column":20},"end":{"line":78,"column":24}},"loc":{"start":{"line":79,"column":12},"end":{"line":86,"column":null}},"line":79},"5":{"name":"(anonymous_5)","decl":{"start":{"line":97,"column":13},"end":{"line":97,"column":28}},"loc":{"start":{"line":97,"column":59},"end":{"line":147,"column":null}},"line":97},"6":{"name":"(anonymous_6)","decl":{"start":{"line":101,"column":2},"end":{"line":101,"column":18}},"loc":{"start":{"line":101,"column":18},"end":{"line":120,"column":7}},"line":101},"7":{"name":"(anonymous_7)","decl":{"start":{"line":102,"column":25},"end":{"line":102,"column":37}},"loc":{"start":{"line":102,"column":37},"end":{"line":116,"column":null}},"line":102},"8":{"name":"(anonymous_8)","decl":{"start":{"line":105,"column":28},"end":{"line":105,"column":32}},"loc":{"start":{"line":105,"column":38},"end":{"line":111,"column":11}},"line":105},"9":{"name":"(anonymous_9)","decl":{"start":{"line":132,"column":17},"end":{"line":132,"column":21}},"loc":{"start":{"line":133,"column":10},"end":{"line":139,"column":null}},"line":133}},"branchMap":{"0":{"loc":{"start":{"line":14,"column":37},"end":{"line":14,"column":48}},"type":"default-arg","locations":[{"start":{"line":14,"column":45},"end":{"line":14,"column":48}}],"line":14},"1":{"loc":{"start":{"line":21,"column":4},"end":{"line":29,"column":null}},"type":"if","locations":[{"start":{"line":21,"column":4},"end":{"line":29,"column":null}},{"start":{},"end":{}}],"line":21},"2":{"loc":{"start":{"line":21,"column":8},"end":{"line":21,"column":72}},"type":"binary-expr","locations":[{"start":{"line":21,"column":8},"end":{"line":21,"column":20}},{"start":{"line":21,"column":20},"end":{"line":21,"column":47}},{"start":{"line":21,"column":47},"end":{"line":21,"column":72}}],"line":21},"3":{"loc":{"start":{"line":24,"column":51},"end":{"line":24,"column":73}},"type":"binary-expr","locations":[{"start":{"line":24,"column":51},"end":{"line":24,"column":64}},{"start":{"line":24,"column":64},"end":{"line":24,"column":73}}],"line":24},"4":{"loc":{"start":{"line":25,"column":20},"end":{"line":25,"column":30}},"type":"binary-expr","locations":[{"start":{"line":25,"column":20},"end":{"line":25,"column":28}},{"start":{"line":25,"column":28},"end":{"line":25,"column":30}}],"line":25},"5":{"loc":{"start":{"line":35,"column":19},"end":{"line":37,"column":null}},"type":"cond-expr","locations":[{"start":{"line":35,"column":45},"end":{"line":36,"column":24}},{"start":{"line":36,"column":19},"end":{"line":37,"column":null}}],"line":35},"6":{"loc":{"start":{"line":36,"column":19},"end":{"line":37,"column":null}},"type":"cond-expr","locations":[{"start":{"line":36,"column":44},"end":{"line":37,"column":20}},{"start":{"line":37,"column":19},"end":{"line":37,"column":null}}],"line":36},"7":{"loc":{"start":{"line":39,"column":25},"end":{"line":41,"column":null}},"type":"cond-expr","locations":[{"start":{"line":40,"column":25},"end":{"line":41,"column":26}},{"start":{"line":41,"column":25},"end":{"line":41,"column":null}}],"line":39},"8":{"loc":{"start":{"line":46,"column":140},"end":{"line":46,"column":null}},"type":"cond-expr","locations":[{"start":{"line":46,"column":149},"end":{"line":46,"column":174}},{"start":{"line":46,"column":174},"end":{"line":46,"column":null}}],"line":46},"9":{"loc":{"start":{"line":55,"column":11},"end":{"line":59,"column":null}},"type":"binary-expr","locations":[{"start":{"line":55,"column":11},"end":{"line":55,"column":null}},{"start":{"line":56,"column":12},"end":{"line":59,"column":null}}],"line":55},"10":{"loc":{"start":{"line":56,"column":12},"end":{"line":59,"column":null}},"type":"cond-expr","locations":[{"start":{"line":57,"column":14},"end":{"line":59,"column":23}},{"start":{"line":59,"column":14},"end":{"line":59,"column":null}}],"line":56},"11":{"loc":{"start":{"line":59,"column":14},"end":{"line":59,"column":null}},"type":"cond-expr","locations":[{"start":{"line":59,"column":23},"end":{"line":59,"column":75}},{"start":{"line":59,"column":74},"end":{"line":59,"column":null}}],"line":59},"12":{"loc":{"start":{"line":66,"column":64},"end":{"line":66,"column":null}},"type":"cond-expr","locations":[{"start":{"line":66,"column":73},"end":{"line":66,"column":96}},{"start":{"line":66,"column":96},"end":{"line":66,"column":null}}],"line":66},"13":{"loc":{"start":{"line":76,"column":7},"end":{"line":89,"column":null}},"type":"binary-expr","locations":[{"start":{"line":76,"column":7},"end":{"line":76,"column":null}},{"start":{"line":77,"column":8},"end":{"line":89,"column":null}}],"line":76},"14":{"loc":{"start":{"line":82,"column":25},"end":{"line":82,"column":null}},"type":"binary-expr","locations":[{"start":{"line":82,"column":25},"end":{"line":82,"column":38}},{"start":{"line":82,"column":38},"end":{"line":82,"column":null}}],"line":82},"15":{"loc":{"start":{"line":88,"column":11},"end":{"line":89,"column":null}},"type":"binary-expr","locations":[{"start":{"line":88,"column":11},"end":{"line":88,"column":36}},{"start":{"line":88,"column":36},"end":{"line":88,"column":null}},{"start":{"line":89,"column":12},"end":{"line":89,"column":null}}],"line":88},"16":{"loc":{"start":{"line":110,"column":18},"end":{"line":110,"column":null}},"type":"binary-expr","locations":[{"start":{"line":110,"column":18},"end":{"line":110,"column":30}},{"start":{"line":110,"column":30},"end":{"line":110,"column":null}}],"line":110},"17":{"loc":{"start":{"line":122,"column":2},"end":{"line":125,"column":null}},"type":"if","locations":[{"start":{"line":122,"column":2},"end":{"line":125,"column":null}},{"start":{},"end":{}}],"line":122},"18":{"loc":{"start":{"line":131,"column":7},"end":{"line":144,"column":null}},"type":"cond-expr","locations":[{"start":{"line":132,"column":8},"end":{"line":139,"column":null}},{"start":{"line":142,"column":8},"end":{"line":144,"column":null}}],"line":131}},"s":{"0":1,"1":7,"2":7,"3":7,"4":7,"5":1,"6":1,"7":1,"8":1,"9":1,"10":1,"11":0,"12":1,"13":1,"14":7,"15":7,"16":7,"17":1,"18":1,"19":1,"20":1,"21":1,"22":8,"23":8,"24":8,"25":4,"26":4,"27":4,"28":4,"29":4,"30":4,"31":0,"32":4,"33":4,"34":8,"35":4,"36":4,"37":4},"f":{"0":7,"1":1,"2":1,"3":1,"4":1,"5":8,"6":4,"7":4,"8":4,"9":4},"b":{"0":[7],"1":[1,0],"2":[1,1,0],"3":[1,1],"4":[1,0],"5":[6,1],"6":[1,0],"7":[6,1],"8":[1,6],"9":[7,7],"10":[1,6],"11":[1,5],"12":[1,6],"13":[7,1],"14":[1,1],"15":[1,0,0],"16":[4,0],"17":[4,4],"18":[4,0]},"meta":{"lastBranch":19,"lastFunction":10,"lastStatement":38,"seen":{"s:14:6:89:Infinity":0,"f:14:6:14:18":0,"b:14:45:14:48":0,"s:15:17:15:45":1,"s:16:19:16:46":2,"s:17:18:17:47":3,"s:19:21:32:Infinity":4,"f:19:21:19:28":1,"s:20:4:20:Infinity":5,"b:21:4:29:Infinity:undefined:undefined:undefined:undefined":1,"s:21:4:29:Infinity":6,"b:21:8:21:20:21:20:21:47:21:47:21:72":2,"s:22:6:22:Infinity":7,"s:23:6:29:Infinity":8,"s:24:21:24:83":9,"b:24:51:24:64:24:64:24:73":3,"s:25:8:25:Infinity":10,"b:25:20:25:28:25:28:25:30":4,"s:27:8:27:Infinity":11,"s:29:8:29:Infinity":12,"s:32:4:32:Infinity":13,"s:35:19:37:Infinity":14,"b:35:45:36:24:36:19:37:Infinity":5,"b:36:44:37:20:37:19:37:Infinity":6,"s:39:25:41:Infinity":15,"b:40:25:41:26:41:25:41:Infinity":7,"s:43:2:89:Infinity":16,"b:46:149:46:174:46:174:46:Infinity":8,"f:47:8:47:23":2,"s:47:23:47:37":17,"f:48:8:48:24":3,"s:48:32:48:52":18,"s:48:52:48:Infinity":19,"b:55:11:55:Infinity:56:12:59:Infinity":9,"b:57:14:59:23:59:14:59:Infinity":10,"b:59:23:59:75:59:74:59:Infinity":11,"b:66:73:66:96:66:96:66:Infinity":12,"b:76:7:76:Infinity:77:8:89:Infinity":13,"f:78:20:78:24":4,"s:79:12:86:Infinity":20,"b:82:25:82:38:82:38:82:Infinity":14,"b:88:11:88:36:88:36:88:Infinity:89:12:89:Infinity":15,"s:97:13:147:Infinity":21,"f:97:13:97:28":5,"s:98:19:98:46":22,"s:99:18:99:46":23,"s:101:2:120:Infinity":24,"f:101:2:101:18":6,"s:102:25:116:Infinity":25,"f:102:25:102:37":7,"s:103:6:116:Infinity":26,"s:104:21:104:60":27,"s:105:23:111:11":28,"f:105:28:105:32":8,"s:105:38:111:11":29,"b:110:18:110:30:110:30:110:Infinity":16,"s:112:8:112:Infinity":30,"s:114:8:114:Infinity":31,"s:116:8:116:Infinity":32,"s:119:4:119:Infinity":33,"b:122:2:125:Infinity:undefined:undefined:undefined:undefined":17,"s:122:2:125:Infinity":34,"s:122:15:125:Infinity":35,"s:129:2:147:Infinity":36,"b:132:8:139:Infinity:142:8:144:Infinity":18,"f:132:17:132:21":9,"s:133:10:139:Infinity":37}}}
,"/Users/loweryr/git/github/rhlowery/acs-ui/frontend/src/components/requests/AccessRequestForm.jsx": {"path":"/Users/loweryr/git/github/rhlowery/acs-ui/frontend/src/components/requests/AccessRequestForm.jsx","statementMap":{"0":{"start":{"line":6,"column":13},"end":{"line":179,"column":null}},"1":{"start":{"line":7,"column":24},"end":{"line":7,"column":52}},"2":{"start":{"line":8,"column":24},"end":{"line":8,"column":77}},"3":{"start":{"line":9,"column":23},"end":{"line":9,"column":52}},"4":{"start":{"line":10,"column":26},"end":{"line":10,"column":58}},"5":{"start":{"line":11,"column":23},"end":{"line":11,"column":52}},"6":{"start":{"line":12,"column":25},"end":{"line":12,"column":59}},"7":{"start":{"line":14,"column":32},"end":{"line":14,"column":null}},"8":{"start":{"line":16,"column":10},"end":{"line":19,"column":null}},"9":{"start":{"line":17,"column":8},"end":{"line":19,"column":null}},"10":{"start":{"line":18,"column":12},"end":{"line":18,"column":80}},"11":{"start":{"line":18,"column":51},"end":{"line":18,"column":62}},"12":{"start":{"line":22,"column":25},"end":{"line":53,"column":null}},"13":{"start":{"line":23,"column":8},"end":{"line":23,"column":null}},"14":{"start":{"line":24,"column":8},"end":{"line":26,"column":null}},"15":{"start":{"line":25,"column":12},"end":{"line":25,"column":null}},"16":{"start":{"line":26,"column":12},"end":{"line":26,"column":null}},"17":{"start":{"line":28,"column":8},"end":{"line":30,"column":null}},"18":{"start":{"line":29,"column":12},"end":{"line":29,"column":null}},"19":{"start":{"line":30,"column":12},"end":{"line":30,"column":null}},"20":{"start":{"line":33,"column":8},"end":{"line":33,"column":null}},"21":{"start":{"line":34,"column":8},"end":{"line":53,"column":null}},"22":{"start":{"line":35,"column":28},"end":{"line":45,"column":null}},"23":{"start":{"line":46,"column":12},"end":{"line":46,"column":null}},"24":{"start":{"line":47,"column":12},"end":{"line":47,"column":null}},"25":{"start":{"line":48,"column":12},"end":{"line":48,"column":null}},"26":{"start":{"line":49,"column":12},"end":{"line":49,"column":null}},"27":{"start":{"line":51,"column":12},"end":{"line":51,"column":null}},"28":{"start":{"line":53,"column":12},"end":{"line":53,"column":null}},"29":{"start":{"line":57,"column":4},"end":{"line":179,"column":null}},"30":{"start":{"line":59,"column":204},"end":{"line":59,"column":223}},"31":{"start":{"line":81,"column":43},"end":{"line":81,"column":73}},"32":{"start":{"line":107,"column":32},"end":{"line":118,"column":null}},"33":{"start":{"line":110,"column":51},"end":{"line":110,"column":72}},"34":{"start":{"line":132,"column":47},"end":{"line":132,"column":76}},"35":{"start":{"line":146,"column":43},"end":{"line":146,"column":75}}},"fnMap":{"0":{"name":"(anonymous_0)","decl":{"start":{"line":6,"column":13},"end":{"line":6,"column":34}},"loc":{"start":{"line":6,"column":67},"end":{"line":179,"column":null}},"line":6},"1":{"name":"(anonymous_1)","decl":{"start":{"line":16,"column":10},"end":{"line":16,"column":29}},"loc":{"start":{"line":16,"column":38},"end":{"line":19,"column":null}},"line":16},"2":{"name":"(anonymous_2)","decl":{"start":{"line":17,"column":8},"end":{"line":17,"column":22}},"loc":{"start":{"line":18,"column":12},"end":{"line":18,"column":80}},"line":18},"3":{"name":"(anonymous_3)","decl":{"start":{"line":18,"column":39},"end":{"line":18,"column":46}},"loc":{"start":{"line":18,"column":51},"end":{"line":18,"column":62}},"line":18},"4":{"name":"(anonymous_4)","decl":{"start":{"line":22,"column":25},"end":{"line":22,"column":32}},"loc":{"start":{"line":22,"column":38},"end":{"line":53,"column":null}},"line":22},"5":{"name":"(anonymous_5)","decl":{"start":{"line":59,"column":190},"end":{"line":59,"column":199}},"loc":{"start":{"line":59,"column":204},"end":{"line":59,"column":223}},"line":59},"6":{"name":"(anonymous_6)","decl":{"start":{"line":81,"column":28},"end":{"line":81,"column":38}},"loc":{"start":{"line":81,"column":43},"end":{"line":81,"column":73}},"line":81},"7":{"name":"(anonymous_7)","decl":{"start":{"line":106,"column":49},"end":{"line":106,"column":53}},"loc":{"start":{"line":107,"column":32},"end":{"line":118,"column":null}},"line":107},"8":{"name":"(anonymous_8)","decl":{"start":{"line":110,"column":36},"end":{"line":110,"column":51}},"loc":{"start":{"line":110,"column":51},"end":{"line":110,"column":72}},"line":110},"9":{"name":"(anonymous_9)","decl":{"start":{"line":132,"column":32},"end":{"line":132,"column":42}},"loc":{"start":{"line":132,"column":47},"end":{"line":132,"column":76}},"line":132},"10":{"name":"(anonymous_10)","decl":{"start":{"line":146,"column":28},"end":{"line":146,"column":38}},"loc":{"start":{"line":146,"column":43},"end":{"line":146,"column":75}},"line":146}},"branchMap":{"0":{"loc":{"start":{"line":8,"column":51},"end":{"line":8,"column":77}},"type":"binary-expr","locations":[{"start":{"line":8,"column":51},"end":{"line":8,"column":74}},{"start":{"line":8,"column":74},"end":{"line":8,"column":77}}],"line":8},"1":{"loc":{"start":{"line":18,"column":12},"end":{"line":18,"column":80}},"type":"cond-expr","locations":[{"start":{"line":18,"column":34},"end":{"line":18,"column":62}},{"start":{"line":18,"column":65},"end":{"line":18,"column":80}}],"line":18},"2":{"loc":{"start":{"line":24,"column":8},"end":{"line":26,"column":null}},"type":"if","locations":[{"start":{"line":24,"column":8},"end":{"line":26,"column":null}},{"start":{},"end":{}}],"line":24},"3":{"loc":{"start":{"line":28,"column":8},"end":{"line":30,"column":null}},"type":"if","locations":[{"start":{"line":28,"column":8},"end":{"line":30,"column":null}},{"start":{},"end":{}}],"line":28},"4":{"loc":{"start":{"line":36,"column":29},"end":{"line":36,"column":null}},"type":"binary-expr","locations":[{"start":{"line":36,"column":29},"end":{"line":36,"column":52}},{"start":{"line":36,"column":52},"end":{"line":36,"column":null}}],"line":36},"5":{"loc":{"start":{"line":39,"column":30},"end":{"line":39,"column":null}},"type":"cond-expr","locations":[{"start":{"line":39,"column":50},"end":{"line":39,"column":62}},{"start":{"line":39,"column":62},"end":{"line":39,"column":null}}],"line":39},"6":{"loc":{"start":{"line":42,"column":32},"end":{"line":42,"column":null}},"type":"cond-expr","locations":[{"start":{"line":42,"column":45},"end":{"line":42,"column":79}},{"start":{"line":42,"column":82},"end":{"line":42,"column":null}}],"line":42},"7":{"loc":{"start":{"line":95,"column":35},"end":{"line":95,"column":null}},"type":"cond-expr","locations":[{"start":{"line":95,"column":55},"end":{"line":95,"column":67}},{"start":{"line":95,"column":67},"end":{"line":95,"column":null}}],"line":95},"8":{"loc":{"start":{"line":112,"column":40},"end":{"line":114,"column":null}},"type":"cond-expr","locations":[{"start":{"line":113,"column":42},"end":{"line":113,"column":null}},{"start":{"line":114,"column":42},"end":{"line":114,"column":null}}],"line":112},"9":{"loc":{"start":{"line":164,"column":32},"end":{"line":166,"column":null}},"type":"cond-expr","locations":[{"start":{"line":165,"column":34},"end":{"line":165,"column":null}},{"start":{"line":166,"column":34},"end":{"line":166,"column":null}}],"line":164},"10":{"loc":{"start":{"line":170,"column":29},"end":{"line":173,"column":null}},"type":"cond-expr","locations":[{"start":{"line":171,"column":32},"end":{"line":171,"column":null}},{"start":{"line":173,"column":32},"end":{"line":173,"column":null}}],"line":170}},"s":{"0":2,"1":19,"2":19,"3":19,"4":19,"5":19,"6":19,"7":19,"8":19,"9":6,"10":6,"11":1,"12":19,"13":4,"14":4,"15":1,"16":1,"17":3,"18":1,"19":1,"20":2,"21":2,"22":2,"23":4,"24":1,"25":1,"26":4,"27":1,"28":2,"29":19,"30":8,"31":0,"32":152,"33":6,"34":1,"35":2},"f":{"0":19,"1":6,"2":6,"3":1,"4":4,"5":8,"6":0,"7":152,"8":6,"9":1,"10":2},"b":{"0":[19,1],"1":[1,5],"2":[1,3],"3":[1,2],"4":[2,0],"5":[0,2],"6":[1,1],"7":[0,19],"8":[17,135],"9":[2,17],"10":[2,17]},"meta":{"lastBranch":11,"lastFunction":11,"lastStatement":36,"seen":{"s:6:13:179:Infinity":0,"f:6:13:6:34":0,"s:7:24:7:52":1,"s:8:24:8:77":2,"b:8:51:8:74:8:74:8:77":0,"s:9:23:9:52":3,"s:10:26:10:58":4,"s:11:23:11:52":5,"s:12:25:12:59":6,"s:14:32:14:Infinity":7,"s:16:10:19:Infinity":8,"f:16:10:16:29":1,"s:17:8:19:Infinity":9,"f:17:8:17:22":2,"s:18:12:18:80":10,"b:18:34:18:62:18:65:18:80":1,"f:18:39:18:46":3,"s:18:51:18:62":11,"s:22:25:53:Infinity":12,"f:22:25:22:32":4,"s:23:8:23:Infinity":13,"b:24:8:26:Infinity:undefined:undefined:undefined:undefined":2,"s:24:8:26:Infinity":14,"s:25:12:25:Infinity":15,"s:26:12:26:Infinity":16,"b:28:8:30:Infinity:undefined:undefined:undefined:undefined":3,"s:28:8:30:Infinity":17,"s:29:12:29:Infinity":18,"s:30:12:30:Infinity":19,"s:33:8:33:Infinity":20,"s:34:8:53:Infinity":21,"s:35:28:45:Infinity":22,"b:36:29:36:52:36:52:36:Infinity":4,"b:39:50:39:62:39:62:39:Infinity":5,"b:42:45:42:79:42:82:42:Infinity":6,"s:46:12:46:Infinity":23,"s:47:12:47:Infinity":24,"s:48:12:48:Infinity":25,"s:49:12:49:Infinity":26,"s:51:12:51:Infinity":27,"s:53:12:53:Infinity":28,"s:57:4:179:Infinity":29,"f:59:190:59:199":5,"s:59:204:59:223":30,"f:81:28:81:38":6,"s:81:43:81:73":31,"b:95:55:95:67:95:67:95:Infinity":7,"f:106:49:106:53":7,"s:107:32:118:Infinity":32,"f:110:36:110:51":8,"s:110:51:110:72":33,"b:113:42:113:Infinity:114:42:114:Infinity":8,"f:132:32:132:42":9,"s:132:47:132:76":34,"f:146:28:146:38":10,"s:146:43:146:75":35,"b:165:34:165:Infinity:166:34:166:Infinity":9,"b:171:32:171:Infinity:173:32:173:Infinity":10}}}
,"/Users/loweryr/git/github/rhlowery/acs-ui/frontend/src/pages/ApproverDashboard.jsx": {"path":"/Users/loweryr/git/github/rhlowery/acs-ui/frontend/src/pages/ApproverDashboard.jsx","statementMap":{"0":{"start":{"line":14,"column":13},"end":{"line":242,"column":null}},"1":{"start":{"line":15,"column":21},"end":{"line":15,"column":48}},"2":{"start":{"line":16,"column":26},"end":{"line":16,"column":61}},"3":{"start":{"line":17,"column":18},"end":{"line":17,"column":44}},"4":{"start":{"line":18,"column":24},"end":{"line":18,"column":61}},"5":{"start":{"line":19,"column":31},"end":{"line":19,"column":71}},"6":{"start":{"line":20,"column":29},"end":{"line":20,"column":66}},"7":{"start":{"line":21,"column":28},"end":{"line":21,"column":62}},"8":{"start":{"line":23,"column":4},"end":{"line":25,"column":null}},"9":{"start":{"line":24,"column":8},"end":{"line":24,"column":null}},"10":{"start":{"line":27,"column":4},"end":{"line":43,"column":null}},"11":{"start":{"line":28,"column":21},"end":{"line":28,"column":null}},"12":{"start":{"line":29,"column":8},"end":{"line":40,"column":null}},"13":{"start":{"line":30,"column":12},"end":{"line":40,"column":null}},"14":{"start":{"line":31,"column":16},"end":{"line":39,"column":null}},"15":{"start":{"line":32,"column":34},"end":{"line":32,"column":77}},"16":{"start":{"line":32,"column":54},"end":{"line":32,"column":77}},"17":{"start":{"line":33,"column":20},"end":{"line":36,"column":null}},"18":{"start":{"line":34,"column":44},"end":{"line":34,"column":53}},"19":{"start":{"line":35,"column":24},"end":{"line":35,"column":null}},"20":{"start":{"line":36,"column":24},"end":{"line":36,"column":null}},"21":{"start":{"line":38,"column":20},"end":{"line":38,"column":null}},"22":{"start":{"line":42,"column":8},"end":{"line":42,"column":null}},"23":{"start":{"line":42,"column":21},"end":{"line":42,"column":36}},"24":{"start":{"line":45,"column":26},"end":{"line":50,"column":null}},"25":{"start":{"line":46,"column":8},"end":{"line":50,"column":null}},"26":{"start":{"line":47,"column":25},"end":{"line":47,"column":59}},"27":{"start":{"line":48,"column":12},"end":{"line":48,"column":null}},"28":{"start":{"line":50,"column":12},"end":{"line":50,"column":null}},"29":{"start":{"line":54,"column":26},"end":{"line":58,"column":null}},"30":{"start":{"line":55,"column":8},"end":{"line":58,"column":null}},"31":{"start":{"line":56,"column":12},"end":{"line":56,"column":null}},"32":{"start":{"line":57,"column":12},"end":{"line":57,"column":null}},"33":{"start":{"line":58,"column":24},"end":{"line":58,"column":null}},"34":{"start":{"line":61,"column":10},"end":{"line":63,"column":null}},"35":{"start":{"line":62,"column":8},"end":{"line":62,"column":null}},"36":{"start":{"line":63,"column":8},"end":{"line":63,"column":null}},"37":{"start":{"line":66,"column":32},"end":{"line":76,"column":null}},"38":{"start":{"line":67,"column":8},"end":{"line":69,"column":null}},"39":{"start":{"line":68,"column":12},"end":{"line":68,"column":null}},"40":{"start":{"line":69,"column":12},"end":{"line":69,"column":null}},"41":{"start":{"line":71,"column":8},"end":{"line":76,"column":null}},"42":{"start":{"line":72,"column":12},"end":{"line":72,"column":null}},"43":{"start":{"line":73,"column":12},"end":{"line":73,"column":null}},"44":{"start":{"line":74,"column":12},"end":{"line":74,"column":null}},"45":{"start":{"line":75,"column":12},"end":{"line":75,"column":null}},"46":{"start":{"line":76,"column":24},"end":{"line":76,"column":null}},"47":{"start":{"line":79,"column":29},"end":{"line":79,"column":119}},"48":{"start":{"line":79,"column":50},"end":{"line":79,"column":119}},"49":{"start":{"line":81,"column":4},"end":{"line":242,"column":null}},"50":{"start":{"line":95,"column":49},"end":{"line":95,"column":83}},"51":{"start":{"line":117,"column":20},"end":{"line":127,"column":null}},"52":{"start":{"line":119,"column":39},"end":{"line":119,"column":58}},"53":{"start":{"line":145,"column":32},"end":{"line":188,"column":null}},"54":{"start":{"line":160,"column":67},"end":{"line":160,"column":88}},"55":{"start":{"line":167,"column":67},"end":{"line":167,"column":92}},"56":{"start":{"line":208,"column":166},"end":{"line":208,"column":185}},"57":{"start":{"line":221,"column":49},"end":{"line":221,"column":83}},"58":{"start":{"line":229,"column":47},"end":{"line":229,"column":75}}},"fnMap":{"0":{"name":"(anonymous_0)","decl":{"start":{"line":14,"column":13},"end":{"line":14,"column":39}},"loc":{"start":{"line":14,"column":39},"end":{"line":242,"column":null}},"line":14},"1":{"name":"(anonymous_1)","decl":{"start":{"line":23,"column":4},"end":{"line":23,"column":20}},"loc":{"start":{"line":23,"column":20},"end":{"line":25,"column":9}},"line":23},"2":{"name":"(anonymous_2)","decl":{"start":{"line":27,"column":4},"end":{"line":27,"column":20}},"loc":{"start":{"line":27,"column":20},"end":{"line":43,"column":8}},"line":27},"3":{"name":"(anonymous_3)","decl":{"start":{"line":30,"column":36},"end":{"line":30,"column":52}},"loc":{"start":{"line":30,"column":67},"end":{"line":40,"column":null}},"line":30},"4":{"name":"(anonymous_4)","decl":{"start":{"line":31,"column":16},"end":{"line":31,"column":28}},"loc":{"start":{"line":31,"column":36},"end":{"line":39,"column":null}},"line":31},"5":{"name":"(anonymous_5)","decl":{"start":{"line":32,"column":39},"end":{"line":32,"column":49}},"loc":{"start":{"line":32,"column":54},"end":{"line":32,"column":77}},"line":32},"6":{"name":"(anonymous_6)","decl":{"start":{"line":42,"column":8},"end":{"line":42,"column":21}},"loc":{"start":{"line":42,"column":21},"end":{"line":42,"column":36}},"line":42},"7":{"name":"(anonymous_7)","decl":{"start":{"line":45,"column":26},"end":{"line":45,"column":38}},"loc":{"start":{"line":45,"column":38},"end":{"line":50,"column":null}},"line":45},"8":{"name":"(anonymous_8)","decl":{"start":{"line":54,"column":26},"end":{"line":54,"column":33}},"loc":{"start":{"line":54,"column":40},"end":{"line":58,"column":null}},"line":54},"9":{"name":"(anonymous_9)","decl":{"start":{"line":61,"column":10},"end":{"line":61,"column":31}},"loc":{"start":{"line":61,"column":38},"end":{"line":63,"column":null}},"line":61},"10":{"name":"(anonymous_10)","decl":{"start":{"line":66,"column":32},"end":{"line":66,"column":44}},"loc":{"start":{"line":66,"column":44},"end":{"line":76,"column":null}},"line":66},"11":{"name":"(anonymous_11)","decl":{"start":{"line":79,"column":38},"end":{"line":79,"column":45}},"loc":{"start":{"line":79,"column":50},"end":{"line":79,"column":119}},"line":79},"12":{"name":"(anonymous_12)","decl":{"start":{"line":95,"column":32},"end":{"line":95,"column":43}},"loc":{"start":{"line":95,"column":49},"end":{"line":95,"column":83}},"line":95},"13":{"name":"(anonymous_13)","decl":{"start":{"line":116,"column":53},"end":{"line":116,"column":57}},"loc":{"start":{"line":117,"column":20},"end":{"line":127,"column":null}},"line":117},"14":{"name":"(anonymous_14)","decl":{"start":{"line":119,"column":24},"end":{"line":119,"column":39}},"loc":{"start":{"line":119,"column":39},"end":{"line":119,"column":58}},"line":119},"15":{"name":"(anonymous_15)","decl":{"start":{"line":144,"column":46},"end":{"line":144,"column":50}},"loc":{"start":{"line":145,"column":32},"end":{"line":188,"column":null}},"line":145},"16":{"name":"(anonymous_16)","decl":{"start":{"line":160,"column":52},"end":{"line":160,"column":67}},"loc":{"start":{"line":160,"column":67},"end":{"line":160,"column":88}},"line":160},"17":{"name":"(anonymous_17)","decl":{"start":{"line":167,"column":52},"end":{"line":167,"column":67}},"loc":{"start":{"line":167,"column":67},"end":{"line":167,"column":92}},"line":167},"18":{"name":"(anonymous_18)","decl":{"start":{"line":208,"column":152},"end":{"line":208,"column":161}},"loc":{"start":{"line":208,"column":166},"end":{"line":208,"column":185}},"line":208},"19":{"name":"(anonymous_19)","decl":{"start":{"line":221,"column":32},"end":{"line":221,"column":43}},"loc":{"start":{"line":221,"column":49},"end":{"line":221,"column":83}},"line":221},"20":{"name":"(anonymous_20)","decl":{"start":{"line":229,"column":32},"end":{"line":229,"column":47}},"loc":{"start":{"line":229,"column":47},"end":{"line":229,"column":75}},"line":229}},"branchMap":{"0":{"loc":{"start":{"line":29,"column":8},"end":{"line":40,"column":null}},"type":"if","locations":[{"start":{"line":29,"column":8},"end":{"line":40,"column":null}},{"start":{},"end":{}}],"line":29},"1":{"loc":{"start":{"line":33,"column":20},"end":{"line":36,"column":null}},"type":"if","locations":[{"start":{"line":33,"column":20},"end":{"line":36,"column":null}},{"start":{},"end":{}}],"line":33},"2":{"loc":{"start":{"line":67,"column":8},"end":{"line":69,"column":null}},"type":"if","locations":[{"start":{"line":67,"column":8},"end":{"line":69,"column":null}},{"start":{},"end":{}}],"line":67},"3":{"loc":{"start":{"line":79,"column":50},"end":{"line":79,"column":119}},"type":"binary-expr","locations":[{"start":{"line":79,"column":50},"end":{"line":79,"column":79}},{"start":{"line":79,"column":79},"end":{"line":79,"column":108}},{"start":{"line":79,"column":108},"end":{"line":79,"column":119}}],"line":79},"4":{"loc":{"start":{"line":100,"column":26},"end":{"line":100,"column":null}},"type":"binary-expr","locations":[{"start":{"line":100,"column":26},"end":{"line":100,"column":43}},{"start":{"line":100,"column":43},"end":{"line":100,"column":null}}],"line":100},"5":{"loc":{"start":{"line":108,"column":13},"end":{"line":111,"column":null}},"type":"binary-expr","locations":[{"start":{"line":108,"column":13},"end":{"line":108,"column":null}},{"start":{"line":109,"column":16},"end":{"line":111,"column":null}}],"line":108},"6":{"loc":{"start":{"line":121,"column":28},"end":{"line":123,"column":null}},"type":"cond-expr","locations":[{"start":{"line":122,"column":30},"end":{"line":122,"column":null}},{"start":{"line":123,"column":30},"end":{"line":123,"column":null}}],"line":121},"7":{"loc":{"start":{"line":157,"column":41},"end":{"line":185,"column":null}},"type":"cond-expr","locations":[{"start":{"line":158,"column":44},"end":{"line":175,"column":45}},{"start":{"line":175,"column":44},"end":{"line":185,"column":null}}],"line":157},"8":{"loc":{"start":{"line":176,"column":49},"end":{"line":182,"column":null}},"type":"cond-expr","locations":[{"start":{"line":177,"column":52},"end":{"line":181,"column":53}},{"start":{"line":181,"column":52},"end":{"line":182,"column":null}}],"line":176},"9":{"loc":{"start":{"line":190,"column":29},"end":{"line":200,"column":null}},"type":"binary-expr","locations":[{"start":{"line":190,"column":29},"end":{"line":190,"column":null}},{"start":{"line":191,"column":32},"end":{"line":200,"column":null}}],"line":190},"10":{"loc":{"start":{"line":206,"column":13},"end":{"line":242,"column":null}},"type":"binary-expr","locations":[{"start":{"line":206,"column":13},"end":{"line":206,"column":null}},{"start":{"line":207,"column":16},"end":{"line":242,"column":null}}],"line":206}},"s":{"0":1,"1":42,"2":42,"3":42,"4":42,"5":42,"6":42,"7":42,"8":42,"9":12,"10":42,"11":15,"12":15,"13":3,"14":2,"15":2,"16":3,"17":2,"18":1,"19":1,"20":1,"21":1,"22":15,"23":15,"24":42,"25":14,"26":14,"27":13,"28":1,"29":42,"30":2,"31":2,"32":1,"33":1,"34":42,"35":4,"36":4,"37":42,"38":3,"39":1,"40":1,"41":2,"42":2,"43":1,"44":1,"45":1,"46":1,"47":42,"48":55,"49":42,"50":3,"51":123,"52":2,"53":29,"54":2,"55":4,"56":4,"57":2,"58":1},"f":{"0":42,"1":12,"2":15,"3":2,"4":2,"5":3,"6":15,"7":14,"8":2,"9":4,"10":3,"11":55,"12":3,"13":123,"14":2,"15":29,"16":2,"17":4,"18":4,"19":2,"20":1},"b":{"0":[3,12],"1":[1,1],"2":[1,2],"3":[55,26,24],"4":[42,7],"5":[42,1],"6":[41,82],"7":[25,4],"8":[4,0],"9":[42,14],"10":[42,6]},"meta":{"lastBranch":11,"lastFunction":21,"lastStatement":59,"seen":{"s:14:13:242:Infinity":0,"f:14:13:14:39":0,"s:15:21:15:48":1,"s:16:26:16:61":2,"s:17:18:17:44":3,"s:18:24:18:61":4,"s:19:31:19:71":5,"s:20:29:20:66":6,"s:21:28:21:62":7,"s:23:4:25:Infinity":8,"f:23:4:23:20":1,"s:24:8:24:Infinity":9,"s:27:4:43:Infinity":10,"f:27:4:27:20":2,"s:28:21:28:Infinity":11,"b:29:8:40:Infinity:undefined:undefined:undefined:undefined":0,"s:29:8:40:Infinity":12,"s:30:12:40:Infinity":13,"f:30:36:30:52":3,"s:31:16:39:Infinity":14,"f:31:16:31:28":4,"s:32:34:32:77":15,"f:32:39:32:49":5,"s:32:54:32:77":16,"b:33:20:36:Infinity:undefined:undefined:undefined:undefined":1,"s:33:20:36:Infinity":17,"s:34:44:34:53":18,"s:35:24:35:Infinity":19,"s:36:24:36:Infinity":20,"s:38:20:38:Infinity":21,"s:42:8:42:Infinity":22,"f:42:8:42:21":6,"s:42:21:42:36":23,"s:45:26:50:Infinity":24,"f:45:26:45:38":7,"s:46:8:50:Infinity":25,"s:47:25:47:59":26,"s:48:12:48:Infinity":27,"s:50:12:50:Infinity":28,"s:54:26:58:Infinity":29,"f:54:26:54:33":8,"s:55:8:58:Infinity":30,"s:56:12:56:Infinity":31,"s:57:12:57:Infinity":32,"s:58:24:58:Infinity":33,"s:61:10:63:Infinity":34,"f:61:10:61:31":9,"s:62:8:62:Infinity":35,"s:63:8:63:Infinity":36,"s:66:32:76:Infinity":37,"f:66:32:66:44":10,"b:67:8:69:Infinity:undefined:undefined:undefined:undefined":2,"s:67:8:69:Infinity":38,"s:68:12:68:Infinity":39,"s:69:12:69:Infinity":40,"s:71:8:76:Infinity":41,"s:72:12:72:Infinity":42,"s:73:12:73:Infinity":43,"s:74:12:74:Infinity":44,"s:75:12:75:Infinity":45,"s:76:24:76:Infinity":46,"s:79:29:79:119":47,"f:79:38:79:45":11,"s:79:50:79:119":48,"b:79:50:79:79:79:79:79:108:79:108:79:119":3,"s:81:4:242:Infinity":49,"f:95:32:95:43":12,"s:95:49:95:83":50,"b:100:26:100:43:100:43:100:Infinity":4,"b:108:13:108:Infinity:109:16:111:Infinity":5,"f:116:53:116:57":13,"s:117:20:127:Infinity":51,"f:119:24:119:39":14,"s:119:39:119:58":52,"b:122:30:122:Infinity:123:30:123:Infinity":6,"f:144:46:144:50":15,"s:145:32:188:Infinity":53,"b:158:44:175:45:175:44:185:Infinity":7,"f:160:52:160:67":16,"s:160:67:160:88":54,"f:167:52:167:67":17,"s:167:67:167:92":55,"b:177:52:181:53:181:52:182:Infinity":8,"b:190:29:190:Infinity:191:32:200:Infinity":9,"b:206:13:206:Infinity:207:16:242:Infinity":10,"f:208:152:208:161":18,"s:208:166:208:185":56,"f:221:32:221:43":19,"s:221:49:221:83":57,"f:229:32:229:47":20,"s:229:47:229:75":58}}}
,"/Users/loweryr/git/github/rhlowery/acs-ui/frontend/src/pages/CatalogPage.jsx": {"path":"/Users/loweryr/git/github/rhlowery/acs-ui/frontend/src/pages/CatalogPage.jsx","statementMap":{"0":{"start":{"line":6,"column":6},"end":{"line":18,"column":null}},"1":{"start":{"line":7,"column":16},"end":{"line":7,"column":51}},"2":{"start":{"line":7,"column":48},"end":{"line":7,"column":50}},"3":{"start":{"line":8,"column":2},"end":{"line":18,"column":null}},"4":{"start":{"line":11,"column":8},"end":{"line":16,"column":null}},"5":{"start":{"line":22,"column":13},"end":{"line":171,"column":null}},"6":{"start":{"line":23,"column":23},"end":{"line":23,"column":56}},"7":{"start":{"line":24,"column":25},"end":{"line":24,"column":58}},"8":{"start":{"line":25,"column":26},"end":{"line":25,"column":63}},"9":{"start":{"line":27,"column":8},"end":{"line":33,"column":null}},"10":{"start":{"line":28,"column":4},"end":{"line":28,"column":null}},"11":{"start":{"line":29,"column":20},"end":{"line":29,"column":55}},"12":{"start":{"line":29,"column":53},"end":{"line":29,"column":55}},"13":{"start":{"line":30,"column":4},"end":{"line":33,"column":null}},"14":{"start":{"line":31,"column":6},"end":{"line":31,"column":null}},"15":{"start":{"line":33,"column":6},"end":{"line":33,"column":null}},"16":{"start":{"line":37,"column":8},"end":{"line":38,"column":null}},"17":{"start":{"line":38,"column":4},"end":{"line":38,"column":null}},"18":{"start":{"line":41,"column":2},"end":{"line":171,"column":null}},"19":{"start":{"line":72,"column":120},"end":{"line":72,"column":144}},"20":{"start":{"line":167,"column":27},"end":{"line":167,"column":52}}},"fnMap":{"0":{"name":"(anonymous_0)","decl":{"start":{"line":6,"column":6},"end":{"line":6,"column":21}},"loc":{"start":{"line":6,"column":34},"end":{"line":18,"column":null}},"line":6},"1":{"name":"(anonymous_1)","decl":{"start":{"line":7,"column":36},"end":{"line":7,"column":43}},"loc":{"start":{"line":7,"column":48},"end":{"line":7,"column":50}},"line":7},"2":{"name":"(anonymous_2)","decl":{"start":{"line":10,"column":13},"end":{"line":10,"column":18}},"loc":{"start":{"line":11,"column":8},"end":{"line":16,"column":null}},"line":11},"3":{"name":"(anonymous_3)","decl":{"start":{"line":22,"column":13},"end":{"line":22,"column":33}},"loc":{"start":{"line":22,"column":33},"end":{"line":171,"column":null}},"line":22},"4":{"name":"(anonymous_4)","decl":{"start":{"line":27,"column":8},"end":{"line":27,"column":24}},"loc":{"start":{"line":27,"column":33},"end":{"line":33,"column":null}},"line":27},"5":{"name":"(anonymous_5)","decl":{"start":{"line":29,"column":41},"end":{"line":29,"column":48}},"loc":{"start":{"line":29,"column":53},"end":{"line":29,"column":55}},"line":29},"6":{"name":"(anonymous_6)","decl":{"start":{"line":37,"column":8},"end":{"line":37,"column":28}},"loc":{"start":{"line":37,"column":40},"end":{"line":38,"column":null}},"line":37},"7":{"name":"(anonymous_7)","decl":{"start":{"line":72,"column":105},"end":{"line":72,"column":120}},"loc":{"start":{"line":72,"column":120},"end":{"line":72,"column":144}},"line":72},"8":{"name":"(anonymous_8)","decl":{"start":{"line":167,"column":12},"end":{"line":167,"column":27}},"loc":{"start":{"line":167,"column":27},"end":{"line":167,"column":52}},"line":167},"9":{"name":"(anonymous_9)","decl":{"start":{"line":168,"column":12},"end":{"line":168,"column":29}},"loc":{"start":{"line":168,"column":29},"end":{"line":168,"column":null}},"line":168}},"branchMap":{"0":{"loc":{"start":{"line":12,"column":42},"end":{"line":12,"column":null}},"type":"cond-expr","locations":[{"start":{"line":12,"column":71},"end":{"line":12,"column":94}},{"start":{"line":12,"column":94},"end":{"line":12,"column":null}}],"line":12},"1":{"loc":{"start":{"line":15,"column":11},"end":{"line":16,"column":null}},"type":"binary-expr","locations":[{"start":{"line":15,"column":11},"end":{"line":15,"column":39}},{"start":{"line":15,"column":39},"end":{"line":16,"column":null}}],"line":15},"2":{"loc":{"start":{"line":30,"column":4},"end":{"line":33,"column":null}},"type":"if","locations":[{"start":{"line":30,"column":4},"end":{"line":33,"column":null}},{"start":{"line":32,"column":11},"end":{"line":33,"column":null}}],"line":30},"3":{"loc":{"start":{"line":56,"column":9},"end":{"line":159,"column":null}},"type":"cond-expr","locations":[{"start":{"line":57,"column":10},"end":{"line":151,"column":11}},{"start":{"line":151,"column":10},"end":{"line":159,"column":null}}],"line":56},"4":{"loc":{"start":{"line":67,"column":98},"end":{"line":67,"column":130}},"type":"binary-expr","locations":[{"start":{"line":67,"column":98},"end":{"line":67,"column":119}},{"start":{"line":67,"column":119},"end":{"line":67,"column":130}}],"line":67},"5":{"loc":{"start":{"line":86,"column":19},"end":{"line":89,"column":null}},"type":"cond-expr","locations":[{"start":{"line":87,"column":20},"end":{"line":89,"column":21}},{"start":{"line":89,"column":20},"end":{"line":89,"column":null}}],"line":86},"6":{"loc":{"start":{"line":93,"column":19},"end":{"line":96,"column":null}},"type":"cond-expr","locations":[{"start":{"line":94,"column":20},"end":{"line":94,"column":null}},{"start":{"line":96,"column":20},"end":{"line":96,"column":null}}],"line":93},"7":{"loc":{"start":{"line":118,"column":13},"end":{"line":146,"column":null}},"type":"binary-expr","locations":[{"start":{"line":118,"column":13},"end":{"line":118,"column":null}},{"start":{"line":119,"column":14},"end":{"line":146,"column":null}}],"line":118},"8":{"loc":{"start":{"line":164,"column":9},"end":{"line":171,"column":null}},"type":"binary-expr","locations":[{"start":{"line":164,"column":9},"end":{"line":164,"column":28}},{"start":{"line":164,"column":28},"end":{"line":164,"column":null}},{"start":{"line":165,"column":10},"end":{"line":171,"column":null}}],"line":164}},"s":{"0":1,"1":10,"2":13,"3":10,"4":23,"5":1,"6":10,"7":10,"8":10,"9":10,"10":4,"11":4,"12":8,"13":4,"14":3,"15":1,"16":10,"17":1,"18":10,"19":1,"20":0},"f":{"0":10,"1":13,"2":23,"3":10,"4":4,"5":8,"6":1,"7":1,"8":0,"9":0},"b":{"0":[10,13],"1":[23,13],"2":[3,1],"3":[5,5],"4":[5,0],"5":[1,4],"6":[1,4],"7":[5,4],"8":[10,1,1]},"meta":{"lastBranch":9,"lastFunction":10,"lastStatement":21,"seen":{"s:6:6:18:Infinity":0,"f:6:6:6:21":0,"s:7:16:7:51":1,"f:7:36:7:43":1,"s:7:48:7:50":2,"s:8:2:18:Infinity":3,"f:10:13:10:18":2,"s:11:8:16:Infinity":4,"b:12:71:12:94:12:94:12:Infinity":0,"b:15:11:15:39:15:39:16:Infinity":1,"s:22:13:171:Infinity":5,"f:22:13:22:33":3,"s:23:23:23:56":6,"s:24:25:24:58":7,"s:25:26:25:63":8,"s:27:8:33:Infinity":9,"f:27:8:27:24":4,"s:28:4:28:Infinity":10,"s:29:20:29:55":11,"f:29:41:29:48":5,"s:29:53:29:55":12,"b:30:4:33:Infinity:32:11:33:Infinity":2,"s:30:4:33:Infinity":13,"s:31:6:31:Infinity":14,"s:33:6:33:Infinity":15,"s:37:8:38:Infinity":16,"f:37:8:37:28":6,"s:38:4:38:Infinity":17,"s:41:2:171:Infinity":18,"b:57:10:151:11:151:10:159:Infinity":3,"b:67:98:67:119:67:119:67:130":4,"f:72:105:72:120":7,"s:72:120:72:144":19,"b:87:20:89:21:89:20:89:Infinity":5,"b:94:20:94:Infinity:96:20:96:Infinity":6,"b:118:13:118:Infinity:119:14:146:Infinity":7,"b:164:9:164:28:164:28:164:Infinity:165:10:171:Infinity":8,"f:167:12:167:27":8,"s:167:27:167:52":20,"f:168:12:168:29":9}}}
,"/Users/loweryr/git/github/rhlowery/acs-ui/frontend/src/pages/ReviewerDashboard.jsx": {"path":"/Users/loweryr/git/github/rhlowery/acs-ui/frontend/src/pages/ReviewerDashboard.jsx","statementMap":{"0":{"start":{"line":18,"column":13},"end":{"line":224,"column":null}},"1":{"start":{"line":19,"column":22},"end":{"line":19,"column":50}},"2":{"start":{"line":20,"column":21},"end":{"line":20,"column":48}},"3":{"start":{"line":21,"column":26},"end":{"line":21,"column":61}},"4":{"start":{"line":22,"column":24},"end":{"line":22,"column":63}},"5":{"start":{"line":23,"column":22},"end":{"line":23,"column":53}},"6":{"start":{"line":25,"column":4},"end":{"line":28,"column":null}},"7":{"start":{"line":26,"column":8},"end":{"line":26,"column":null}},"8":{"start":{"line":26,"column":41},"end":{"line":26,"column":null}},"9":{"start":{"line":27,"column":8},"end":{"line":27,"column":null}},"10":{"start":{"line":27,"column":40},"end":{"line":27,"column":null}},"11":{"start":{"line":30,"column":4},"end":{"line":52,"column":null}},"12":{"start":{"line":31,"column":21},"end":{"line":31,"column":null}},"13":{"start":{"line":32,"column":8},"end":{"line":48,"column":null}},"14":{"start":{"line":33,"column":12},"end":{"line":48,"column":null}},"15":{"start":{"line":34,"column":16},"end":{"line":36,"column":null}},"16":{"start":{"line":35,"column":20},"end":{"line":35,"column":null}},"17":{"start":{"line":35,"column":41},"end":{"line":35,"column":58}},"18":{"start":{"line":37,"column":23},"end":{"line":48,"column":null}},"19":{"start":{"line":38,"column":16},"end":{"line":48,"column":null}},"20":{"start":{"line":39,"column":20},"end":{"line":47,"column":null}},"21":{"start":{"line":40,"column":38},"end":{"line":40,"column":81}},"22":{"start":{"line":40,"column":58},"end":{"line":40,"column":81}},"23":{"start":{"line":41,"column":24},"end":{"line":44,"column":null}},"24":{"start":{"line":42,"column":48},"end":{"line":42,"column":57}},"25":{"start":{"line":43,"column":28},"end":{"line":43,"column":null}},"26":{"start":{"line":44,"column":28},"end":{"line":44,"column":null}},"27":{"start":{"line":46,"column":24},"end":{"line":46,"column":null}},"28":{"start":{"line":51,"column":8},"end":{"line":51,"column":null}},"29":{"start":{"line":51,"column":21},"end":{"line":51,"column":36}},"30":{"start":{"line":54,"column":27},"end":{"line":59,"column":null}},"31":{"start":{"line":55,"column":8},"end":{"line":55,"column":null}},"32":{"start":{"line":56,"column":8},"end":{"line":59,"column":null}},"33":{"start":{"line":57,"column":25},"end":{"line":57,"column":53}},"34":{"start":{"line":58,"column":12},"end":{"line":58,"column":null}},"35":{"start":{"line":59,"column":20},"end":{"line":59,"column":null}},"36":{"start":{"line":62,"column":26},"end":{"line":67,"column":null}},"37":{"start":{"line":63,"column":8},"end":{"line":63,"column":null}},"38":{"start":{"line":64,"column":8},"end":{"line":67,"column":null}},"39":{"start":{"line":65,"column":25},"end":{"line":65,"column":59}},"40":{"start":{"line":66,"column":12},"end":{"line":66,"column":null}},"41":{"start":{"line":67,"column":20},"end":{"line":67,"column":null}},"42":{"start":{"line":70,"column":25},"end":{"line":75,"column":null}},"43":{"start":{"line":71,"column":8},"end":{"line":75,"column":null}},"44":{"start":{"line":72,"column":12},"end":{"line":72,"column":null}},"45":{"start":{"line":73,"column":12},"end":{"line":73,"column":null}},"46":{"start":{"line":74,"column":12},"end":{"line":74,"column":null}},"47":{"start":{"line":75,"column":24},"end":{"line":75,"column":null}},"48":{"start":{"line":78,"column":4},"end":{"line":224,"column":null}},"49":{"start":{"line":92,"column":49},"end":{"line":92,"column":83}},"50":{"start":{"line":111,"column":20},"end":{"line":122,"column":null}},"51":{"start":{"line":113,"column":39},"end":{"line":113,"column":61}},"52":{"start":{"line":141,"column":36},"end":{"line":158,"column":null}},"53":{"start":{"line":186,"column":36},"end":{"line":201,"column":null}},"54":{"start":{"line":196,"column":71},"end":{"line":196,"column":91}}},"fnMap":{"0":{"name":"(anonymous_0)","decl":{"start":{"line":18,"column":13},"end":{"line":18,"column":39}},"loc":{"start":{"line":18,"column":39},"end":{"line":224,"column":null}},"line":18},"1":{"name":"(anonymous_1)","decl":{"start":{"line":25,"column":4},"end":{"line":25,"column":20}},"loc":{"start":{"line":25,"column":20},"end":{"line":28,"column":8}},"line":25},"2":{"name":"(anonymous_2)","decl":{"start":{"line":30,"column":4},"end":{"line":30,"column":20}},"loc":{"start":{"line":30,"column":20},"end":{"line":52,"column":8}},"line":30},"3":{"name":"(anonymous_3)","decl":{"start":{"line":34,"column":38},"end":{"line":34,"column":50}},"loc":{"start":{"line":34,"column":61},"end":{"line":36,"column":null}},"line":34},"4":{"name":"(anonymous_4)","decl":{"start":{"line":35,"column":20},"end":{"line":35,"column":33}},"loc":{"start":{"line":35,"column":41},"end":{"line":35,"column":58}},"line":35},"5":{"name":"(anonymous_5)","decl":{"start":{"line":38,"column":40},"end":{"line":38,"column":56}},"loc":{"start":{"line":38,"column":71},"end":{"line":48,"column":null}},"line":38},"6":{"name":"(anonymous_6)","decl":{"start":{"line":39,"column":20},"end":{"line":39,"column":32}},"loc":{"start":{"line":39,"column":40},"end":{"line":47,"column":null}},"line":39},"7":{"name":"(anonymous_7)","decl":{"start":{"line":40,"column":43},"end":{"line":40,"column":53}},"loc":{"start":{"line":40,"column":58},"end":{"line":40,"column":81}},"line":40},"8":{"name":"(anonymous_8)","decl":{"start":{"line":51,"column":8},"end":{"line":51,"column":21}},"loc":{"start":{"line":51,"column":21},"end":{"line":51,"column":36}},"line":51},"9":{"name":"(anonymous_9)","decl":{"start":{"line":54,"column":27},"end":{"line":54,"column":39}},"loc":{"start":{"line":54,"column":39},"end":{"line":59,"column":null}},"line":54},"10":{"name":"(anonymous_10)","decl":{"start":{"line":62,"column":26},"end":{"line":62,"column":38}},"loc":{"start":{"line":62,"column":38},"end":{"line":67,"column":null}},"line":62},"11":{"name":"(anonymous_11)","decl":{"start":{"line":70,"column":25},"end":{"line":70,"column":32}},"loc":{"start":{"line":70,"column":39},"end":{"line":75,"column":null}},"line":70},"12":{"name":"(anonymous_12)","decl":{"start":{"line":92,"column":32},"end":{"line":92,"column":43}},"loc":{"start":{"line":92,"column":49},"end":{"line":92,"column":83}},"line":92},"13":{"name":"(anonymous_13)","decl":{"start":{"line":110,"column":18},"end":{"line":110,"column":22}},"loc":{"start":{"line":111,"column":20},"end":{"line":122,"column":null}},"line":111},"14":{"name":"(anonymous_14)","decl":{"start":{"line":113,"column":24},"end":{"line":113,"column":39}},"loc":{"start":{"line":113,"column":39},"end":{"line":113,"column":61}},"line":113},"15":{"name":"(anonymous_15)","decl":{"start":{"line":140,"column":43},"end":{"line":140,"column":48}},"loc":{"start":{"line":141,"column":36},"end":{"line":158,"column":null}},"line":141},"16":{"name":"(anonymous_16)","decl":{"start":{"line":185,"column":42},"end":{"line":185,"column":46}},"loc":{"start":{"line":186,"column":36},"end":{"line":201,"column":null}},"line":186},"17":{"name":"(anonymous_17)","decl":{"start":{"line":196,"column":56},"end":{"line":196,"column":71}},"loc":{"start":{"line":196,"column":71},"end":{"line":196,"column":91}},"line":196}},"branchMap":{"0":{"loc":{"start":{"line":26,"column":8},"end":{"line":26,"column":null}},"type":"if","locations":[{"start":{"line":26,"column":8},"end":{"line":26,"column":null}},{"start":{},"end":{}}],"line":26},"1":{"loc":{"start":{"line":27,"column":8},"end":{"line":27,"column":null}},"type":"if","locations":[{"start":{"line":27,"column":8},"end":{"line":27,"column":null}},{"start":{},"end":{}}],"line":27},"2":{"loc":{"start":{"line":32,"column":8},"end":{"line":48,"column":null}},"type":"if","locations":[{"start":{"line":32,"column":8},"end":{"line":48,"column":null}},{"start":{},"end":{}}],"line":32},"3":{"loc":{"start":{"line":33,"column":12},"end":{"line":48,"column":null}},"type":"if","locations":[{"start":{"line":33,"column":12},"end":{"line":48,"column":null}},{"start":{"line":37,"column":23},"end":{"line":48,"column":null}}],"line":33},"4":{"loc":{"start":{"line":37,"column":23},"end":{"line":48,"column":null}},"type":"if","locations":[{"start":{"line":37,"column":23},"end":{"line":48,"column":null}},{"start":{},"end":{}}],"line":37},"5":{"loc":{"start":{"line":41,"column":24},"end":{"line":44,"column":null}},"type":"if","locations":[{"start":{"line":41,"column":24},"end":{"line":44,"column":null}},{"start":{},"end":{}}],"line":41},"6":{"loc":{"start":{"line":58,"column":25},"end":{"line":58,"column":56}},"type":"cond-expr","locations":[{"start":{"line":58,"column":47},"end":{"line":58,"column":54}},{"start":{"line":58,"column":54},"end":{"line":58,"column":56}}],"line":58},"7":{"loc":{"start":{"line":97,"column":26},"end":{"line":97,"column":null}},"type":"binary-expr","locations":[{"start":{"line":97,"column":26},"end":{"line":97,"column":43}},{"start":{"line":97,"column":43},"end":{"line":97,"column":null}}],"line":97},"8":{"loc":{"start":{"line":99,"column":86},"end":{"line":99,"column":null}},"type":"cond-expr","locations":[{"start":{"line":99,"column":116},"end":{"line":99,"column":133}},{"start":{"line":99,"column":133},"end":{"line":99,"column":null}}],"line":99},"9":{"loc":{"start":{"line":115,"column":28},"end":{"line":117,"column":null}},"type":"cond-expr","locations":[{"start":{"line":116,"column":30},"end":{"line":116,"column":null}},{"start":{"line":117,"column":30},"end":{"line":117,"column":null}}],"line":115},"10":{"loc":{"start":{"line":120,"column":55},"end":{"line":120,"column":112}},"type":"cond-expr","locations":[{"start":{"line":120,"column":80},"end":{"line":120,"column":106}},{"start":{"line":120,"column":106},"end":{"line":120,"column":112}}],"line":120},"11":{"loc":{"start":{"line":128,"column":21},"end":{"line":168,"column":null}},"type":"binary-expr","locations":[{"start":{"line":128,"column":21},"end":{"line":128,"column":null}},{"start":{"line":129,"column":24},"end":{"line":168,"column":null}}],"line":128},"12":{"loc":{"start":{"line":152,"column":49},"end":{"line":154,"column":null}},"type":"cond-expr","locations":[{"start":{"line":153,"column":52},"end":{"line":154,"column":53}},{"start":{"line":154,"column":52},"end":{"line":154,"column":null}}],"line":152},"13":{"loc":{"start":{"line":141,"column":45},"end":{"line":141,"column":60}},"type":"binary-expr","locations":[{"start":{"line":141,"column":45},"end":{"line":141,"column":55}},{"start":{"line":141,"column":55},"end":{"line":141,"column":60}}],"line":141},"14":{"loc":{"start":{"line":160,"column":33},"end":{"line":168,"column":null}},"type":"binary-expr","locations":[{"start":{"line":160,"column":33},"end":{"line":160,"column":59}},{"start":{"line":160,"column":59},"end":{"line":160,"column":null}},{"start":{"line":161,"column":36},"end":{"line":168,"column":null}}],"line":160},"15":{"loc":{"start":{"line":174,"column":21},"end":{"line":203,"column":null}},"type":"binary-expr","locations":[{"start":{"line":174,"column":21},"end":{"line":174,"column":null}},{"start":{"line":175,"column":24},"end":{"line":203,"column":null}}],"line":174},"16":{"loc":{"start":{"line":189,"column":92},"end":{"line":189,"column":null}},"type":"cond-expr","locations":[{"start":{"line":189,"column":120},"end":{"line":189,"column":137}},{"start":{"line":189,"column":137},"end":{"line":189,"column":null}}],"line":189},"17":{"loc":{"start":{"line":207,"column":21},"end":{"line":218,"column":null}},"type":"binary-expr","locations":[{"start":{"line":207,"column":21},"end":{"line":207,"column":null}},{"start":{"line":208,"column":24},"end":{"line":218,"column":null}}],"line":207}},"s":{"0":1,"1":43,"2":43,"3":43,"4":43,"5":43,"6":43,"7":13,"8":8,"9":13,"10":4,"11":43,"12":17,"13":17,"14":4,"15":2,"16":1,"17":1,"18":2,"19":2,"20":2,"21":2,"22":2,"23":2,"24":1,"25":1,"26":1,"27":1,"28":17,"29":17,"30":43,"31":8,"32":8,"33":8,"34":8,"35":8,"36":43,"37":5,"38":5,"39":5,"40":5,"41":5,"42":43,"43":2,"44":2,"45":1,"46":1,"47":1,"48":43,"49":4,"50":126,"51":5,"52":5,"53":11,"54":2},"f":{"0":43,"1":13,"2":17,"3":1,"4":1,"5":2,"6":2,"7":2,"8":17,"9":8,"10":5,"11":2,"12":4,"13":126,"14":5,"15":5,"16":11,"17":2},"b":{"0":[8,5],"1":[4,9],"2":[4,13],"3":[2,2],"4":[2,0],"5":[1,1],"6":[8,0],"7":[43,9],"8":[22,20],"9":[42,84],"10":[42,84],"11":[43,22],"12":[5,0],"13":[5,0],"14":[22,18,8],"15":[43,18],"16":[9,2],"17":[43,2]},"meta":{"lastBranch":18,"lastFunction":18,"lastStatement":55,"seen":{"s:18:13:224:Infinity":0,"f:18:13:18:39":0,"s:19:22:19:50":1,"s:20:21:20:48":2,"s:21:26:21:61":3,"s:22:24:22:63":4,"s:23:22:23:53":5,"s:25:4:28:Infinity":6,"f:25:4:25:20":1,"b:26:8:26:Infinity:undefined:undefined:undefined:undefined":0,"s:26:8:26:Infinity":7,"s:26:41:26:Infinity":8,"b:27:8:27:Infinity:undefined:undefined:undefined:undefined":1,"s:27:8:27:Infinity":9,"s:27:40:27:Infinity":10,"s:30:4:52:Infinity":11,"f:30:4:30:20":2,"s:31:21:31:Infinity":12,"b:32:8:48:Infinity:undefined:undefined:undefined:undefined":2,"s:32:8:48:Infinity":13,"b:33:12:48:Infinity:37:23:48:Infinity":3,"s:33:12:48:Infinity":14,"s:34:16:36:Infinity":15,"f:34:38:34:50":3,"s:35:20:35:Infinity":16,"f:35:20:35:33":4,"s:35:41:35:58":17,"b:37:23:48:Infinity:undefined:undefined:undefined:undefined":4,"s:37:23:48:Infinity":18,"s:38:16:48:Infinity":19,"f:38:40:38:56":5,"s:39:20:47:Infinity":20,"f:39:20:39:32":6,"s:40:38:40:81":21,"f:40:43:40:53":7,"s:40:58:40:81":22,"b:41:24:44:Infinity:undefined:undefined:undefined:undefined":5,"s:41:24:44:Infinity":23,"s:42:48:42:57":24,"s:43:28:43:Infinity":25,"s:44:28:44:Infinity":26,"s:46:24:46:Infinity":27,"s:51:8:51:Infinity":28,"f:51:8:51:21":8,"s:51:21:51:36":29,"s:54:27:59:Infinity":30,"f:54:27:54:39":9,"s:55:8:55:Infinity":31,"s:56:8:59:Infinity":32,"s:57:25:57:53":33,"s:58:12:58:Infinity":34,"b:58:47:58:54:58:54:58:56":6,"s:59:20:59:Infinity":35,"s:62:26:67:Infinity":36,"f:62:26:62:38":10,"s:63:8:63:Infinity":37,"s:64:8:67:Infinity":38,"s:65:25:65:59":39,"s:66:12:66:Infinity":40,"s:67:20:67:Infinity":41,"s:70:25:75:Infinity":42,"f:70:25:70:32":11,"s:71:8:75:Infinity":43,"s:72:12:72:Infinity":44,"s:73:12:73:Infinity":45,"s:74:12:74:Infinity":46,"s:75:24:75:Infinity":47,"s:78:4:224:Infinity":48,"f:92:32:92:43":12,"s:92:49:92:83":49,"b:97:26:97:43:97:43:97:Infinity":7,"b:99:116:99:133:99:133:99:Infinity":8,"f:110:18:110:22":13,"s:111:20:122:Infinity":50,"f:113:24:113:39":14,"s:113:39:113:61":51,"b:116:30:116:Infinity:117:30:117:Infinity":9,"b:120:80:120:106:120:106:120:112":10,"b:128:21:128:Infinity:129:24:168:Infinity":11,"f:140:43:140:48":15,"s:141:36:158:Infinity":52,"b:153:52:154:53:154:52:154:Infinity":12,"b:141:45:141:55:141:55:141:60":13,"b:160:33:160:59:160:59:160:Infinity:161:36:168:Infinity":14,"b:174:21:174:Infinity:175:24:203:Infinity":15,"f:185:42:185:46":16,"s:186:36:201:Infinity":53,"b:189:120:189:137:189:137:189:Infinity":16,"f:196:56:196:71":17,"s:196:71:196:91":54,"b:207:21:207:Infinity:208:24:218:Infinity":17}}}
,"/Users/loweryr/git/github/rhlowery/acs-ui/frontend/src/pages/SettingsPage.jsx": {"path":"/Users/loweryr/git/github/rhlowery/acs-ui/frontend/src/pages/SettingsPage.jsx","statementMap":{"0":{"start":{"line":15,"column":13},"end":{"line":134,"column":null}},"1":{"start":{"line":16,"column":24},"end":{"line":16,"column":53}},"2":{"start":{"line":17,"column":26},"end":{"line":17,"column":60}},"3":{"start":{"line":18,"column":26},"end":{"line":18,"column":60}},"4":{"start":{"line":20,"column":10},"end":{"line":21,"column":null}},"5":{"start":{"line":21,"column":8},"end":{"line":21,"column":null}},"6":{"start":{"line":24,"column":4},"end":{"line":134,"column":null}},"7":{"start":{"line":88,"column":53},"end":{"line":88,"column":null}},"8":{"start":{"line":104,"column":53},"end":{"line":104,"column":null}}},"fnMap":{"0":{"name":"(anonymous_0)","decl":{"start":{"line":15,"column":13},"end":{"line":15,"column":34}},"loc":{"start":{"line":15,"column":34},"end":{"line":134,"column":null}},"line":15},"1":{"name":"(anonymous_1)","decl":{"start":{"line":20,"column":10},"end":{"line":20,"column":29}},"loc":{"start":{"line":20,"column":29},"end":{"line":21,"column":null}},"line":20},"2":{"name":"(anonymous_2)","decl":{"start":{"line":88,"column":36},"end":{"line":88,"column":47}},"loc":{"start":{"line":88,"column":53},"end":{"line":88,"column":null}},"line":88},"3":{"name":"(anonymous_3)","decl":{"start":{"line":104,"column":36},"end":{"line":104,"column":47}},"loc":{"start":{"line":104,"column":53},"end":{"line":104,"column":null}},"line":104}},"branchMap":{"0":{"loc":{"start":{"line":73,"column":33},"end":{"line":74,"column":46}},"type":"cond-expr","locations":[{"start":{"line":73,"column":46},"end":{"line":73,"column":93}},{"start":{"line":73,"column":92},"end":{"line":74,"column":46}}],"line":73},"1":{"loc":{"start":{"line":74,"column":33},"end":{"line":74,"column":null}},"type":"cond-expr","locations":[{"start":{"line":74,"column":46},"end":{"line":74,"column":55}},{"start":{"line":74,"column":55},"end":{"line":74,"column":null}}],"line":74}},"s":{"0":1,"1":6,"2":6,"3":6,"4":6,"5":1,"6":6,"7":1,"8":1},"f":{"0":6,"1":1,"2":1,"3":1},"b":{"0":[6,0],"1":[6,0]},"meta":{"lastBranch":2,"lastFunction":4,"lastStatement":9,"seen":{"s:15:13:134:Infinity":0,"f:15:13:15:34":0,"s:16:24:16:53":1,"s:17:26:17:60":2,"s:18:26:18:60":3,"s:20:10:21:Infinity":4,"f:20:10:20:29":1,"s:21:8:21:Infinity":5,"s:24:4:134:Infinity":6,"b:73:46:73:93:73:92:74:46":0,"b:74:46:74:55:74:55:74:Infinity":1,"f:88:36:88:47":2,"s:88:53:88:Infinity":7,"f:104:36:104:47":3,"s:104:53:104:Infinity":8}}}
,"/Users/loweryr/git/github/rhlowery/acs-ui/frontend/src/pages/UserGroupManagement.jsx": {"path":"/Users/loweryr/git/github/rhlowery/acs-ui/frontend/src/pages/UserGroupManagement.jsx","statementMap":{"0":{"start":{"line":5,"column":13},"end":{"line":201,"column":null}},"1":{"start":{"line":6,"column":18},"end":{"line":6,"column":42}},"2":{"start":{"line":7,"column":19},"end":{"line":7,"column":44}},"3":{"start":{"line":8,"column":21},"end":{"line":8,"column":48}},"4":{"start":{"line":9,"column":22},"end":{"line":9,"column":52}},"5":{"start":{"line":10,"column":24},"end":{"line":10,"column":59}},"6":{"start":{"line":12,"column":22},"end":{"line":26,"column":null}},"7":{"start":{"line":13,"column":8},"end":{"line":13,"column":null}},"8":{"start":{"line":14,"column":8},"end":{"line":26,"column":null}},"9":{"start":{"line":15,"column":58},"end":{"line":19,"column":14}},"10":{"start":{"line":20,"column":12},"end":{"line":20,"column":null}},"11":{"start":{"line":21,"column":12},"end":{"line":21,"column":null}},"12":{"start":{"line":22,"column":12},"end":{"line":22,"column":null}},"13":{"start":{"line":24,"column":12},"end":{"line":24,"column":null}},"14":{"start":{"line":26,"column":12},"end":{"line":26,"column":null}},"15":{"start":{"line":30,"column":4},"end":{"line":32,"column":null}},"16":{"start":{"line":31,"column":8},"end":{"line":31,"column":null}},"17":{"start":{"line":34,"column":36},"end":{"line":40,"column":null}},"18":{"start":{"line":35,"column":8},"end":{"line":40,"column":null}},"19":{"start":{"line":36,"column":12},"end":{"line":36,"column":null}},"20":{"start":{"line":37,"column":12},"end":{"line":37,"column":null}},"21":{"start":{"line":38,"column":12},"end":{"line":38,"column":null}},"22":{"start":{"line":40,"column":12},"end":{"line":40,"column":null}},"23":{"start":{"line":44,"column":37},"end":{"line":50,"column":null}},"24":{"start":{"line":45,"column":8},"end":{"line":50,"column":null}},"25":{"start":{"line":46,"column":12},"end":{"line":46,"column":null}},"26":{"start":{"line":47,"column":12},"end":{"line":47,"column":null}},"27":{"start":{"line":48,"column":12},"end":{"line":48,"column":null}},"28":{"start":{"line":50,"column":12},"end":{"line":50,"column":null}},"29":{"start":{"line":54,"column":4},"end":{"line":201,"column":null}},"30":{"start":{"line":73,"column":20},"end":{"line":84,"column":null}},"31":{"start":{"line":75,"column":39},"end":{"line":75,"column":61}},"32":{"start":{"line":108,"column":40},"end":{"line":141,"column":null}},"33":{"start":{"line":114,"column":55},"end":{"line":114,"column":null}},"34":{"start":{"line":130,"column":60},"end":{"line":130,"column":null}},"35":{"start":{"line":130,"column":80},"end":{"line":130,"column":null}},"36":{"start":{"line":135,"column":72},"end":{"line":135,"column":null}},"37":{"start":{"line":136,"column":60},"end":{"line":136,"column":null}},"38":{"start":{"line":166,"column":40},"end":{"line":186,"column":null}},"39":{"start":{"line":175,"column":60},"end":{"line":175,"column":null}},"40":{"start":{"line":175,"column":80},"end":{"line":175,"column":null}},"41":{"start":{"line":180,"column":72},"end":{"line":180,"column":null}},"42":{"start":{"line":181,"column":60},"end":{"line":181,"column":null}}},"fnMap":{"0":{"name":"(anonymous_0)","decl":{"start":{"line":5,"column":13},"end":{"line":5,"column":41}},"loc":{"start":{"line":5,"column":41},"end":{"line":201,"column":null}},"line":5},"1":{"name":"(anonymous_1)","decl":{"start":{"line":12,"column":22},"end":{"line":12,"column":34}},"loc":{"start":{"line":12,"column":34},"end":{"line":26,"column":null}},"line":12},"2":{"name":"(anonymous_2)","decl":{"start":{"line":30,"column":4},"end":{"line":30,"column":20}},"loc":{"start":{"line":30,"column":20},"end":{"line":32,"column":9}},"line":30},"3":{"name":"(anonymous_3)","decl":{"start":{"line":34,"column":36},"end":{"line":34,"column":43}},"loc":{"start":{"line":34,"column":63},"end":{"line":40,"column":null}},"line":34},"4":{"name":"(anonymous_4)","decl":{"start":{"line":44,"column":37},"end":{"line":44,"column":44}},"loc":{"start":{"line":44,"column":65},"end":{"line":50,"column":null}},"line":44},"5":{"name":"(anonymous_5)","decl":{"start":{"line":72,"column":18},"end":{"line":72,"column":22}},"loc":{"start":{"line":73,"column":20},"end":{"line":84,"column":null}},"line":73},"6":{"name":"(anonymous_6)","decl":{"start":{"line":75,"column":24},"end":{"line":75,"column":39}},"loc":{"start":{"line":75,"column":39},"end":{"line":75,"column":61}},"line":75},"7":{"name":"(anonymous_7)","decl":{"start":{"line":107,"column":43},"end":{"line":107,"column":47}},"loc":{"start":{"line":108,"column":40},"end":{"line":141,"column":null}},"line":108},"8":{"name":"(anonymous_8)","decl":{"start":{"line":113,"column":65},"end":{"line":113,"column":69}},"loc":{"start":{"line":114,"column":55},"end":{"line":114,"column":null}},"line":114},"9":{"name":"(anonymous_9)","decl":{"start":{"line":129,"column":56},"end":{"line":129,"column":67}},"loc":{"start":{"line":129,"column":73},"end":{"line":130,"column":null}},"line":129},"10":{"name":"(anonymous_10)","decl":{"start":{"line":134,"column":66},"end":{"line":134,"column":70}},"loc":{"start":{"line":134,"column":75},"end":{"line":137,"column":null}},"line":134},"11":{"name":"(anonymous_11)","decl":{"start":{"line":165,"column":44},"end":{"line":165,"column":48}},"loc":{"start":{"line":166,"column":40},"end":{"line":186,"column":null}},"line":166},"12":{"name":"(anonymous_12)","decl":{"start":{"line":174,"column":56},"end":{"line":174,"column":67}},"loc":{"start":{"line":174,"column":73},"end":{"line":175,"column":null}},"line":174},"13":{"name":"(anonymous_13)","decl":{"start":{"line":179,"column":66},"end":{"line":179,"column":70}},"loc":{"start":{"line":179,"column":75},"end":{"line":182,"column":null}},"line":179}},"branchMap":{"0":{"loc":{"start":{"line":20,"column":21},"end":{"line":20,"column":62}},"type":"cond-expr","locations":[{"start":{"line":20,"column":48},"end":{"line":20,"column":60}},{"start":{"line":20,"column":60},"end":{"line":20,"column":62}}],"line":20},"1":{"loc":{"start":{"line":21,"column":22},"end":{"line":21,"column":65}},"type":"cond-expr","locations":[{"start":{"line":21,"column":50},"end":{"line":21,"column":63}},{"start":{"line":21,"column":63},"end":{"line":21,"column":65}}],"line":21},"2":{"loc":{"start":{"line":22,"column":24},"end":{"line":22,"column":104}},"type":"cond-expr","locations":[{"start":{"line":22,"column":54},"end":{"line":22,"column":69}},{"start":{"line":22,"column":69},"end":{"line":22,"column":104}}],"line":22},"3":{"loc":{"start":{"line":77,"column":28},"end":{"line":79,"column":null}},"type":"cond-expr","locations":[{"start":{"line":78,"column":30},"end":{"line":78,"column":null}},{"start":{"line":79,"column":30},"end":{"line":79,"column":null}}],"line":77},"4":{"loc":{"start":{"line":82,"column":55},"end":{"line":82,"column":112}},"type":"cond-expr","locations":[{"start":{"line":82,"column":80},"end":{"line":82,"column":106}},{"start":{"line":82,"column":106},"end":{"line":82,"column":112}}],"line":82},"5":{"loc":{"start":{"line":89,"column":17},"end":{"line":194,"column":null}},"type":"cond-expr","locations":[{"start":{"line":90,"column":20},"end":{"line":95,"column":21}},{"start":{"line":95,"column":20},"end":{"line":194,"column":null}}],"line":89},"6":{"loc":{"start":{"line":96,"column":25},"end":{"line":155,"column":41}},"type":"binary-expr","locations":[{"start":{"line":96,"column":25},"end":{"line":96,"column":null}},{"start":{"line":97,"column":28},"end":{"line":155,"column":41}}],"line":96},"7":{"loc":{"start":{"line":109,"column":94},"end":{"line":109,"column":124}},"type":"binary-expr","locations":[{"start":{"line":109,"column":94},"end":{"line":109,"column":107}},{"start":{"line":109,"column":107},"end":{"line":109,"column":124}}],"line":109},"8":{"loc":{"start":{"line":111,"column":49},"end":{"line":117,"column":null}},"type":"cond-expr","locations":[{"start":{"line":112,"column":50},"end":{"line":117,"column":53}},{"start":{"line":117,"column":52},"end":{"line":117,"column":null}}],"line":111},"9":{"loc":{"start":{"line":120,"column":130},"end":{"line":120,"column":null}},"type":"cond-expr","locations":[{"start":{"line":120,"column":162},"end":{"line":120,"column":215}},{"start":{"line":120,"column":215},"end":{"line":120,"column":null}}],"line":120},"10":{"loc":{"start":{"line":120,"column":215},"end":{"line":120,"column":null}},"type":"cond-expr","locations":[{"start":{"line":120,"column":250},"end":{"line":120,"column":306}},{"start":{"line":120,"column":306},"end":{"line":120,"column":null}}],"line":120},"11":{"loc":{"start":{"line":121,"column":53},"end":{"line":121,"column":null}},"type":"cond-expr","locations":[{"start":{"line":121,"column":74},"end":{"line":121,"column":90}},{"start":{"line":121,"column":90},"end":{"line":121,"column":null}}],"line":121},"12":{"loc":{"start":{"line":130,"column":60},"end":{"line":130,"column":null}},"type":"if","locations":[{"start":{"line":130,"column":60},"end":{"line":130,"column":null}},{"start":{},"end":{}}],"line":130},"13":{"loc":{"start":{"line":130,"column":104},"end":{"line":130,"column":141}},"type":"binary-expr","locations":[{"start":{"line":130,"column":104},"end":{"line":130,"column":115}},{"start":{"line":130,"column":115},"end":{"line":130,"column":130}},{"start":{"line":130,"column":130},"end":{"line":130,"column":141}}],"line":130},"14":{"loc":{"start":{"line":135,"column":72},"end":{"line":135,"column":null}},"type":"cond-expr","locations":[{"start":{"line":135,"column":96},"end":{"line":135,"column":103}},{"start":{"line":135,"column":103},"end":{"line":135,"column":null}}],"line":135},"15":{"loc":{"start":{"line":136,"column":128},"end":{"line":136,"column":180}},"type":"cond-expr","locations":[{"start":{"line":136,"column":152},"end":{"line":136,"column":169}},{"start":{"line":136,"column":169},"end":{"line":136,"column":180}}],"line":136},"16":{"loc":{"start":{"line":136,"column":152},"end":{"line":136,"column":169}},"type":"binary-expr","locations":[{"start":{"line":136,"column":152},"end":{"line":136,"column":162}},{"start":{"line":136,"column":162},"end":{"line":136,"column":169}}],"line":136},"17":{"loc":{"start":{"line":108,"column":49},"end":{"line":108,"column":86}},"type":"binary-expr","locations":[{"start":{"line":108,"column":49},"end":{"line":108,"column":60}},{"start":{"line":108,"column":60},"end":{"line":108,"column":75}},{"start":{"line":108,"column":75},"end":{"line":108,"column":86}}],"line":108},"18":{"loc":{"start":{"line":143,"column":37},"end":{"line":149,"column":null}},"type":"binary-expr","locations":[{"start":{"line":143,"column":37},"end":{"line":143,"column":null}},{"start":{"line":144,"column":40},"end":{"line":149,"column":null}}],"line":143},"19":{"loc":{"start":{"line":155,"column":25},"end":{"line":194,"column":null}},"type":"binary-expr","locations":[{"start":{"line":155,"column":25},"end":{"line":155,"column":null}},{"start":{"line":156,"column":28},"end":{"line":194,"column":null}}],"line":155},"20":{"loc":{"start":{"line":167,"column":94},"end":{"line":167,"column":122}},"type":"binary-expr","locations":[{"start":{"line":167,"column":94},"end":{"line":167,"column":108}},{"start":{"line":167,"column":108},"end":{"line":167,"column":122}}],"line":167},"21":{"loc":{"start":{"line":168,"column":94},"end":{"line":168,"column":121}},"type":"binary-expr","locations":[{"start":{"line":168,"column":94},"end":{"line":168,"column":119}},{"start":{"line":168,"column":119},"end":{"line":168,"column":121}}],"line":168},"22":{"loc":{"start":{"line":175,"column":60},"end":{"line":175,"column":null}},"type":"if","locations":[{"start":{"line":175,"column":60},"end":{"line":175,"column":null}},{"start":{},"end":{}}],"line":175},"23":{"loc":{"start":{"line":175,"column":105},"end":{"line":175,"column":129}},"type":"binary-expr","locations":[{"start":{"line":175,"column":105},"end":{"line":175,"column":117}},{"start":{"line":175,"column":117},"end":{"line":175,"column":129}}],"line":175},"24":{"loc":{"start":{"line":180,"column":72},"end":{"line":180,"column":null}},"type":"cond-expr","locations":[{"start":{"line":180,"column":96},"end":{"line":180,"column":103}},{"start":{"line":180,"column":103},"end":{"line":180,"column":null}}],"line":180},"25":{"loc":{"start":{"line":181,"column":128},"end":{"line":181,"column":180}},"type":"cond-expr","locations":[{"start":{"line":181,"column":152},"end":{"line":181,"column":169}},{"start":{"line":181,"column":169},"end":{"line":181,"column":180}}],"line":181},"26":{"loc":{"start":{"line":181,"column":152},"end":{"line":181,"column":169}},"type":"binary-expr","locations":[{"start":{"line":181,"column":152},"end":{"line":181,"column":162}},{"start":{"line":181,"column":162},"end":{"line":181,"column":169}}],"line":181},"27":{"loc":{"start":{"line":166,"column":49},"end":{"line":166,"column":73}},"type":"binary-expr","locations":[{"start":{"line":166,"column":49},"end":{"line":166,"column":61}},{"start":{"line":166,"column":61},"end":{"line":166,"column":73}}],"line":166},"28":{"loc":{"start":{"line":188,"column":37},"end":{"line":194,"column":null}},"type":"binary-expr","locations":[{"start":{"line":188,"column":37},"end":{"line":188,"column":null}},{"start":{"line":189,"column":40},"end":{"line":194,"column":null}}],"line":188}},"s":{"0":1,"1":27,"2":27,"3":27,"4":27,"5":27,"6":27,"7":10,"8":10,"9":10,"10":9,"11":10,"12":10,"13":1,"14":10,"15":27,"16":8,"17":27,"18":2,"19":2,"20":1,"21":1,"22":1,"23":27,"24":2,"25":2,"26":1,"27":1,"28":1,"29":27,"30":54,"31":3,"32":22,"33":11,"34":2,"35":2,"36":66,"37":66,"38":8,"39":2,"40":2,"41":24,"42":24},"f":{"0":27,"1":10,"2":8,"3":2,"4":2,"5":54,"6":3,"7":22,"8":11,"9":2,"10":66,"11":8,"12":2,"13":24},"b":{"0":[9,0],"1":[9,0],"2":[9,0],"3":[27,27],"4":[27,27],"5":[10,17],"6":[17,13],"7":[22,0],"8":[11,11],"9":[11,11],"10":[0,11],"11":[22,0],"12":[2,0],"13":[2,0,0],"14":[0,66],"15":[0,66],"16":[0,0],"17":[22,0,0],"18":[13,2],"19":[17,4],"20":[8,0],"21":[8,4],"22":[2,0],"23":[2,0],"24":[0,24],"25":[0,24],"26":[0,0],"27":[8,0],"28":[4,0]},"meta":{"lastBranch":29,"lastFunction":14,"lastStatement":43,"seen":{"s:5:13:201:Infinity":0,"f:5:13:5:41":0,"s:6:18:6:42":1,"s:7:19:7:44":2,"s:8:21:8:48":3,"s:9:22:9:52":4,"s:10:24:10:59":5,"s:12:22:26:Infinity":6,"f:12:22:12:34":1,"s:13:8:13:Infinity":7,"s:14:8:26:Infinity":8,"s:15:58:19:14":9,"s:20:12:20:Infinity":10,"b:20:48:20:60:20:60:20:62":0,"s:21:12:21:Infinity":11,"b:21:50:21:63:21:63:21:65":1,"s:22:12:22:Infinity":12,"b:22:54:22:69:22:69:22:104":2,"s:24:12:24:Infinity":13,"s:26:12:26:Infinity":14,"s:30:4:32:Infinity":15,"f:30:4:30:20":2,"s:31:8:31:Infinity":16,"s:34:36:40:Infinity":17,"f:34:36:34:43":3,"s:35:8:40:Infinity":18,"s:36:12:36:Infinity":19,"s:37:12:37:Infinity":20,"s:38:12:38:Infinity":21,"s:40:12:40:Infinity":22,"s:44:37:50:Infinity":23,"f:44:37:44:44":4,"s:45:8:50:Infinity":24,"s:46:12:46:Infinity":25,"s:47:12:47:Infinity":26,"s:48:12:48:Infinity":27,"s:50:12:50:Infinity":28,"s:54:4:201:Infinity":29,"f:72:18:72:22":5,"s:73:20:84:Infinity":30,"f:75:24:75:39":6,"s:75:39:75:61":31,"b:78:30:78:Infinity:79:30:79:Infinity":3,"b:82:80:82:106:82:106:82:112":4,"b:90:20:95:21:95:20:194:Infinity":5,"b:96:25:96:Infinity:97:28:155:41":6,"f:107:43:107:47":7,"s:108:40:141:Infinity":32,"b:109:94:109:107:109:107:109:124":7,"b:112:50:117:53:117:52:117:Infinity":8,"f:113:65:113:69":8,"s:114:55:114:Infinity":33,"b:120:162:120:215:120:215:120:Infinity":9,"b:120:250:120:306:120:306:120:Infinity":10,"b:121:74:121:90:121:90:121:Infinity":11,"f:129:56:129:67":9,"b:130:60:130:Infinity:undefined:undefined:undefined:undefined":12,"s:130:60:130:Infinity":34,"s:130:80:130:Infinity":35,"b:130:104:130:115:130:115:130:130:130:130:130:141":13,"f:134:66:134:70":10,"s:135:72:135:Infinity":36,"b:135:96:135:103:135:103:135:Infinity":14,"s:136:60:136:Infinity":37,"b:136:152:136:169:136:169:136:180":15,"b:136:152:136:162:136:162:136:169":16,"b:108:49:108:60:108:60:108:75:108:75:108:86":17,"b:143:37:143:Infinity:144:40:149:Infinity":18,"b:155:25:155:Infinity:156:28:194:Infinity":19,"f:165:44:165:48":11,"s:166:40:186:Infinity":38,"b:167:94:167:108:167:108:167:122":20,"b:168:94:168:119:168:119:168:121":21,"f:174:56:174:67":12,"b:175:60:175:Infinity:undefined:undefined:undefined:undefined":22,"s:175:60:175:Infinity":39,"s:175:80:175:Infinity":40,"b:175:105:175:117:175:117:175:129":23,"f:179:66:179:70":13,"s:180:72:180:Infinity":41,"b:180:96:180:103:180:103:180:Infinity":24,"s:181:60:181:Infinity":42,"b:181:152:181:169:181:169:181:180":25,"b:181:152:181:162:181:162:181:169":26,"b:166:49:166:61:166:61:166:73":27,"b:188:37:188:Infinity:189:40:194:Infinity":28}}}
,"/Users/loweryr/git/github/rhlowery/acs-ui/frontend/src/services/AuditService.js": {"path":"/Users/loweryr/git/github/rhlowery/acs-ui/frontend/src/services/AuditService.js","statementMap":{"0":{"start":{"line":1,"column":17},"end":{"line":1,"column":null}},"1":{"start":{"line":3,"column":28},"end":{"line":22,"column":null}},"2":{"start":{"line":5,"column":21},"end":{"line":5,"column":42}},"3":{"start":{"line":6,"column":4},"end":{"line":6,"column":null}},"4":{"start":{"line":6,"column":22},"end":{"line":6,"column":null}},"5":{"start":{"line":7,"column":4},"end":{"line":7,"column":null}},"6":{"start":{"line":12,"column":24},"end":{"line":12,"column":61}},"7":{"start":{"line":13,"column":4},"end":{"line":15,"column":null}},"8":{"start":{"line":14,"column":19},"end":{"line":14,"column":41}},"9":{"start":{"line":15,"column":6},"end":{"line":15,"column":null}},"10":{"start":{"line":17,"column":4},"end":{"line":18,"column":null}},"11":{"start":{"line":18,"column":6},"end":{"line":18,"column":null}},"12":{"start":{"line":20,"column":4},"end":{"line":20,"column":null}}},"fnMap":{"0":{"name":"(anonymous_0)","decl":{"start":{"line":4,"column":8},"end":{"line":4,"column":18}},"loc":{"start":{"line":4,"column":18},"end":{"line":7,"column":null}},"line":4},"1":{"name":"(anonymous_1)","decl":{"start":{"line":10,"column":2},"end":{"line":10,"column":13}},"loc":{"start":{"line":10,"column":23},"end":{"line":20,"column":null}},"line":10},"2":{"name":"(anonymous_2)","decl":{"start":{"line":13,"column":16},"end":{"line":13,"column":29}},"loc":{"start":{"line":13,"column":39},"end":{"line":15,"column":null}},"line":13},"3":{"name":"(anonymous_3)","decl":{"start":{"line":17,"column":16},"end":{"line":17,"column":32}},"loc":{"start":{"line":17,"column":32},"end":{"line":18,"column":null}},"line":17}},"branchMap":{"0":{"loc":{"start":{"line":6,"column":4},"end":{"line":6,"column":null}},"type":"if","locations":[{"start":{"line":6,"column":4},"end":{"line":6,"column":null}},{"start":{},"end":{}}],"line":6}},"s":{"0":1,"1":1,"2":2,"3":2,"4":1,"5":1,"6":1,"7":1,"8":1,"9":1,"10":1,"11":1,"12":1},"f":{"0":2,"1":1,"2":1,"3":1},"b":{"0":[1,1]},"meta":{"lastBranch":1,"lastFunction":4,"lastStatement":13,"seen":{"s:1:17:1:Infinity":0,"s:3:28:22:Infinity":1,"f:4:8:4:18":0,"s:5:21:5:42":2,"b:6:4:6:Infinity:undefined:undefined:undefined:undefined":0,"s:6:4:6:Infinity":3,"s:6:22:6:Infinity":4,"s:7:4:7:Infinity":5,"f:10:2:10:13":1,"s:12:24:12:61":6,"s:13:4:15:Infinity":7,"f:13:16:13:29":2,"s:14:19:14:41":8,"s:15:6:15:Infinity":9,"s:17:4:18:Infinity":10,"f:17:16:17:32":3,"s:18:6:18:Infinity":11,"s:20:4:20:Infinity":12}}}
,"/Users/loweryr/git/github/rhlowery/acs-ui/frontend/src/services/AuthService.js": {"path":"/Users/loweryr/git/github/rhlowery/acs-ui/frontend/src/services/AuthService.js","statementMap":{"0":{"start":{"line":1,"column":27},"end":{"line":14,"column":null}},"1":{"start":{"line":3,"column":8},"end":{"line":7,"column":null}},"2":{"start":{"line":11,"column":21},"end":{"line":11,"column":42}},"3":{"start":{"line":12,"column":8},"end":{"line":12,"column":null}}},"fnMap":{"0":{"name":"(anonymous_0)","decl":{"start":{"line":2,"column":4},"end":{"line":2,"column":21}},"loc":{"start":{"line":2,"column":21},"end":{"line":7,"column":null}},"line":2},"1":{"name":"(anonymous_1)","decl":{"start":{"line":10,"column":4},"end":{"line":10,"column":12}},"loc":{"start":{"line":10,"column":18},"end":{"line":12,"column":null}},"line":10}},"branchMap":{},"s":{"0":1,"1":1,"2":0,"3":0},"f":{"0":1,"1":0},"b":{},"meta":{"lastBranch":0,"lastFunction":2,"lastStatement":4,"seen":{"s:1:27:14:Infinity":0,"f:2:4:2:21":0,"s:3:8:7:Infinity":1,"f:10:4:10:12":1,"s:11:21:11:42":2,"s:12:8:12:Infinity":3}}}
,"/Users/loweryr/git/github/rhlowery/acs-ui/frontend/src/services/CatalogService.js": {"path":"/Users/loweryr/git/github/rhlowery/acs-ui/frontend/src/services/CatalogService.js","statementMap":{"0":{"start":{"line":1,"column":17},"end":{"line":1,"column":null}},"1":{"start":{"line":3,"column":30},"end":{"line":28,"column":null}},"2":{"start":{"line":5,"column":21},"end":{"line":5,"column":61}},"3":{"start":{"line":6,"column":4},"end":{"line":6,"column":null}},"4":{"start":{"line":6,"column":22},"end":{"line":6,"column":null}},"5":{"start":{"line":7,"column":4},"end":{"line":7,"column":null}},"6":{"start":{"line":11,"column":18},"end":{"line":11,"column":null}},"7":{"start":{"line":12,"column":21},"end":{"line":12,"column":74}},"8":{"start":{"line":13,"column":4},"end":{"line":13,"column":null}},"9":{"start":{"line":13,"column":22},"end":{"line":13,"column":null}},"10":{"start":{"line":14,"column":4},"end":{"line":14,"column":null}},"11":{"start":{"line":18,"column":21},"end":{"line":18,"column":111}},"12":{"start":{"line":19,"column":4},"end":{"line":19,"column":null}},"13":{"start":{"line":19,"column":22},"end":{"line":19,"column":null}},"14":{"start":{"line":20,"column":4},"end":{"line":20,"column":null}},"15":{"start":{"line":24,"column":21},"end":{"line":24,"column":85}},"16":{"start":{"line":25,"column":4},"end":{"line":25,"column":null}},"17":{"start":{"line":25,"column":22},"end":{"line":25,"column":null}},"18":{"start":{"line":26,"column":4},"end":{"line":26,"column":null}}},"fnMap":{"0":{"name":"(anonymous_0)","decl":{"start":{"line":4,"column":8},"end":{"line":4,"column":27}},"loc":{"start":{"line":4,"column":27},"end":{"line":7,"column":null}},"line":4},"1":{"name":"(anonymous_1)","decl":{"start":{"line":10,"column":8},"end":{"line":10,"column":17}},"loc":{"start":{"line":10,"column":40},"end":{"line":14,"column":null}},"line":10},"2":{"name":"(anonymous_2)","decl":{"start":{"line":17,"column":8},"end":{"line":17,"column":23}},"loc":{"start":{"line":17,"column":40},"end":{"line":20,"column":null}},"line":17},"3":{"name":"(anonymous_3)","decl":{"start":{"line":23,"column":8},"end":{"line":23,"column":22}},"loc":{"start":{"line":23,"column":29},"end":{"line":26,"column":null}},"line":23}},"branchMap":{"0":{"loc":{"start":{"line":6,"column":4},"end":{"line":6,"column":null}},"type":"if","locations":[{"start":{"line":6,"column":4},"end":{"line":6,"column":null}},{"start":{},"end":{}}],"line":6},"1":{"loc":{"start":{"line":10,"column":28},"end":{"line":10,"column":40}},"type":"default-arg","locations":[{"start":{"line":10,"column":35},"end":{"line":10,"column":40}}],"line":10},"2":{"loc":{"start":{"line":11,"column":18},"end":{"line":11,"column":null}},"type":"cond-expr","locations":[{"start":{"line":11,"column":33},"end":{"line":11,"column":71}},{"start":{"line":11,"column":71},"end":{"line":11,"column":null}}],"line":11},"3":{"loc":{"start":{"line":13,"column":4},"end":{"line":13,"column":null}},"type":"if","locations":[{"start":{"line":13,"column":4},"end":{"line":13,"column":null}},{"start":{},"end":{}}],"line":13},"4":{"loc":{"start":{"line":19,"column":4},"end":{"line":19,"column":null}},"type":"if","locations":[{"start":{"line":19,"column":4},"end":{"line":19,"column":null}},{"start":{},"end":{}}],"line":19},"5":{"loc":{"start":{"line":25,"column":4},"end":{"line":25,"column":null}},"type":"if","locations":[{"start":{"line":25,"column":4},"end":{"line":25,"column":null}},{"start":{},"end":{}}],"line":25}},"s":{"0":3,"1":3,"2":2,"3":2,"4":1,"5":1,"6":3,"7":3,"8":3,"9":1,"10":2,"11":2,"12":2,"13":1,"14":1,"15":2,"16":2,"17":1,"18":1},"f":{"0":2,"1":3,"2":2,"3":2},"b":{"0":[1,1],"1":[3],"2":[1,2],"3":[1,2],"4":[1,1],"5":[1,1]},"meta":{"lastBranch":6,"lastFunction":4,"lastStatement":19,"seen":{"s:1:17:1:Infinity":0,"s:3:30:28:Infinity":1,"f:4:8:4:27":0,"s:5:21:5:61":2,"b:6:4:6:Infinity:undefined:undefined:undefined:undefined":0,"s:6:4:6:Infinity":3,"s:6:22:6:Infinity":4,"s:7:4:7:Infinity":5,"f:10:8:10:17":1,"b:10:35:10:40":1,"s:11:18:11:Infinity":6,"b:11:33:11:71:11:71:11:Infinity":2,"s:12:21:12:74":7,"b:13:4:13:Infinity:undefined:undefined:undefined:undefined":3,"s:13:4:13:Infinity":8,"s:13:22:13:Infinity":9,"s:14:4:14:Infinity":10,"f:17:8:17:23":2,"s:18:21:18:111":11,"b:19:4:19:Infinity:undefined:undefined:undefined:undefined":4,"s:19:4:19:Infinity":12,"s:19:22:19:Infinity":13,"s:20:4:20:Infinity":14,"f:23:8:23:22":3,"s:24:21:24:85":15,"b:25:4:25:Infinity:undefined:undefined:undefined:undefined":5,"s:25:4:25:Infinity":16,"s:25:22:25:Infinity":17,"s:26:4:26:Infinity":18}}}
,"/Users/loweryr/git/github/rhlowery/acs-ui/frontend/src/services/RequestService.js": {"path":"/Users/loweryr/git/github/rhlowery/acs-ui/frontend/src/services/RequestService.js","statementMap":{"0":{"start":{"line":1,"column":17},"end":{"line":1,"column":null}},"1":{"start":{"line":3,"column":30},"end":{"line":53,"column":null}},"2":{"start":{"line":5,"column":21},"end":{"line":5,"column":42}},"3":{"start":{"line":6,"column":4},"end":{"line":6,"column":null}},"4":{"start":{"line":6,"column":22},"end":{"line":6,"column":null}},"5":{"start":{"line":7,"column":4},"end":{"line":7,"column":null}},"6":{"start":{"line":11,"column":21},"end":{"line":15,"column":6}},"7":{"start":{"line":16,"column":4},"end":{"line":16,"column":null}},"8":{"start":{"line":16,"column":22},"end":{"line":16,"column":null}},"9":{"start":{"line":17,"column":4},"end":{"line":17,"column":null}},"10":{"start":{"line":21,"column":21},"end":{"line":21,"column":81}},"11":{"start":{"line":22,"column":4},"end":{"line":22,"column":null}},"12":{"start":{"line":22,"column":22},"end":{"line":22,"column":null}},"13":{"start":{"line":23,"column":4},"end":{"line":23,"column":null}},"14":{"start":{"line":27,"column":21},"end":{"line":31,"column":6}},"15":{"start":{"line":32,"column":4},"end":{"line":32,"column":null}},"16":{"start":{"line":32,"column":22},"end":{"line":32,"column":null}},"17":{"start":{"line":33,"column":4},"end":{"line":33,"column":null}},"18":{"start":{"line":37,"column":21},"end":{"line":37,"column":80}},"19":{"start":{"line":38,"column":4},"end":{"line":38,"column":null}},"20":{"start":{"line":38,"column":22},"end":{"line":38,"column":null}},"21":{"start":{"line":39,"column":4},"end":{"line":39,"column":null}},"22":{"start":{"line":43,"column":24},"end":{"line":43,"column":61}},"23":{"start":{"line":44,"column":4},"end":{"line":46,"column":null}},"24":{"start":{"line":45,"column":19},"end":{"line":45,"column":41}},"25":{"start":{"line":46,"column":6},"end":{"line":46,"column":null}},"26":{"start":{"line":48,"column":4},"end":{"line":49,"column":null}},"27":{"start":{"line":49,"column":6},"end":{"line":49,"column":null}},"28":{"start":{"line":51,"column":4},"end":{"line":51,"column":null}}},"fnMap":{"0":{"name":"(anonymous_0)","decl":{"start":{"line":4,"column":8},"end":{"line":4,"column":22}},"loc":{"start":{"line":4,"column":22},"end":{"line":7,"column":null}},"line":4},"1":{"name":"(anonymous_1)","decl":{"start":{"line":10,"column":8},"end":{"line":10,"column":22}},"loc":{"start":{"line":10,"column":31},"end":{"line":17,"column":null}},"line":10},"2":{"name":"(anonymous_2)","decl":{"start":{"line":20,"column":8},"end":{"line":20,"column":23}},"loc":{"start":{"line":20,"column":27},"end":{"line":23,"column":null}},"line":20},"3":{"name":"(anonymous_3)","decl":{"start":{"line":26,"column":8},"end":{"line":26,"column":22}},"loc":{"start":{"line":26,"column":34},"end":{"line":33,"column":null}},"line":26},"4":{"name":"(anonymous_4)","decl":{"start":{"line":36,"column":8},"end":{"line":36,"column":22}},"loc":{"start":{"line":36,"column":26},"end":{"line":39,"column":null}},"line":36},"5":{"name":"(anonymous_5)","decl":{"start":{"line":42,"column":2},"end":{"line":42,"column":17}},"loc":{"start":{"line":42,"column":27},"end":{"line":51,"column":null}},"line":42},"6":{"name":"(anonymous_6)","decl":{"start":{"line":44,"column":16},"end":{"line":44,"column":29}},"loc":{"start":{"line":44,"column":39},"end":{"line":46,"column":null}},"line":44},"7":{"name":"(anonymous_7)","decl":{"start":{"line":48,"column":16},"end":{"line":48,"column":32}},"loc":{"start":{"line":48,"column":32},"end":{"line":49,"column":null}},"line":48}},"branchMap":{"0":{"loc":{"start":{"line":6,"column":4},"end":{"line":6,"column":null}},"type":"if","locations":[{"start":{"line":6,"column":4},"end":{"line":6,"column":null}},{"start":{},"end":{}}],"line":6},"1":{"loc":{"start":{"line":16,"column":4},"end":{"line":16,"column":null}},"type":"if","locations":[{"start":{"line":16,"column":4},"end":{"line":16,"column":null}},{"start":{},"end":{}}],"line":16},"2":{"loc":{"start":{"line":22,"column":4},"end":{"line":22,"column":null}},"type":"if","locations":[{"start":{"line":22,"column":4},"end":{"line":22,"column":null}},{"start":{},"end":{}}],"line":22},"3":{"loc":{"start":{"line":32,"column":4},"end":{"line":32,"column":null}},"type":"if","locations":[{"start":{"line":32,"column":4},"end":{"line":32,"column":null}},{"start":{},"end":{}}],"line":32},"4":{"loc":{"start":{"line":38,"column":4},"end":{"line":38,"column":null}},"type":"if","locations":[{"start":{"line":38,"column":4},"end":{"line":38,"column":null}},{"start":{},"end":{}}],"line":38}},"s":{"0":2,"1":2,"2":2,"3":2,"4":1,"5":1,"6":0,"7":0,"8":0,"9":0,"10":2,"11":2,"12":1,"13":1,"14":2,"15":2,"16":1,"17":1,"18":2,"19":2,"20":1,"21":1,"22":1,"23":1,"24":1,"25":1,"26":1,"27":1,"28":1},"f":{"0":2,"1":0,"2":2,"3":2,"4":2,"5":1,"6":1,"7":1},"b":{"0":[1,1],"1":[0,0],"2":[1,1],"3":[1,1],"4":[1,1]},"meta":{"lastBranch":5,"lastFunction":8,"lastStatement":29,"seen":{"s:1:17:1:Infinity":0,"s:3:30:53:Infinity":1,"f:4:8:4:22":0,"s:5:21:5:42":2,"b:6:4:6:Infinity:undefined:undefined:undefined:undefined":0,"s:6:4:6:Infinity":3,"s:6:22:6:Infinity":4,"s:7:4:7:Infinity":5,"f:10:8:10:22":1,"s:11:21:15:6":6,"b:16:4:16:Infinity:undefined:undefined:undefined:undefined":1,"s:16:4:16:Infinity":7,"s:16:22:16:Infinity":8,"s:17:4:17:Infinity":9,"f:20:8:20:23":2,"s:21:21:21:81":10,"b:22:4:22:Infinity:undefined:undefined:undefined:undefined":2,"s:22:4:22:Infinity":11,"s:22:22:22:Infinity":12,"s:23:4:23:Infinity":13,"f:26:8:26:22":3,"s:27:21:31:6":14,"b:32:4:32:Infinity:undefined:undefined:undefined:undefined":3,"s:32:4:32:Infinity":15,"s:32:22:32:Infinity":16,"s:33:4:33:Infinity":17,"f:36:8:36:22":4,"s:37:21:37:80":18,"b:38:4:38:Infinity:undefined:undefined:undefined:undefined":4,"s:38:4:38:Infinity":19,"s:38:22:38:Infinity":20,"s:39:4:39:Infinity":21,"f:42:2:42:17":5,"s:43:24:43:61":22,"s:44:4:46:Infinity":23,"f:44:16:44:29":6,"s:45:19:45:41":24,"s:46:6:46:Infinity":25,"s:48:4:49:Infinity":26,"f:48:16:48:32":7,"s:49:6:49:Infinity":27,"s:51:4:51:Infinity":28}}}
,"/Users/loweryr/git/github/rhlowery/acs-ui/frontend/src/services/UserService.js": {"path":"/Users/loweryr/git/github/rhlowery/acs-ui/frontend/src/services/UserService.js","statementMap":{"0":{"start":{"line":1,"column":17},"end":{"line":1,"column":null}},"1":{"start":{"line":3,"column":27},"end":{"line":41,"column":null}},"2":{"start":{"line":5,"column":21},"end":{"line":5,"column":53}},"3":{"start":{"line":6,"column":4},"end":{"line":6,"column":null}},"4":{"start":{"line":6,"column":22},"end":{"line":6,"column":null}},"5":{"start":{"line":7,"column":4},"end":{"line":7,"column":null}},"6":{"start":{"line":11,"column":21},"end":{"line":11,"column":54}},"7":{"start":{"line":12,"column":4},"end":{"line":12,"column":null}},"8":{"start":{"line":12,"column":22},"end":{"line":12,"column":null}},"9":{"start":{"line":13,"column":4},"end":{"line":13,"column":null}},"10":{"start":{"line":17,"column":21},"end":{"line":17,"column":61}},"11":{"start":{"line":18,"column":4},"end":{"line":18,"column":null}},"12":{"start":{"line":18,"column":22},"end":{"line":18,"column":null}},"13":{"start":{"line":19,"column":4},"end":{"line":19,"column":null}},"14":{"start":{"line":23,"column":21},"end":{"line":27,"column":6}},"15":{"start":{"line":28,"column":4},"end":{"line":28,"column":null}},"16":{"start":{"line":28,"column":22},"end":{"line":28,"column":null}},"17":{"start":{"line":29,"column":4},"end":{"line":29,"column":null}},"18":{"start":{"line":33,"column":21},"end":{"line":37,"column":6}},"19":{"start":{"line":38,"column":4},"end":{"line":38,"column":null}},"20":{"start":{"line":38,"column":22},"end":{"line":38,"column":null}},"21":{"start":{"line":39,"column":4},"end":{"line":39,"column":null}}},"fnMap":{"0":{"name":"(anonymous_0)","decl":{"start":{"line":4,"column":8},"end":{"line":4,"column":19}},"loc":{"start":{"line":4,"column":19},"end":{"line":7,"column":null}},"line":4},"1":{"name":"(anonymous_1)","decl":{"start":{"line":10,"column":8},"end":{"line":10,"column":20}},"loc":{"start":{"line":10,"column":20},"end":{"line":13,"column":null}},"line":10},"2":{"name":"(anonymous_2)","decl":{"start":{"line":16,"column":8},"end":{"line":16,"column":22}},"loc":{"start":{"line":16,"column":22},"end":{"line":19,"column":null}},"line":16},"3":{"name":"(anonymous_3)","decl":{"start":{"line":22,"column":8},"end":{"line":22,"column":26}},"loc":{"start":{"line":22,"column":43},"end":{"line":29,"column":null}},"line":22},"4":{"name":"(anonymous_4)","decl":{"start":{"line":32,"column":8},"end":{"line":32,"column":27}},"loc":{"start":{"line":32,"column":45},"end":{"line":39,"column":null}},"line":32}},"branchMap":{"0":{"loc":{"start":{"line":6,"column":4},"end":{"line":6,"column":null}},"type":"if","locations":[{"start":{"line":6,"column":4},"end":{"line":6,"column":null}},{"start":{},"end":{}}],"line":6},"1":{"loc":{"start":{"line":12,"column":4},"end":{"line":12,"column":null}},"type":"if","locations":[{"start":{"line":12,"column":4},"end":{"line":12,"column":null}},{"start":{},"end":{}}],"line":12},"2":{"loc":{"start":{"line":18,"column":4},"end":{"line":18,"column":null}},"type":"if","locations":[{"start":{"line":18,"column":4},"end":{"line":18,"column":null}},{"start":{},"end":{}}],"line":18},"3":{"loc":{"start":{"line":28,"column":4},"end":{"line":28,"column":null}},"type":"if","locations":[{"start":{"line":28,"column":4},"end":{"line":28,"column":null}},{"start":{},"end":{}}],"line":28},"4":{"loc":{"start":{"line":38,"column":4},"end":{"line":38,"column":null}},"type":"if","locations":[{"start":{"line":38,"column":4},"end":{"line":38,"column":null}},{"start":{},"end":{}}],"line":38}},"s":{"0":1,"1":1,"2":2,"3":2,"4":1,"5":1,"6":2,"7":2,"8":1,"9":1,"10":2,"11":2,"12":1,"13":1,"14":2,"15":2,"16":1,"17":1,"18":2,"19":2,"20":1,"21":1},"f":{"0":2,"1":2,"2":2,"3":2,"4":2},"b":{"0":[1,1],"1":[1,1],"2":[1,1],"3":[1,1],"4":[1,1]},"meta":{"lastBranch":5,"lastFunction":5,"lastStatement":22,"seen":{"s:1:17:1:Infinity":0,"s:3:27:41:Infinity":1,"f:4:8:4:19":0,"s:5:21:5:53":2,"b:6:4:6:Infinity:undefined:undefined:undefined:undefined":0,"s:6:4:6:Infinity":3,"s:6:22:6:Infinity":4,"s:7:4:7:Infinity":5,"f:10:8:10:20":1,"s:11:21:11:54":6,"b:12:4:12:Infinity:undefined:undefined:undefined:undefined":1,"s:12:4:12:Infinity":7,"s:12:22:12:Infinity":8,"s:13:4:13:Infinity":9,"f:16:8:16:22":2,"s:17:21:17:61":10,"b:18:4:18:Infinity:undefined:undefined:undefined:undefined":2,"s:18:4:18:Infinity":11,"s:18:22:18:Infinity":12,"s:19:4:19:Infinity":13,"f:22:8:22:26":3,"s:23:21:27:6":14,"b:28:4:28:Infinity:undefined:undefined:undefined:undefined":3,"s:28:4:28:Infinity":15,"s:28:22:28:Infinity":16,"s:29:4:29:Infinity":17,"f:32:8:32:27":4,"s:33:21:37:6":18,"b:38:4:38:Infinity:undefined:undefined:undefined:undefined":4,"s:38:4:38:Infinity":19,"s:38:22:38:Infinity":20,"s:39:4:39:Infinity":21}}}
}
