{"/Users/loweryr/git/github/rhlowery/acs-ui/frontend/src/components/catalog/CatalogTree.jsx": {"path":"/Users/loweryr/git/github/rhlowery/acs-ui/frontend/src/components/catalog/CatalogTree.jsx","statementMap":{"0":{"start":{"line":14,"column":6},"end":{"line":79,"column":null}},"1":{"start":{"line":15,"column":17},"end":{"line":15,"column":45}},"2":{"start":{"line":16,"column":19},"end":{"line":16,"column":46}},"3":{"start":{"line":17,"column":18},"end":{"line":17,"column":47}},"4":{"start":{"line":19,"column":21},"end":{"line":32,"column":null}},"5":{"start":{"line":20,"column":4},"end":{"line":20,"column":null}},"6":{"start":{"line":21,"column":4},"end":{"line":29,"column":null}},"7":{"start":{"line":22,"column":6},"end":{"line":22,"column":null}},"8":{"start":{"line":23,"column":6},"end":{"line":29,"column":null}},"9":{"start":{"line":24,"column":21},"end":{"line":24,"column":83}},"10":{"start":{"line":25,"column":8},"end":{"line":25,"column":null}},"11":{"start":{"line":27,"column":8},"end":{"line":27,"column":null}},"12":{"start":{"line":29,"column":8},"end":{"line":29,"column":null}},"13":{"start":{"line":32,"column":4},"end":{"line":32,"column":null}},"14":{"start":{"line":35,"column":8},"end":{"line":37,"column":null}},"15":{"start":{"line":36,"column":4},"end":{"line":36,"column":null}},"16":{"start":{"line":37,"column":4},"end":{"line":37,"column":null}},"17":{"start":{"line":40,"column":19},"end":{"line":42,"column":null}},"18":{"start":{"line":44,"column":25},"end":{"line":46,"column":null}},"19":{"start":{"line":48,"column":2},"end":{"line":79,"column":null}},"20":{"start":{"line":52,"column":23},"end":{"line":52,"column":37}},"21":{"start":{"line":70,"column":12},"end":{"line":77,"column":null}},"22":{"start":{"line":85,"column":13},"end":{"line":127,"column":null}},"23":{"start":{"line":86,"column":19},"end":{"line":86,"column":46}},"24":{"start":{"line":87,"column":18},"end":{"line":87,"column":46}},"25":{"start":{"line":89,"column":2},"end":{"line":108,"column":null}},"26":{"start":{"line":90,"column":25},"end":{"line":104,"column":null}},"27":{"start":{"line":91,"column":6},"end":{"line":104,"column":null}},"28":{"start":{"line":92,"column":21},"end":{"line":92,"column":60}},"29":{"start":{"line":93,"column":23},"end":{"line":99,"column":11}},"30":{"start":{"line":93,"column":38},"end":{"line":99,"column":11}},"31":{"start":{"line":100,"column":8},"end":{"line":100,"column":null}},"32":{"start":{"line":102,"column":8},"end":{"line":102,"column":null}},"33":{"start":{"line":104,"column":8},"end":{"line":104,"column":null}},"34":{"start":{"line":107,"column":4},"end":{"line":107,"column":null}},"35":{"start":{"line":110,"column":2},"end":{"line":110,"column":null}},"36":{"start":{"line":110,"column":15},"end":{"line":110,"column":null}},"37":{"start":{"line":112,"column":2},"end":{"line":127,"column":null}},"38":{"start":{"line":119,"column":10},"end":{"line":125,"column":null}}},"fnMap":{"0":{"name":"(anonymous_0)","decl":{"start":{"line":14,"column":6},"end":{"line":14,"column":18}},"loc":{"start":{"line":14,"column":77},"end":{"line":79,"column":null}},"line":14},"1":{"name":"(anonymous_1)","decl":{"start":{"line":19,"column":21},"end":{"line":19,"column":28}},"loc":{"start":{"line":19,"column":34},"end":{"line":32,"column":null}},"line":19},"2":{"name":"(anonymous_2)","decl":{"start":{"line":35,"column":8},"end":{"line":35,"column":29}},"loc":{"start":{"line":35,"column":35},"end":{"line":37,"column":null}},"line":35},"3":{"name":"(anonymous_3)","decl":{"start":{"line":52,"column":8},"end":{"line":52,"column":23}},"loc":{"start":{"line":52,"column":23},"end":{"line":52,"column":37}},"line":52},"4":{"name":"(anonymous_4)","decl":{"start":{"line":69,"column":20},"end":{"line":69,"column":24}},"loc":{"start":{"line":70,"column":12},"end":{"line":77,"column":null}},"line":70},"5":{"name":"(anonymous_5)","decl":{"start":{"line":85,"column":13},"end":{"line":85,"column":28}},"loc":{"start":{"line":85,"column":59},"end":{"line":127,"column":null}},"line":85},"6":{"name":"(anonymous_6)","decl":{"start":{"line":89,"column":2},"end":{"line":89,"column":18}},"loc":{"start":{"line":89,"column":18},"end":{"line":108,"column":7}},"line":89},"7":{"name":"(anonymous_7)","decl":{"start":{"line":90,"column":25},"end":{"line":90,"column":37}},"loc":{"start":{"line":90,"column":37},"end":{"line":104,"column":null}},"line":90},"8":{"name":"(anonymous_8)","decl":{"start":{"line":93,"column":28},"end":{"line":93,"column":32}},"loc":{"start":{"line":93,"column":38},"end":{"line":99,"column":11}},"line":93},"9":{"name":"(anonymous_9)","decl":{"start":{"line":118,"column":18},"end":{"line":118,"column":22}},"loc":{"start":{"line":119,"column":10},"end":{"line":125,"column":null}},"line":119}},"branchMap":{"0":{"loc":{"start":{"line":14,"column":37},"end":{"line":14,"column":48}},"type":"default-arg","locations":[{"start":{"line":14,"column":45},"end":{"line":14,"column":48}}],"line":14},"1":{"loc":{"start":{"line":21,"column":4},"end":{"line":29,"column":null}},"type":"if","locations":[{"start":{"line":21,"column":4},"end":{"line":29,"column":null}},{"start":{},"end":{}}],"line":21},"2":{"loc":{"start":{"line":21,"column":8},"end":{"line":21,"column":42}},"type":"binary-expr","locations":[{"start":{"line":21,"column":8},"end":{"line":21,"column":19}},{"start":{"line":21,"column":19},"end":{"line":21,"column":42}}],"line":21},"3":{"loc":{"start":{"line":24,"column":51},"end":{"line":24,"column":73}},"type":"binary-expr","locations":[{"start":{"line":24,"column":51},"end":{"line":24,"column":64}},{"start":{"line":24,"column":64},"end":{"line":24,"column":73}}],"line":24},"4":{"loc":{"start":{"line":25,"column":20},"end":{"line":25,"column":30}},"type":"binary-expr","locations":[{"start":{"line":25,"column":20},"end":{"line":25,"column":28}},{"start":{"line":25,"column":28},"end":{"line":25,"column":30}}],"line":25},"5":{"loc":{"start":{"line":40,"column":19},"end":{"line":42,"column":null}},"type":"cond-expr","locations":[{"start":{"line":40,"column":45},"end":{"line":41,"column":24}},{"start":{"line":41,"column":19},"end":{"line":42,"column":null}}],"line":40},"6":{"loc":{"start":{"line":41,"column":19},"end":{"line":42,"column":null}},"type":"cond-expr","locations":[{"start":{"line":41,"column":44},"end":{"line":42,"column":20}},{"start":{"line":42,"column":19},"end":{"line":42,"column":null}}],"line":41},"7":{"loc":{"start":{"line":44,"column":25},"end":{"line":46,"column":null}},"type":"cond-expr","locations":[{"start":{"line":45,"column":25},"end":{"line":46,"column":26}},{"start":{"line":46,"column":25},"end":{"line":46,"column":null}}],"line":44},"8":{"loc":{"start":{"line":51,"column":32},"end":{"line":51,"column":null}},"type":"cond-expr","locations":[{"start":{"line":51,"column":41},"end":{"line":51,"column":50}},{"start":{"line":51,"column":50},"end":{"line":51,"column":null}}],"line":51},"9":{"loc":{"start":{"line":56,"column":11},"end":{"line":57,"column":null}},"type":"binary-expr","locations":[{"start":{"line":56,"column":11},"end":{"line":56,"column":null}},{"start":{"line":57,"column":12},"end":{"line":57,"column":null}}],"line":56},"10":{"loc":{"start":{"line":57,"column":12},"end":{"line":57,"column":null}},"type":"cond-expr","locations":[{"start":{"line":57,"column":22},"end":{"line":57,"column":67}},{"start":{"line":57,"column":58},"end":{"line":57,"column":null}}],"line":57},"11":{"loc":{"start":{"line":57,"column":58},"end":{"line":57,"column":null}},"type":"cond-expr","locations":[{"start":{"line":57,"column":67},"end":{"line":57,"column":96}},{"start":{"line":57,"column":95},"end":{"line":57,"column":null}}],"line":57},"12":{"loc":{"start":{"line":67,"column":7},"end":{"line":79,"column":null}},"type":"binary-expr","locations":[{"start":{"line":67,"column":7},"end":{"line":67,"column":null}},{"start":{"line":68,"column":8},"end":{"line":79,"column":null}}],"line":67},"13":{"loc":{"start":{"line":73,"column":25},"end":{"line":73,"column":null}},"type":"binary-expr","locations":[{"start":{"line":73,"column":25},"end":{"line":73,"column":38}},{"start":{"line":73,"column":38},"end":{"line":73,"column":null}}],"line":73},"14":{"loc":{"start":{"line":98,"column":18},"end":{"line":98,"column":null}},"type":"binary-expr","locations":[{"start":{"line":98,"column":18},"end":{"line":98,"column":30}},{"start":{"line":98,"column":30},"end":{"line":98,"column":null}}],"line":98},"15":{"loc":{"start":{"line":110,"column":2},"end":{"line":110,"column":null}},"type":"if","locations":[{"start":{"line":110,"column":2},"end":{"line":110,"column":null}},{"start":{},"end":{}}],"line":110}},"s":{"0":1,"1":7,"2":7,"3":7,"4":7,"5":1,"6":1,"7":1,"8":1,"9":1,"10":1,"11":0,"12":1,"13":1,"14":7,"15":1,"16":1,"17":7,"18":7,"19":7,"20":1,"21":1,"22":1,"23":8,"24":8,"25":8,"26":4,"27":4,"28":4,"29":4,"30":4,"31":4,"32":0,"33":4,"34":4,"35":8,"36":4,"37":4,"38":4},"f":{"0":7,"1":1,"2":1,"3":1,"4":1,"5":8,"6":4,"7":4,"8":4,"9":4},"b":{"0":[7],"1":[1,0],"2":[1,1],"3":[1,1],"4":[1,0],"5":[6,1],"6":[1,0],"7":[6,1],"8":[1,6],"9":[7,7],"10":[1,6],"11":[1,5],"12":[7,1],"13":[1,1],"14":[4,0],"15":[4,4]},"meta":{"lastBranch":16,"lastFunction":10,"lastStatement":39,"seen":{"s:14:6:79:Infinity":0,"f:14:6:14:18":0,"b:14:45:14:48":0,"s:15:17:15:45":1,"s:16:19:16:46":2,"s:17:18:17:47":3,"s:19:21:32:Infinity":4,"f:19:21:19:28":1,"s:20:4:20:Infinity":5,"b:21:4:29:Infinity:undefined:undefined:undefined:undefined":1,"s:21:4:29:Infinity":6,"b:21:8:21:19:21:19:21:42":2,"s:22:6:22:Infinity":7,"s:23:6:29:Infinity":8,"s:24:21:24:83":9,"b:24:51:24:64:24:64:24:73":3,"s:25:8:25:Infinity":10,"b:25:20:25:28:25:28:25:30":4,"s:27:8:27:Infinity":11,"s:29:8:29:Infinity":12,"s:32:4:32:Infinity":13,"s:35:8:37:Infinity":14,"f:35:8:35:29":2,"s:36:4:36:Infinity":15,"s:37:4:37:Infinity":16,"s:40:19:42:Infinity":17,"b:40:45:41:24:41:19:42:Infinity":5,"b:41:44:42:20:42:19:42:Infinity":6,"s:44:25:46:Infinity":18,"b:45:25:46:26:46:25:46:Infinity":7,"s:48:2:79:Infinity":19,"b:51:41:51:50:51:50:51:Infinity":8,"f:52:8:52:23":3,"s:52:23:52:37":20,"b:56:11:56:Infinity:57:12:57:Infinity":9,"b:57:22:57:67:57:58:57:Infinity":10,"b:57:67:57:96:57:95:57:Infinity":11,"b:67:7:67:Infinity:68:8:79:Infinity":12,"f:69:20:69:24":4,"s:70:12:77:Infinity":21,"b:73:25:73:38:73:38:73:Infinity":13,"s:85:13:127:Infinity":22,"f:85:13:85:28":5,"s:86:19:86:46":23,"s:87:18:87:46":24,"s:89:2:108:Infinity":25,"f:89:2:89:18":6,"s:90:25:104:Infinity":26,"f:90:25:90:37":7,"s:91:6:104:Infinity":27,"s:92:21:92:60":28,"s:93:23:99:11":29,"f:93:28:93:32":8,"s:93:38:99:11":30,"b:98:18:98:30:98:30:98:Infinity":14,"s:100:8:100:Infinity":31,"s:102:8:102:Infinity":32,"s:104:8:104:Infinity":33,"s:107:4:107:Infinity":34,"b:110:2:110:Infinity:undefined:undefined:undefined:undefined":15,"s:110:2:110:Infinity":35,"s:110:15:110:Infinity":36,"s:112:2:127:Infinity":37,"f:118:18:118:22":9,"s:119:10:125:Infinity":38}}}
,"/Users/loweryr/git/github/rhlowery/acs-ui/frontend/src/components/requests/AccessRequestForm.jsx": {"path":"/Users/loweryr/git/github/rhlowery/acs-ui/frontend/src/components/requests/AccessRequestForm.jsx","statementMap":{"0":{"start":{"line":6,"column":13},"end":{"line":134,"column":null}},"1":{"start":{"line":7,"column":24},"end":{"line":7,"column":52}},"2":{"start":{"line":8,"column":24},"end":{"line":8,"column":77}},"3":{"start":{"line":9,"column":23},"end":{"line":9,"column":52}},"4":{"start":{"line":10,"column":26},"end":{"line":10,"column":58}},"5":{"start":{"line":11,"column":23},"end":{"line":11,"column":52}},"6":{"start":{"line":12,"column":25},"end":{"line":12,"column":59}},"7":{"start":{"line":14,"column":32},"end":{"line":14,"column":null}},"8":{"start":{"line":16,"column":10},"end":{"line":19,"column":null}},"9":{"start":{"line":17,"column":8},"end":{"line":19,"column":null}},"10":{"start":{"line":18,"column":12},"end":{"line":18,"column":80}},"11":{"start":{"line":18,"column":51},"end":{"line":18,"column":62}},"12":{"start":{"line":22,"column":25},"end":{"line":53,"column":null}},"13":{"start":{"line":23,"column":8},"end":{"line":23,"column":null}},"14":{"start":{"line":24,"column":8},"end":{"line":26,"column":null}},"15":{"start":{"line":25,"column":12},"end":{"line":25,"column":null}},"16":{"start":{"line":26,"column":12},"end":{"line":26,"column":null}},"17":{"start":{"line":28,"column":8},"end":{"line":30,"column":null}},"18":{"start":{"line":29,"column":12},"end":{"line":29,"column":null}},"19":{"start":{"line":30,"column":12},"end":{"line":30,"column":null}},"20":{"start":{"line":33,"column":8},"end":{"line":33,"column":null}},"21":{"start":{"line":34,"column":8},"end":{"line":53,"column":null}},"22":{"start":{"line":35,"column":28},"end":{"line":45,"column":null}},"23":{"start":{"line":46,"column":12},"end":{"line":46,"column":null}},"24":{"start":{"line":47,"column":12},"end":{"line":47,"column":null}},"25":{"start":{"line":48,"column":12},"end":{"line":48,"column":null}},"26":{"start":{"line":49,"column":12},"end":{"line":49,"column":null}},"27":{"start":{"line":51,"column":12},"end":{"line":51,"column":null}},"28":{"start":{"line":53,"column":12},"end":{"line":53,"column":null}},"29":{"start":{"line":57,"column":4},"end":{"line":134,"column":null}},"30":{"start":{"line":59,"column":63},"end":{"line":59,"column":82}},"31":{"start":{"line":75,"column":43},"end":{"line":75,"column":73}},"32":{"start":{"line":90,"column":32},"end":{"line":97,"column":null}},"33":{"start":{"line":94,"column":56},"end":{"line":94,"column":null}},"34":{"start":{"line":108,"column":43},"end":{"line":108,"column":null}},"35":{"start":{"line":118,"column":43},"end":{"line":118,"column":75}}},"fnMap":{"0":{"name":"(anonymous_0)","decl":{"start":{"line":6,"column":13},"end":{"line":6,"column":34}},"loc":{"start":{"line":6,"column":67},"end":{"line":134,"column":null}},"line":6},"1":{"name":"(anonymous_1)","decl":{"start":{"line":16,"column":10},"end":{"line":16,"column":29}},"loc":{"start":{"line":16,"column":38},"end":{"line":19,"column":null}},"line":16},"2":{"name":"(anonymous_2)","decl":{"start":{"line":17,"column":8},"end":{"line":17,"column":22}},"loc":{"start":{"line":18,"column":12},"end":{"line":18,"column":80}},"line":18},"3":{"name":"(anonymous_3)","decl":{"start":{"line":18,"column":39},"end":{"line":18,"column":46}},"loc":{"start":{"line":18,"column":51},"end":{"line":18,"column":62}},"line":18},"4":{"name":"(anonymous_4)","decl":{"start":{"line":22,"column":25},"end":{"line":22,"column":32}},"loc":{"start":{"line":22,"column":38},"end":{"line":53,"column":null}},"line":22},"5":{"name":"(anonymous_5)","decl":{"start":{"line":59,"column":49},"end":{"line":59,"column":58}},"loc":{"start":{"line":59,"column":63},"end":{"line":59,"column":82}},"line":59},"6":{"name":"(anonymous_6)","decl":{"start":{"line":75,"column":28},"end":{"line":75,"column":38}},"loc":{"start":{"line":75,"column":43},"end":{"line":75,"column":73}},"line":75},"7":{"name":"(anonymous_7)","decl":{"start":{"line":89,"column":49},"end":{"line":89,"column":53}},"loc":{"start":{"line":90,"column":32},"end":{"line":97,"column":null}},"line":90},"8":{"name":"(anonymous_8)","decl":{"start":{"line":94,"column":40},"end":{"line":94,"column":56}},"loc":{"start":{"line":94,"column":56},"end":{"line":94,"column":null}},"line":94},"9":{"name":"(anonymous_9)","decl":{"start":{"line":108,"column":28},"end":{"line":108,"column":38}},"loc":{"start":{"line":108,"column":43},"end":{"line":108,"column":null}},"line":108},"10":{"name":"(anonymous_10)","decl":{"start":{"line":118,"column":28},"end":{"line":118,"column":38}},"loc":{"start":{"line":118,"column":43},"end":{"line":118,"column":75}},"line":118}},"branchMap":{"0":{"loc":{"start":{"line":8,"column":51},"end":{"line":8,"column":77}},"type":"binary-expr","locations":[{"start":{"line":8,"column":51},"end":{"line":8,"column":74}},{"start":{"line":8,"column":74},"end":{"line":8,"column":77}}],"line":8},"1":{"loc":{"start":{"line":18,"column":12},"end":{"line":18,"column":80}},"type":"cond-expr","locations":[{"start":{"line":18,"column":34},"end":{"line":18,"column":62}},{"start":{"line":18,"column":65},"end":{"line":18,"column":80}}],"line":18},"2":{"loc":{"start":{"line":24,"column":8},"end":{"line":26,"column":null}},"type":"if","locations":[{"start":{"line":24,"column":8},"end":{"line":26,"column":null}},{"start":{},"end":{}}],"line":24},"3":{"loc":{"start":{"line":28,"column":8},"end":{"line":30,"column":null}},"type":"if","locations":[{"start":{"line":28,"column":8},"end":{"line":30,"column":null}},{"start":{},"end":{}}],"line":28},"4":{"loc":{"start":{"line":36,"column":29},"end":{"line":36,"column":null}},"type":"binary-expr","locations":[{"start":{"line":36,"column":29},"end":{"line":36,"column":52}},{"start":{"line":36,"column":52},"end":{"line":36,"column":null}}],"line":36},"5":{"loc":{"start":{"line":39,"column":30},"end":{"line":39,"column":null}},"type":"cond-expr","locations":[{"start":{"line":39,"column":50},"end":{"line":39,"column":62}},{"start":{"line":39,"column":62},"end":{"line":39,"column":null}}],"line":39},"6":{"loc":{"start":{"line":42,"column":32},"end":{"line":42,"column":null}},"type":"cond-expr","locations":[{"start":{"line":42,"column":45},"end":{"line":42,"column":79}},{"start":{"line":42,"column":82},"end":{"line":42,"column":null}}],"line":42},"7":{"loc":{"start":{"line":83,"column":68},"end":{"line":83,"column":129}},"type":"cond-expr","locations":[{"start":{"line":83,"column":88},"end":{"line":83,"column":100}},{"start":{"line":83,"column":100},"end":{"line":83,"column":129}}],"line":83},"8":{"loc":{"start":{"line":129,"column":29},"end":{"line":129,"column":null}},"type":"cond-expr","locations":[{"start":{"line":129,"column":44},"end":{"line":129,"column":62}},{"start":{"line":129,"column":62},"end":{"line":129,"column":null}}],"line":129}},"s":{"0":2,"1":19,"2":19,"3":19,"4":19,"5":19,"6":19,"7":19,"8":19,"9":6,"10":6,"11":1,"12":19,"13":4,"14":4,"15":1,"16":1,"17":3,"18":1,"19":1,"20":2,"21":2,"22":2,"23":4,"24":1,"25":1,"26":4,"27":1,"28":2,"29":19,"30":8,"31":0,"32":152,"33":6,"34":1,"35":2},"f":{"0":19,"1":6,"2":6,"3":1,"4":4,"5":8,"6":0,"7":152,"8":6,"9":1,"10":2},"b":{"0":[19,1],"1":[1,5],"2":[1,3],"3":[1,2],"4":[2,0],"5":[0,2],"6":[1,1],"7":[0,19],"8":[2,17]},"meta":{"lastBranch":9,"lastFunction":11,"lastStatement":36,"seen":{"s:6:13:134:Infinity":0,"f:6:13:6:34":0,"s:7:24:7:52":1,"s:8:24:8:77":2,"b:8:51:8:74:8:74:8:77":0,"s:9:23:9:52":3,"s:10:26:10:58":4,"s:11:23:11:52":5,"s:12:25:12:59":6,"s:14:32:14:Infinity":7,"s:16:10:19:Infinity":8,"f:16:10:16:29":1,"s:17:8:19:Infinity":9,"f:17:8:17:22":2,"s:18:12:18:80":10,"b:18:34:18:62:18:65:18:80":1,"f:18:39:18:46":3,"s:18:51:18:62":11,"s:22:25:53:Infinity":12,"f:22:25:22:32":4,"s:23:8:23:Infinity":13,"b:24:8:26:Infinity:undefined:undefined:undefined:undefined":2,"s:24:8:26:Infinity":14,"s:25:12:25:Infinity":15,"s:26:12:26:Infinity":16,"b:28:8:30:Infinity:undefined:undefined:undefined:undefined":3,"s:28:8:30:Infinity":17,"s:29:12:29:Infinity":18,"s:30:12:30:Infinity":19,"s:33:8:33:Infinity":20,"s:34:8:53:Infinity":21,"s:35:28:45:Infinity":22,"b:36:29:36:52:36:52:36:Infinity":4,"b:39:50:39:62:39:62:39:Infinity":5,"b:42:45:42:79:42:82:42:Infinity":6,"s:46:12:46:Infinity":23,"s:47:12:47:Infinity":24,"s:48:12:48:Infinity":25,"s:49:12:49:Infinity":26,"s:51:12:51:Infinity":27,"s:53:12:53:Infinity":28,"s:57:4:134:Infinity":29,"f:59:49:59:58":5,"s:59:63:59:82":30,"f:75:28:75:38":6,"s:75:43:75:73":31,"b:83:88:83:100:83:100:83:129":7,"f:89:49:89:53":7,"s:90:32:97:Infinity":32,"f:94:40:94:56":8,"s:94:56:94:Infinity":33,"f:108:28:108:38":9,"s:108:43:108:Infinity":34,"f:118:28:118:38":10,"s:118:43:118:75":35,"b:129:44:129:62:129:62:129:Infinity":8}}}
,"/Users/loweryr/git/github/rhlowery/acs-ui/frontend/src/pages/ApproverDashboard.jsx": {"path":"/Users/loweryr/git/github/rhlowery/acs-ui/frontend/src/pages/ApproverDashboard.jsx","statementMap":{"0":{"start":{"line":14,"column":13},"end":{"line":216,"column":null}},"1":{"start":{"line":15,"column":21},"end":{"line":15,"column":48}},"2":{"start":{"line":16,"column":26},"end":{"line":16,"column":61}},"3":{"start":{"line":17,"column":18},"end":{"line":17,"column":44}},"4":{"start":{"line":18,"column":24},"end":{"line":18,"column":61}},"5":{"start":{"line":19,"column":31},"end":{"line":19,"column":71}},"6":{"start":{"line":20,"column":29},"end":{"line":20,"column":66}},"7":{"start":{"line":21,"column":28},"end":{"line":21,"column":62}},"8":{"start":{"line":23,"column":4},"end":{"line":25,"column":null}},"9":{"start":{"line":24,"column":8},"end":{"line":24,"column":null}},"10":{"start":{"line":27,"column":4},"end":{"line":43,"column":null}},"11":{"start":{"line":28,"column":21},"end":{"line":28,"column":null}},"12":{"start":{"line":29,"column":8},"end":{"line":40,"column":null}},"13":{"start":{"line":30,"column":12},"end":{"line":40,"column":null}},"14":{"start":{"line":31,"column":16},"end":{"line":39,"column":null}},"15":{"start":{"line":32,"column":34},"end":{"line":32,"column":77}},"16":{"start":{"line":32,"column":54},"end":{"line":32,"column":77}},"17":{"start":{"line":33,"column":20},"end":{"line":36,"column":null}},"18":{"start":{"line":34,"column":44},"end":{"line":34,"column":53}},"19":{"start":{"line":35,"column":24},"end":{"line":35,"column":null}},"20":{"start":{"line":36,"column":24},"end":{"line":36,"column":null}},"21":{"start":{"line":38,"column":20},"end":{"line":38,"column":null}},"22":{"start":{"line":42,"column":8},"end":{"line":42,"column":null}},"23":{"start":{"line":42,"column":21},"end":{"line":42,"column":36}},"24":{"start":{"line":45,"column":26},"end":{"line":50,"column":null}},"25":{"start":{"line":46,"column":8},"end":{"line":50,"column":null}},"26":{"start":{"line":47,"column":25},"end":{"line":47,"column":59}},"27":{"start":{"line":48,"column":12},"end":{"line":48,"column":null}},"28":{"start":{"line":50,"column":12},"end":{"line":50,"column":null}},"29":{"start":{"line":54,"column":26},"end":{"line":58,"column":null}},"30":{"start":{"line":55,"column":8},"end":{"line":58,"column":null}},"31":{"start":{"line":56,"column":12},"end":{"line":56,"column":null}},"32":{"start":{"line":57,"column":12},"end":{"line":57,"column":null}},"33":{"start":{"line":58,"column":24},"end":{"line":58,"column":null}},"34":{"start":{"line":61,"column":10},"end":{"line":63,"column":null}},"35":{"start":{"line":62,"column":8},"end":{"line":62,"column":null}},"36":{"start":{"line":63,"column":8},"end":{"line":63,"column":null}},"37":{"start":{"line":66,"column":32},"end":{"line":76,"column":null}},"38":{"start":{"line":67,"column":8},"end":{"line":69,"column":null}},"39":{"start":{"line":68,"column":12},"end":{"line":68,"column":null}},"40":{"start":{"line":69,"column":12},"end":{"line":69,"column":null}},"41":{"start":{"line":71,"column":8},"end":{"line":76,"column":null}},"42":{"start":{"line":72,"column":12},"end":{"line":72,"column":null}},"43":{"start":{"line":73,"column":12},"end":{"line":73,"column":null}},"44":{"start":{"line":74,"column":12},"end":{"line":74,"column":null}},"45":{"start":{"line":75,"column":12},"end":{"line":75,"column":null}},"46":{"start":{"line":76,"column":24},"end":{"line":76,"column":null}},"47":{"start":{"line":79,"column":29},"end":{"line":79,"column":119}},"48":{"start":{"line":79,"column":50},"end":{"line":79,"column":119}},"49":{"start":{"line":81,"column":4},"end":{"line":216,"column":null}},"50":{"start":{"line":94,"column":45},"end":{"line":94,"column":79}},"51":{"start":{"line":114,"column":20},"end":{"line":129,"column":null}},"52":{"start":{"line":116,"column":39},"end":{"line":116,"column":58}},"53":{"start":{"line":146,"column":28},"end":{"line":185,"column":null}},"54":{"start":{"line":163,"column":63},"end":{"line":163,"column":84}},"55":{"start":{"line":171,"column":63},"end":{"line":171,"column":88}},"56":{"start":{"line":207,"column":45},"end":{"line":207,"column":79}},"57":{"start":{"line":212,"column":51},"end":{"line":212,"column":79}}},"fnMap":{"0":{"name":"(anonymous_0)","decl":{"start":{"line":14,"column":13},"end":{"line":14,"column":39}},"loc":{"start":{"line":14,"column":39},"end":{"line":216,"column":null}},"line":14},"1":{"name":"(anonymous_1)","decl":{"start":{"line":23,"column":4},"end":{"line":23,"column":20}},"loc":{"start":{"line":23,"column":20},"end":{"line":25,"column":9}},"line":23},"2":{"name":"(anonymous_2)","decl":{"start":{"line":27,"column":4},"end":{"line":27,"column":20}},"loc":{"start":{"line":27,"column":20},"end":{"line":43,"column":8}},"line":27},"3":{"name":"(anonymous_3)","decl":{"start":{"line":30,"column":36},"end":{"line":30,"column":52}},"loc":{"start":{"line":30,"column":67},"end":{"line":40,"column":null}},"line":30},"4":{"name":"(anonymous_4)","decl":{"start":{"line":31,"column":16},"end":{"line":31,"column":28}},"loc":{"start":{"line":31,"column":36},"end":{"line":39,"column":null}},"line":31},"5":{"name":"(anonymous_5)","decl":{"start":{"line":32,"column":39},"end":{"line":32,"column":49}},"loc":{"start":{"line":32,"column":54},"end":{"line":32,"column":77}},"line":32},"6":{"name":"(anonymous_6)","decl":{"start":{"line":42,"column":8},"end":{"line":42,"column":21}},"loc":{"start":{"line":42,"column":21},"end":{"line":42,"column":36}},"line":42},"7":{"name":"(anonymous_7)","decl":{"start":{"line":45,"column":26},"end":{"line":45,"column":38}},"loc":{"start":{"line":45,"column":38},"end":{"line":50,"column":null}},"line":45},"8":{"name":"(anonymous_8)","decl":{"start":{"line":54,"column":26},"end":{"line":54,"column":33}},"loc":{"start":{"line":54,"column":40},"end":{"line":58,"column":null}},"line":54},"9":{"name":"(anonymous_9)","decl":{"start":{"line":61,"column":10},"end":{"line":61,"column":31}},"loc":{"start":{"line":61,"column":38},"end":{"line":63,"column":null}},"line":61},"10":{"name":"(anonymous_10)","decl":{"start":{"line":66,"column":32},"end":{"line":66,"column":44}},"loc":{"start":{"line":66,"column":44},"end":{"line":76,"column":null}},"line":66},"11":{"name":"(anonymous_11)","decl":{"start":{"line":79,"column":38},"end":{"line":79,"column":45}},"loc":{"start":{"line":79,"column":50},"end":{"line":79,"column":119}},"line":79},"12":{"name":"(anonymous_12)","decl":{"start":{"line":94,"column":28},"end":{"line":94,"column":39}},"loc":{"start":{"line":94,"column":45},"end":{"line":94,"column":79}},"line":94},"13":{"name":"(anonymous_13)","decl":{"start":{"line":113,"column":53},"end":{"line":113,"column":57}},"loc":{"start":{"line":114,"column":20},"end":{"line":129,"column":null}},"line":114},"14":{"name":"(anonymous_14)","decl":{"start":{"line":116,"column":24},"end":{"line":116,"column":39}},"loc":{"start":{"line":116,"column":39},"end":{"line":116,"column":58}},"line":116},"15":{"name":"(anonymous_15)","decl":{"start":{"line":145,"column":42},"end":{"line":145,"column":46}},"loc":{"start":{"line":146,"column":28},"end":{"line":185,"column":null}},"line":146},"16":{"name":"(anonymous_16)","decl":{"start":{"line":163,"column":48},"end":{"line":163,"column":63}},"loc":{"start":{"line":163,"column":63},"end":{"line":163,"column":84}},"line":163},"17":{"name":"(anonymous_17)","decl":{"start":{"line":171,"column":48},"end":{"line":171,"column":63}},"loc":{"start":{"line":171,"column":63},"end":{"line":171,"column":88}},"line":171},"18":{"name":"(anonymous_18)","decl":{"start":{"line":207,"column":28},"end":{"line":207,"column":39}},"loc":{"start":{"line":207,"column":45},"end":{"line":207,"column":79}},"line":207},"19":{"name":"(anonymous_19)","decl":{"start":{"line":212,"column":36},"end":{"line":212,"column":51}},"loc":{"start":{"line":212,"column":51},"end":{"line":212,"column":79}},"line":212}},"branchMap":{"0":{"loc":{"start":{"line":29,"column":8},"end":{"line":40,"column":null}},"type":"if","locations":[{"start":{"line":29,"column":8},"end":{"line":40,"column":null}},{"start":{},"end":{}}],"line":29},"1":{"loc":{"start":{"line":33,"column":20},"end":{"line":36,"column":null}},"type":"if","locations":[{"start":{"line":33,"column":20},"end":{"line":36,"column":null}},{"start":{},"end":{}}],"line":33},"2":{"loc":{"start":{"line":67,"column":8},"end":{"line":69,"column":null}},"type":"if","locations":[{"start":{"line":67,"column":8},"end":{"line":69,"column":null}},{"start":{},"end":{}}],"line":67},"3":{"loc":{"start":{"line":79,"column":50},"end":{"line":79,"column":119}},"type":"binary-expr","locations":[{"start":{"line":79,"column":50},"end":{"line":79,"column":79}},{"start":{"line":79,"column":79},"end":{"line":79,"column":108}},{"start":{"line":79,"column":108},"end":{"line":79,"column":119}}],"line":79},"4":{"loc":{"start":{"line":97,"column":26},"end":{"line":97,"column":null}},"type":"binary-expr","locations":[{"start":{"line":97,"column":26},"end":{"line":97,"column":43}},{"start":{"line":97,"column":43},"end":{"line":97,"column":null}}],"line":97},"5":{"loc":{"start":{"line":105,"column":13},"end":{"line":108,"column":null}},"type":"binary-expr","locations":[{"start":{"line":105,"column":13},"end":{"line":105,"column":null}},{"start":{"line":106,"column":16},"end":{"line":108,"column":null}}],"line":105},"6":{"loc":{"start":{"line":121,"column":35},"end":{"line":121,"column":null}},"type":"cond-expr","locations":[{"start":{"line":121,"column":57},"end":{"line":121,"column":67}},{"start":{"line":121,"column":67},"end":{"line":121,"column":null}}],"line":121},"7":{"loc":{"start":{"line":122,"column":42},"end":{"line":122,"column":null}},"type":"cond-expr","locations":[{"start":{"line":122,"column":64},"end":{"line":122,"column":93}},{"start":{"line":122,"column":93},"end":{"line":122,"column":null}}],"line":122},"8":{"loc":{"start":{"line":124,"column":40},"end":{"line":124,"column":null}},"type":"cond-expr","locations":[{"start":{"line":124,"column":62},"end":{"line":124,"column":71}},{"start":{"line":124,"column":71},"end":{"line":124,"column":null}}],"line":124},"9":{"loc":{"start":{"line":160,"column":37},"end":{"line":181,"column":null}},"type":"cond-expr","locations":[{"start":{"line":161,"column":40},"end":{"line":179,"column":41}},{"start":{"line":179,"column":40},"end":{"line":181,"column":null}}],"line":160},"10":{"loc":{"start":{"line":180,"column":45},"end":{"line":181,"column":45}},"type":"cond-expr","locations":[{"start":{"line":180,"column":74},"end":{"line":180,"column":127}},{"start":{"line":180,"column":126},"end":{"line":181,"column":45}}],"line":180},"11":{"loc":{"start":{"line":187,"column":25},"end":{"line":195,"column":null}},"type":"binary-expr","locations":[{"start":{"line":187,"column":25},"end":{"line":187,"column":null}},{"start":{"line":188,"column":28},"end":{"line":195,"column":null}}],"line":187},"12":{"loc":{"start":{"line":200,"column":13},"end":{"line":216,"column":null}},"type":"binary-expr","locations":[{"start":{"line":200,"column":13},"end":{"line":200,"column":null}},{"start":{"line":201,"column":16},"end":{"line":216,"column":null}}],"line":200}},"s":{"0":1,"1":42,"2":42,"3":42,"4":42,"5":42,"6":42,"7":42,"8":42,"9":12,"10":42,"11":15,"12":15,"13":3,"14":2,"15":2,"16":3,"17":2,"18":1,"19":1,"20":1,"21":1,"22":15,"23":15,"24":42,"25":14,"26":14,"27":13,"28":1,"29":42,"30":2,"31":2,"32":1,"33":1,"34":42,"35":4,"36":4,"37":42,"38":3,"39":1,"40":1,"41":2,"42":2,"43":1,"44":1,"45":1,"46":1,"47":42,"48":55,"49":42,"50":3,"51":123,"52":2,"53":29,"54":2,"55":4,"56":2,"57":1},"f":{"0":42,"1":12,"2":15,"3":2,"4":2,"5":3,"6":15,"7":14,"8":2,"9":4,"10":3,"11":55,"12":3,"13":123,"14":2,"15":29,"16":2,"17":4,"18":2,"19":1},"b":{"0":[3,12],"1":[1,1],"2":[1,2],"3":[55,26,24],"4":[42,7],"5":[42,1],"6":[41,82],"7":[41,82],"8":[41,82],"9":[25,4],"10":[4,0],"11":[42,14],"12":[42,6]},"meta":{"lastBranch":13,"lastFunction":20,"lastStatement":58,"seen":{"s:14:13:216:Infinity":0,"f:14:13:14:39":0,"s:15:21:15:48":1,"s:16:26:16:61":2,"s:17:18:17:44":3,"s:18:24:18:61":4,"s:19:31:19:71":5,"s:20:29:20:66":6,"s:21:28:21:62":7,"s:23:4:25:Infinity":8,"f:23:4:23:20":1,"s:24:8:24:Infinity":9,"s:27:4:43:Infinity":10,"f:27:4:27:20":2,"s:28:21:28:Infinity":11,"b:29:8:40:Infinity:undefined:undefined:undefined:undefined":0,"s:29:8:40:Infinity":12,"s:30:12:40:Infinity":13,"f:30:36:30:52":3,"s:31:16:39:Infinity":14,"f:31:16:31:28":4,"s:32:34:32:77":15,"f:32:39:32:49":5,"s:32:54:32:77":16,"b:33:20:36:Infinity:undefined:undefined:undefined:undefined":1,"s:33:20:36:Infinity":17,"s:34:44:34:53":18,"s:35:24:35:Infinity":19,"s:36:24:36:Infinity":20,"s:38:20:38:Infinity":21,"s:42:8:42:Infinity":22,"f:42:8:42:21":6,"s:42:21:42:36":23,"s:45:26:50:Infinity":24,"f:45:26:45:38":7,"s:46:8:50:Infinity":25,"s:47:25:47:59":26,"s:48:12:48:Infinity":27,"s:50:12:50:Infinity":28,"s:54:26:58:Infinity":29,"f:54:26:54:33":8,"s:55:8:58:Infinity":30,"s:56:12:56:Infinity":31,"s:57:12:57:Infinity":32,"s:58:24:58:Infinity":33,"s:61:10:63:Infinity":34,"f:61:10:61:31":9,"s:62:8:62:Infinity":35,"s:63:8:63:Infinity":36,"s:66:32:76:Infinity":37,"f:66:32:66:44":10,"b:67:8:69:Infinity:undefined:undefined:undefined:undefined":2,"s:67:8:69:Infinity":38,"s:68:12:68:Infinity":39,"s:69:12:69:Infinity":40,"s:71:8:76:Infinity":41,"s:72:12:72:Infinity":42,"s:73:12:73:Infinity":43,"s:74:12:74:Infinity":44,"s:75:12:75:Infinity":45,"s:76:24:76:Infinity":46,"s:79:29:79:119":47,"f:79:38:79:45":11,"s:79:50:79:119":48,"b:79:50:79:79:79:79:79:108:79:108:79:119":3,"s:81:4:216:Infinity":49,"f:94:28:94:39":12,"s:94:45:94:79":50,"b:97:26:97:43:97:43:97:Infinity":4,"b:105:13:105:Infinity:106:16:108:Infinity":5,"f:113:53:113:57":13,"s:114:20:129:Infinity":51,"f:116:24:116:39":14,"s:116:39:116:58":52,"b:121:57:121:67:121:67:121:Infinity":6,"b:122:64:122:93:122:93:122:Infinity":7,"b:124:62:124:71:124:71:124:Infinity":8,"f:145:42:145:46":15,"s:146:28:185:Infinity":53,"b:161:40:179:41:179:40:181:Infinity":9,"f:163:48:163:63":16,"s:163:63:163:84":54,"f:171:48:171:63":17,"s:171:63:171:88":55,"b:180:74:180:127:180:126:181:45":10,"b:187:25:187:Infinity:188:28:195:Infinity":11,"b:200:13:200:Infinity:201:16:216:Infinity":12,"f:207:28:207:39":18,"s:207:45:207:79":56,"f:212:36:212:51":19,"s:212:51:212:79":57}}}
,"/Users/loweryr/git/github/rhlowery/acs-ui/frontend/src/pages/CatalogPage.jsx": {"path":"/Users/loweryr/git/github/rhlowery/acs-ui/frontend/src/pages/CatalogPage.jsx","statementMap":{"0":{"start":{"line":6,"column":6},"end":{"line":16,"column":null}},"1":{"start":{"line":7,"column":16},"end":{"line":7,"column":51}},"2":{"start":{"line":7,"column":48},"end":{"line":7,"column":50}},"3":{"start":{"line":8,"column":2},"end":{"line":16,"column":null}},"4":{"start":{"line":11,"column":8},"end":{"line":14,"column":null}},"5":{"start":{"line":20,"column":13},"end":{"line":121,"column":null}},"6":{"start":{"line":21,"column":23},"end":{"line":21,"column":56}},"7":{"start":{"line":22,"column":25},"end":{"line":22,"column":58}},"8":{"start":{"line":23,"column":26},"end":{"line":23,"column":63}},"9":{"start":{"line":25,"column":8},"end":{"line":33,"column":null}},"10":{"start":{"line":26,"column":4},"end":{"line":26,"column":null}},"11":{"start":{"line":28,"column":20},"end":{"line":28,"column":55}},"12":{"start":{"line":28,"column":53},"end":{"line":28,"column":55}},"13":{"start":{"line":29,"column":4},"end":{"line":33,"column":null}},"14":{"start":{"line":31,"column":6},"end":{"line":31,"column":null}},"15":{"start":{"line":33,"column":6},"end":{"line":33,"column":null}},"16":{"start":{"line":37,"column":8},"end":{"line":39,"column":null}},"17":{"start":{"line":39,"column":4},"end":{"line":39,"column":null}},"18":{"start":{"line":42,"column":2},"end":{"line":121,"column":null}},"19":{"start":{"line":60,"column":60},"end":{"line":60,"column":84}},"20":{"start":{"line":117,"column":27},"end":{"line":117,"column":52}}},"fnMap":{"0":{"name":"(anonymous_0)","decl":{"start":{"line":6,"column":6},"end":{"line":6,"column":21}},"loc":{"start":{"line":6,"column":34},"end":{"line":16,"column":null}},"line":6},"1":{"name":"(anonymous_1)","decl":{"start":{"line":7,"column":36},"end":{"line":7,"column":43}},"loc":{"start":{"line":7,"column":48},"end":{"line":7,"column":50}},"line":7},"2":{"name":"(anonymous_2)","decl":{"start":{"line":10,"column":13},"end":{"line":10,"column":18}},"loc":{"start":{"line":11,"column":8},"end":{"line":14,"column":null}},"line":11},"3":{"name":"(anonymous_3)","decl":{"start":{"line":20,"column":13},"end":{"line":20,"column":33}},"loc":{"start":{"line":20,"column":33},"end":{"line":121,"column":null}},"line":20},"4":{"name":"(anonymous_4)","decl":{"start":{"line":25,"column":8},"end":{"line":25,"column":24}},"loc":{"start":{"line":25,"column":33},"end":{"line":33,"column":null}},"line":25},"5":{"name":"(anonymous_5)","decl":{"start":{"line":28,"column":41},"end":{"line":28,"column":48}},"loc":{"start":{"line":28,"column":53},"end":{"line":28,"column":55}},"line":28},"6":{"name":"(anonymous_6)","decl":{"start":{"line":37,"column":8},"end":{"line":37,"column":28}},"loc":{"start":{"line":37,"column":40},"end":{"line":39,"column":null}},"line":37},"7":{"name":"(anonymous_7)","decl":{"start":{"line":60,"column":45},"end":{"line":60,"column":60}},"loc":{"start":{"line":60,"column":60},"end":{"line":60,"column":84}},"line":60},"8":{"name":"(anonymous_8)","decl":{"start":{"line":117,"column":12},"end":{"line":117,"column":27}},"loc":{"start":{"line":117,"column":27},"end":{"line":117,"column":52}},"line":117},"9":{"name":"(anonymous_9)","decl":{"start":{"line":118,"column":12},"end":{"line":118,"column":29}},"loc":{"start":{"line":118,"column":29},"end":{"line":118,"column":null}},"line":118}},"branchMap":{"0":{"loc":{"start":{"line":13,"column":11},"end":{"line":14,"column":null}},"type":"binary-expr","locations":[{"start":{"line":13,"column":11},"end":{"line":13,"column":39}},{"start":{"line":13,"column":39},"end":{"line":14,"column":null}}],"line":13},"1":{"loc":{"start":{"line":29,"column":4},"end":{"line":33,"column":null}},"type":"if","locations":[{"start":{"line":29,"column":4},"end":{"line":33,"column":null}},{"start":{"line":32,"column":11},"end":{"line":33,"column":null}}],"line":29},"2":{"loc":{"start":{"line":51,"column":9},"end":{"line":110,"column":null}},"type":"cond-expr","locations":[{"start":{"line":52,"column":10},"end":{"line":107,"column":11}},{"start":{"line":107,"column":10},"end":{"line":110,"column":null}}],"line":51},"3":{"loc":{"start":{"line":57,"column":96},"end":{"line":57,"column":null}},"type":"binary-expr","locations":[{"start":{"line":57,"column":96},"end":{"line":57,"column":117}},{"start":{"line":57,"column":117},"end":{"line":57,"column":null}}],"line":57},"4":{"loc":{"start":{"line":71,"column":19},"end":{"line":74,"column":null}},"type":"cond-expr","locations":[{"start":{"line":72,"column":20},"end":{"line":72,"column":null}},{"start":{"line":74,"column":20},"end":{"line":74,"column":null}}],"line":71},"5":{"loc":{"start":{"line":86,"column":13},"end":{"line":102,"column":null}},"type":"binary-expr","locations":[{"start":{"line":86,"column":13},"end":{"line":86,"column":null}},{"start":{"line":87,"column":14},"end":{"line":102,"column":null}}],"line":86},"6":{"loc":{"start":{"line":114,"column":9},"end":{"line":121,"column":null}},"type":"binary-expr","locations":[{"start":{"line":114,"column":9},"end":{"line":114,"column":28}},{"start":{"line":114,"column":28},"end":{"line":114,"column":null}},{"start":{"line":115,"column":10},"end":{"line":121,"column":null}}],"line":114}},"s":{"0":1,"1":10,"2":13,"3":10,"4":23,"5":1,"6":10,"7":10,"8":10,"9":10,"10":4,"11":4,"12":8,"13":4,"14":3,"15":1,"16":10,"17":1,"18":10,"19":1,"20":0},"f":{"0":10,"1":13,"2":23,"3":10,"4":4,"5":8,"6":1,"7":1,"8":0,"9":0},"b":{"0":[23,13],"1":[3,1],"2":[5,5],"3":[5,0],"4":[1,4],"5":[5,4],"6":[10,1,1]},"meta":{"lastBranch":7,"lastFunction":10,"lastStatement":21,"seen":{"s:6:6:16:Infinity":0,"f:6:6:6:21":0,"s:7:16:7:51":1,"f:7:36:7:43":1,"s:7:48:7:50":2,"s:8:2:16:Infinity":3,"f:10:13:10:18":2,"s:11:8:14:Infinity":4,"b:13:11:13:39:13:39:14:Infinity":0,"s:20:13:121:Infinity":5,"f:20:13:20:33":3,"s:21:23:21:56":6,"s:22:25:22:58":7,"s:23:26:23:63":8,"s:25:8:33:Infinity":9,"f:25:8:25:24":4,"s:26:4:26:Infinity":10,"s:28:20:28:55":11,"f:28:41:28:48":5,"s:28:53:28:55":12,"b:29:4:33:Infinity:32:11:33:Infinity":1,"s:29:4:33:Infinity":13,"s:31:6:31:Infinity":14,"s:33:6:33:Infinity":15,"s:37:8:39:Infinity":16,"f:37:8:37:28":6,"s:39:4:39:Infinity":17,"s:42:2:121:Infinity":18,"b:52:10:107:11:107:10:110:Infinity":2,"b:57:96:57:117:57:117:57:Infinity":3,"f:60:45:60:60":7,"s:60:60:60:84":19,"b:72:20:72:Infinity:74:20:74:Infinity":4,"b:86:13:86:Infinity:87:14:102:Infinity":5,"b:114:9:114:28:114:28:114:Infinity:115:10:121:Infinity":6,"f:117:12:117:27":8,"s:117:27:117:52":20,"f:118:12:118:29":9}}}
,"/Users/loweryr/git/github/rhlowery/acs-ui/frontend/src/pages/ReviewerDashboard.jsx": {"path":"/Users/loweryr/git/github/rhlowery/acs-ui/frontend/src/pages/ReviewerDashboard.jsx","statementMap":{"0":{"start":{"line":18,"column":13},"end":{"line":209,"column":null}},"1":{"start":{"line":19,"column":22},"end":{"line":19,"column":50}},"2":{"start":{"line":20,"column":21},"end":{"line":20,"column":48}},"3":{"start":{"line":21,"column":26},"end":{"line":21,"column":61}},"4":{"start":{"line":22,"column":24},"end":{"line":22,"column":63}},"5":{"start":{"line":23,"column":22},"end":{"line":23,"column":53}},"6":{"start":{"line":25,"column":4},"end":{"line":28,"column":null}},"7":{"start":{"line":26,"column":8},"end":{"line":26,"column":null}},"8":{"start":{"line":26,"column":41},"end":{"line":26,"column":null}},"9":{"start":{"line":27,"column":8},"end":{"line":27,"column":null}},"10":{"start":{"line":27,"column":40},"end":{"line":27,"column":null}},"11":{"start":{"line":30,"column":4},"end":{"line":52,"column":null}},"12":{"start":{"line":31,"column":21},"end":{"line":31,"column":null}},"13":{"start":{"line":32,"column":8},"end":{"line":48,"column":null}},"14":{"start":{"line":33,"column":12},"end":{"line":48,"column":null}},"15":{"start":{"line":34,"column":16},"end":{"line":36,"column":null}},"16":{"start":{"line":35,"column":20},"end":{"line":35,"column":null}},"17":{"start":{"line":35,"column":41},"end":{"line":35,"column":58}},"18":{"start":{"line":37,"column":23},"end":{"line":48,"column":null}},"19":{"start":{"line":38,"column":16},"end":{"line":48,"column":null}},"20":{"start":{"line":39,"column":20},"end":{"line":47,"column":null}},"21":{"start":{"line":40,"column":38},"end":{"line":40,"column":81}},"22":{"start":{"line":40,"column":58},"end":{"line":40,"column":81}},"23":{"start":{"line":41,"column":24},"end":{"line":44,"column":null}},"24":{"start":{"line":42,"column":48},"end":{"line":42,"column":57}},"25":{"start":{"line":43,"column":28},"end":{"line":43,"column":null}},"26":{"start":{"line":44,"column":28},"end":{"line":44,"column":null}},"27":{"start":{"line":46,"column":24},"end":{"line":46,"column":null}},"28":{"start":{"line":51,"column":8},"end":{"line":51,"column":null}},"29":{"start":{"line":51,"column":21},"end":{"line":51,"column":36}},"30":{"start":{"line":54,"column":27},"end":{"line":59,"column":null}},"31":{"start":{"line":55,"column":8},"end":{"line":55,"column":null}},"32":{"start":{"line":56,"column":8},"end":{"line":59,"column":null}},"33":{"start":{"line":57,"column":25},"end":{"line":57,"column":53}},"34":{"start":{"line":58,"column":12},"end":{"line":58,"column":null}},"35":{"start":{"line":59,"column":20},"end":{"line":59,"column":null}},"36":{"start":{"line":62,"column":26},"end":{"line":67,"column":null}},"37":{"start":{"line":63,"column":8},"end":{"line":63,"column":null}},"38":{"start":{"line":64,"column":8},"end":{"line":67,"column":null}},"39":{"start":{"line":65,"column":25},"end":{"line":65,"column":59}},"40":{"start":{"line":66,"column":12},"end":{"line":66,"column":null}},"41":{"start":{"line":67,"column":20},"end":{"line":67,"column":null}},"42":{"start":{"line":70,"column":25},"end":{"line":75,"column":null}},"43":{"start":{"line":71,"column":8},"end":{"line":75,"column":null}},"44":{"start":{"line":72,"column":12},"end":{"line":72,"column":null}},"45":{"start":{"line":73,"column":12},"end":{"line":73,"column":null}},"46":{"start":{"line":74,"column":12},"end":{"line":74,"column":null}},"47":{"start":{"line":75,"column":24},"end":{"line":75,"column":null}},"48":{"start":{"line":78,"column":4},"end":{"line":209,"column":null}},"49":{"start":{"line":91,"column":45},"end":{"line":91,"column":79}},"50":{"start":{"line":108,"column":20},"end":{"line":126,"column":null}},"51":{"start":{"line":110,"column":39},"end":{"line":110,"column":61}},"52":{"start":{"line":144,"column":32},"end":{"line":159,"column":null}},"53":{"start":{"line":185,"column":32},"end":{"line":198,"column":null}},"54":{"start":{"line":194,"column":63},"end":{"line":194,"column":83}}},"fnMap":{"0":{"name":"(anonymous_0)","decl":{"start":{"line":18,"column":13},"end":{"line":18,"column":39}},"loc":{"start":{"line":18,"column":39},"end":{"line":209,"column":null}},"line":18},"1":{"name":"(anonymous_1)","decl":{"start":{"line":25,"column":4},"end":{"line":25,"column":20}},"loc":{"start":{"line":25,"column":20},"end":{"line":28,"column":8}},"line":25},"2":{"name":"(anonymous_2)","decl":{"start":{"line":30,"column":4},"end":{"line":30,"column":20}},"loc":{"start":{"line":30,"column":20},"end":{"line":52,"column":8}},"line":30},"3":{"name":"(anonymous_3)","decl":{"start":{"line":34,"column":38},"end":{"line":34,"column":50}},"loc":{"start":{"line":34,"column":61},"end":{"line":36,"column":null}},"line":34},"4":{"name":"(anonymous_4)","decl":{"start":{"line":35,"column":20},"end":{"line":35,"column":33}},"loc":{"start":{"line":35,"column":41},"end":{"line":35,"column":58}},"line":35},"5":{"name":"(anonymous_5)","decl":{"start":{"line":38,"column":40},"end":{"line":38,"column":56}},"loc":{"start":{"line":38,"column":71},"end":{"line":48,"column":null}},"line":38},"6":{"name":"(anonymous_6)","decl":{"start":{"line":39,"column":20},"end":{"line":39,"column":32}},"loc":{"start":{"line":39,"column":40},"end":{"line":47,"column":null}},"line":39},"7":{"name":"(anonymous_7)","decl":{"start":{"line":40,"column":43},"end":{"line":40,"column":53}},"loc":{"start":{"line":40,"column":58},"end":{"line":40,"column":81}},"line":40},"8":{"name":"(anonymous_8)","decl":{"start":{"line":51,"column":8},"end":{"line":51,"column":21}},"loc":{"start":{"line":51,"column":21},"end":{"line":51,"column":36}},"line":51},"9":{"name":"(anonymous_9)","decl":{"start":{"line":54,"column":27},"end":{"line":54,"column":39}},"loc":{"start":{"line":54,"column":39},"end":{"line":59,"column":null}},"line":54},"10":{"name":"(anonymous_10)","decl":{"start":{"line":62,"column":26},"end":{"line":62,"column":38}},"loc":{"start":{"line":62,"column":38},"end":{"line":67,"column":null}},"line":62},"11":{"name":"(anonymous_11)","decl":{"start":{"line":70,"column":25},"end":{"line":70,"column":32}},"loc":{"start":{"line":70,"column":39},"end":{"line":75,"column":null}},"line":70},"12":{"name":"(anonymous_12)","decl":{"start":{"line":91,"column":28},"end":{"line":91,"column":39}},"loc":{"start":{"line":91,"column":45},"end":{"line":91,"column":79}},"line":91},"13":{"name":"(anonymous_13)","decl":{"start":{"line":107,"column":18},"end":{"line":107,"column":22}},"loc":{"start":{"line":108,"column":20},"end":{"line":126,"column":null}},"line":108},"14":{"name":"(anonymous_14)","decl":{"start":{"line":110,"column":24},"end":{"line":110,"column":39}},"loc":{"start":{"line":110,"column":39},"end":{"line":110,"column":61}},"line":110},"15":{"name":"(anonymous_15)","decl":{"start":{"line":143,"column":39},"end":{"line":143,"column":44}},"loc":{"start":{"line":144,"column":32},"end":{"line":159,"column":null}},"line":144},"16":{"name":"(anonymous_16)","decl":{"start":{"line":184,"column":38},"end":{"line":184,"column":42}},"loc":{"start":{"line":185,"column":32},"end":{"line":198,"column":null}},"line":185},"17":{"name":"(anonymous_17)","decl":{"start":{"line":194,"column":48},"end":{"line":194,"column":63}},"loc":{"start":{"line":194,"column":63},"end":{"line":194,"column":83}},"line":194}},"branchMap":{"0":{"loc":{"start":{"line":26,"column":8},"end":{"line":26,"column":null}},"type":"if","locations":[{"start":{"line":26,"column":8},"end":{"line":26,"column":null}},{"start":{},"end":{}}],"line":26},"1":{"loc":{"start":{"line":27,"column":8},"end":{"line":27,"column":null}},"type":"if","locations":[{"start":{"line":27,"column":8},"end":{"line":27,"column":null}},{"start":{},"end":{}}],"line":27},"2":{"loc":{"start":{"line":32,"column":8},"end":{"line":48,"column":null}},"type":"if","locations":[{"start":{"line":32,"column":8},"end":{"line":48,"column":null}},{"start":{},"end":{}}],"line":32},"3":{"loc":{"start":{"line":33,"column":12},"end":{"line":48,"column":null}},"type":"if","locations":[{"start":{"line":33,"column":12},"end":{"line":48,"column":null}},{"start":{"line":37,"column":23},"end":{"line":48,"column":null}}],"line":33},"4":{"loc":{"start":{"line":37,"column":23},"end":{"line":48,"column":null}},"type":"if","locations":[{"start":{"line":37,"column":23},"end":{"line":48,"column":null}},{"start":{},"end":{}}],"line":37},"5":{"loc":{"start":{"line":41,"column":24},"end":{"line":44,"column":null}},"type":"if","locations":[{"start":{"line":41,"column":24},"end":{"line":44,"column":null}},{"start":{},"end":{}}],"line":41},"6":{"loc":{"start":{"line":58,"column":25},"end":{"line":58,"column":56}},"type":"cond-expr","locations":[{"start":{"line":58,"column":47},"end":{"line":58,"column":54}},{"start":{"line":58,"column":54},"end":{"line":58,"column":56}}],"line":58},"7":{"loc":{"start":{"line":94,"column":26},"end":{"line":94,"column":null}},"type":"binary-expr","locations":[{"start":{"line":94,"column":26},"end":{"line":94,"column":43}},{"start":{"line":94,"column":43},"end":{"line":94,"column":null}}],"line":94},"8":{"loc":{"start":{"line":96,"column":58},"end":{"line":96,"column":null}},"type":"cond-expr","locations":[{"start":{"line":96,"column":88},"end":{"line":96,"column":105}},{"start":{"line":96,"column":105},"end":{"line":96,"column":null}}],"line":96},"9":{"loc":{"start":{"line":115,"column":35},"end":{"line":115,"column":null}},"type":"cond-expr","locations":[{"start":{"line":115,"column":60},"end":{"line":115,"column":70}},{"start":{"line":115,"column":70},"end":{"line":115,"column":null}}],"line":115},"10":{"loc":{"start":{"line":116,"column":42},"end":{"line":116,"column":null}},"type":"cond-expr","locations":[{"start":{"line":116,"column":67},"end":{"line":116,"column":96}},{"start":{"line":116,"column":96},"end":{"line":116,"column":null}}],"line":116},"11":{"loc":{"start":{"line":121,"column":40},"end":{"line":121,"column":null}},"type":"cond-expr","locations":[{"start":{"line":121,"column":65},"end":{"line":121,"column":74}},{"start":{"line":121,"column":74},"end":{"line":121,"column":null}}],"line":121},"12":{"loc":{"start":{"line":131,"column":17},"end":{"line":169,"column":null}},"type":"binary-expr","locations":[{"start":{"line":131,"column":17},"end":{"line":131,"column":null}},{"start":{"line":132,"column":20},"end":{"line":169,"column":null}}],"line":131},"13":{"loc":{"start":{"line":154,"column":41},"end":{"line":156,"column":null}},"type":"cond-expr","locations":[{"start":{"line":155,"column":44},"end":{"line":156,"column":45}},{"start":{"line":156,"column":44},"end":{"line":156,"column":null}}],"line":154},"14":{"loc":{"start":{"line":144,"column":41},"end":{"line":144,"column":56}},"type":"binary-expr","locations":[{"start":{"line":144,"column":41},"end":{"line":144,"column":51}},{"start":{"line":144,"column":51},"end":{"line":144,"column":56}}],"line":144},"15":{"loc":{"start":{"line":161,"column":29},"end":{"line":169,"column":null}},"type":"binary-expr","locations":[{"start":{"line":161,"column":29},"end":{"line":161,"column":55}},{"start":{"line":161,"column":55},"end":{"line":161,"column":null}},{"start":{"line":162,"column":32},"end":{"line":169,"column":null}}],"line":161},"16":{"loc":{"start":{"line":173,"column":17},"end":{"line":200,"column":null}},"type":"binary-expr","locations":[{"start":{"line":173,"column":17},"end":{"line":173,"column":null}},{"start":{"line":174,"column":20},"end":{"line":200,"column":null}}],"line":173},"17":{"loc":{"start":{"line":188,"column":62},"end":{"line":188,"column":130}},"type":"cond-expr","locations":[{"start":{"line":188,"column":90},"end":{"line":188,"column":109}},{"start":{"line":188,"column":109},"end":{"line":188,"column":130}}],"line":188},"18":{"loc":{"start":{"line":204,"column":17},"end":{"line":209,"column":null}},"type":"binary-expr","locations":[{"start":{"line":204,"column":17},"end":{"line":204,"column":null}},{"start":{"line":205,"column":20},"end":{"line":209,"column":null}}],"line":204}},"s":{"0":1,"1":43,"2":43,"3":43,"4":43,"5":43,"6":43,"7":13,"8":8,"9":13,"10":4,"11":43,"12":17,"13":17,"14":4,"15":2,"16":1,"17":1,"18":2,"19":2,"20":2,"21":2,"22":2,"23":2,"24":1,"25":1,"26":1,"27":1,"28":17,"29":17,"30":43,"31":8,"32":8,"33":8,"34":8,"35":8,"36":43,"37":5,"38":5,"39":5,"40":5,"41":5,"42":43,"43":2,"44":2,"45":1,"46":1,"47":1,"48":43,"49":4,"50":126,"51":5,"52":5,"53":11,"54":2},"f":{"0":43,"1":13,"2":17,"3":1,"4":1,"5":2,"6":2,"7":2,"8":17,"9":8,"10":5,"11":2,"12":4,"13":126,"14":5,"15":5,"16":11,"17":2},"b":{"0":[8,5],"1":[4,9],"2":[4,13],"3":[2,2],"4":[2,0],"5":[1,1],"6":[8,0],"7":[43,9],"8":[22,20],"9":[42,84],"10":[42,84],"11":[42,84],"12":[43,22],"13":[5,0],"14":[5,0],"15":[22,18,8],"16":[43,18],"17":[9,2],"18":[43,2]},"meta":{"lastBranch":19,"lastFunction":18,"lastStatement":55,"seen":{"s:18:13:209:Infinity":0,"f:18:13:18:39":0,"s:19:22:19:50":1,"s:20:21:20:48":2,"s:21:26:21:61":3,"s:22:24:22:63":4,"s:23:22:23:53":5,"s:25:4:28:Infinity":6,"f:25:4:25:20":1,"b:26:8:26:Infinity:undefined:undefined:undefined:undefined":0,"s:26:8:26:Infinity":7,"s:26:41:26:Infinity":8,"b:27:8:27:Infinity:undefined:undefined:undefined:undefined":1,"s:27:8:27:Infinity":9,"s:27:40:27:Infinity":10,"s:30:4:52:Infinity":11,"f:30:4:30:20":2,"s:31:21:31:Infinity":12,"b:32:8:48:Infinity:undefined:undefined:undefined:undefined":2,"s:32:8:48:Infinity":13,"b:33:12:48:Infinity:37:23:48:Infinity":3,"s:33:12:48:Infinity":14,"s:34:16:36:Infinity":15,"f:34:38:34:50":3,"s:35:20:35:Infinity":16,"f:35:20:35:33":4,"s:35:41:35:58":17,"b:37:23:48:Infinity:undefined:undefined:undefined:undefined":4,"s:37:23:48:Infinity":18,"s:38:16:48:Infinity":19,"f:38:40:38:56":5,"s:39:20:47:Infinity":20,"f:39:20:39:32":6,"s:40:38:40:81":21,"f:40:43:40:53":7,"s:40:58:40:81":22,"b:41:24:44:Infinity:undefined:undefined:undefined:undefined":5,"s:41:24:44:Infinity":23,"s:42:48:42:57":24,"s:43:28:43:Infinity":25,"s:44:28:44:Infinity":26,"s:46:24:46:Infinity":27,"s:51:8:51:Infinity":28,"f:51:8:51:21":8,"s:51:21:51:36":29,"s:54:27:59:Infinity":30,"f:54:27:54:39":9,"s:55:8:55:Infinity":31,"s:56:8:59:Infinity":32,"s:57:25:57:53":33,"s:58:12:58:Infinity":34,"b:58:47:58:54:58:54:58:56":6,"s:59:20:59:Infinity":35,"s:62:26:67:Infinity":36,"f:62:26:62:38":10,"s:63:8:63:Infinity":37,"s:64:8:67:Infinity":38,"s:65:25:65:59":39,"s:66:12:66:Infinity":40,"s:67:20:67:Infinity":41,"s:70:25:75:Infinity":42,"f:70:25:70:32":11,"s:71:8:75:Infinity":43,"s:72:12:72:Infinity":44,"s:73:12:73:Infinity":45,"s:74:12:74:Infinity":46,"s:75:24:75:Infinity":47,"s:78:4:209:Infinity":48,"f:91:28:91:39":12,"s:91:45:91:79":49,"b:94:26:94:43:94:43:94:Infinity":7,"b:96:88:96:105:96:105:96:Infinity":8,"f:107:18:107:22":13,"s:108:20:126:Infinity":50,"f:110:24:110:39":14,"s:110:39:110:61":51,"b:115:60:115:70:115:70:115:Infinity":9,"b:116:67:116:96:116:96:116:Infinity":10,"b:121:65:121:74:121:74:121:Infinity":11,"b:131:17:131:Infinity:132:20:169:Infinity":12,"f:143:39:143:44":15,"s:144:32:159:Infinity":52,"b:155:44:156:45:156:44:156:Infinity":13,"b:144:41:144:51:144:51:144:56":14,"b:161:29:161:55:161:55:161:Infinity:162:32:169:Infinity":15,"b:173:17:173:Infinity:174:20:200:Infinity":16,"f:184:38:184:42":16,"s:185:32:198:Infinity":53,"b:188:90:188:109:188:109:188:130":17,"f:194:48:194:63":17,"s:194:63:194:83":54,"b:204:17:204:Infinity:205:20:209:Infinity":18}}}
,"/Users/loweryr/git/github/rhlowery/acs-ui/frontend/src/pages/SettingsPage.jsx": {"path":"/Users/loweryr/git/github/rhlowery/acs-ui/frontend/src/pages/SettingsPage.jsx","statementMap":{"0":{"start":{"line":14,"column":13},"end":{"line":112,"column":null}},"1":{"start":{"line":15,"column":21},"end":{"line":15,"column":50}},"2":{"start":{"line":16,"column":26},"end":{"line":16,"column":60}},"3":{"start":{"line":17,"column":26},"end":{"line":17,"column":60}},"4":{"start":{"line":19,"column":10},"end":{"line":20,"column":null}},"5":{"start":{"line":20,"column":8},"end":{"line":20,"column":null}},"6":{"start":{"line":23,"column":4},"end":{"line":112,"column":null}},"7":{"start":{"line":61,"column":47},"end":{"line":61,"column":69}},"8":{"start":{"line":77,"column":49},"end":{"line":77,"column":83}},"9":{"start":{"line":90,"column":49},"end":{"line":90,"column":83}}},"fnMap":{"0":{"name":"(anonymous_0)","decl":{"start":{"line":14,"column":13},"end":{"line":14,"column":34}},"loc":{"start":{"line":14,"column":34},"end":{"line":112,"column":null}},"line":14},"1":{"name":"(anonymous_1)","decl":{"start":{"line":19,"column":10},"end":{"line":19,"column":29}},"loc":{"start":{"line":19,"column":29},"end":{"line":20,"column":null}},"line":19},"2":{"name":"(anonymous_2)","decl":{"start":{"line":61,"column":32},"end":{"line":61,"column":47}},"loc":{"start":{"line":61,"column":47},"end":{"line":61,"column":69}},"line":61},"3":{"name":"(anonymous_3)","decl":{"start":{"line":77,"column":32},"end":{"line":77,"column":43}},"loc":{"start":{"line":77,"column":49},"end":{"line":77,"column":83}},"line":77},"4":{"name":"(anonymous_4)","decl":{"start":{"line":90,"column":32},"end":{"line":90,"column":43}},"loc":{"start":{"line":90,"column":49},"end":{"line":90,"column":83}},"line":90}},"branchMap":{"0":{"loc":{"start":{"line":64,"column":33},"end":{"line":65,"column":44}},"type":"cond-expr","locations":[{"start":{"line":64,"column":44},"end":{"line":64,"column":66}},{"start":{"line":64,"column":65},"end":{"line":65,"column":44}}],"line":64},"1":{"loc":{"start":{"line":65,"column":33},"end":{"line":65,"column":null}},"type":"cond-expr","locations":[{"start":{"line":65,"column":44},"end":{"line":65,"column":53}},{"start":{"line":65,"column":53},"end":{"line":65,"column":null}}],"line":65}},"s":{"0":1,"1":7,"2":7,"3":7,"4":7,"5":1,"6":7,"7":1,"8":1,"9":1},"f":{"0":7,"1":1,"2":1,"3":1,"4":1},"b":{"0":[6,1],"1":[6,1]},"meta":{"lastBranch":2,"lastFunction":5,"lastStatement":10,"seen":{"s:14:13:112:Infinity":0,"f:14:13:14:34":0,"s:15:21:15:50":1,"s:16:26:16:60":2,"s:17:26:17:60":3,"s:19:10:20:Infinity":4,"f:19:10:19:29":1,"s:20:8:20:Infinity":5,"s:23:4:112:Infinity":6,"f:61:32:61:47":2,"s:61:47:61:69":7,"b:64:44:64:66:64:65:65:44":0,"b:65:44:65:53:65:53:65:Infinity":1,"f:77:32:77:43":3,"s:77:49:77:83":8,"f:90:32:90:43":4,"s:90:49:90:83":9}}}
,"/Users/loweryr/git/github/rhlowery/acs-ui/frontend/src/services/AuditService.js": {"path":"/Users/loweryr/git/github/rhlowery/acs-ui/frontend/src/services/AuditService.js","statementMap":{"0":{"start":{"line":1,"column":17},"end":{"line":1,"column":null}},"1":{"start":{"line":3,"column":28},"end":{"line":22,"column":null}},"2":{"start":{"line":5,"column":21},"end":{"line":5,"column":42}},"3":{"start":{"line":6,"column":4},"end":{"line":6,"column":null}},"4":{"start":{"line":6,"column":22},"end":{"line":6,"column":null}},"5":{"start":{"line":7,"column":4},"end":{"line":7,"column":null}},"6":{"start":{"line":12,"column":24},"end":{"line":12,"column":61}},"7":{"start":{"line":13,"column":4},"end":{"line":15,"column":null}},"8":{"start":{"line":14,"column":19},"end":{"line":14,"column":41}},"9":{"start":{"line":15,"column":6},"end":{"line":15,"column":null}},"10":{"start":{"line":17,"column":4},"end":{"line":18,"column":null}},"11":{"start":{"line":18,"column":6},"end":{"line":18,"column":null}},"12":{"start":{"line":20,"column":4},"end":{"line":20,"column":null}}},"fnMap":{"0":{"name":"(anonymous_0)","decl":{"start":{"line":4,"column":8},"end":{"line":4,"column":18}},"loc":{"start":{"line":4,"column":18},"end":{"line":7,"column":null}},"line":4},"1":{"name":"(anonymous_1)","decl":{"start":{"line":10,"column":2},"end":{"line":10,"column":13}},"loc":{"start":{"line":10,"column":23},"end":{"line":20,"column":null}},"line":10},"2":{"name":"(anonymous_2)","decl":{"start":{"line":13,"column":16},"end":{"line":13,"column":29}},"loc":{"start":{"line":13,"column":39},"end":{"line":15,"column":null}},"line":13},"3":{"name":"(anonymous_3)","decl":{"start":{"line":17,"column":16},"end":{"line":17,"column":32}},"loc":{"start":{"line":17,"column":32},"end":{"line":18,"column":null}},"line":17}},"branchMap":{"0":{"loc":{"start":{"line":6,"column":4},"end":{"line":6,"column":null}},"type":"if","locations":[{"start":{"line":6,"column":4},"end":{"line":6,"column":null}},{"start":{},"end":{}}],"line":6}},"s":{"0":1,"1":1,"2":2,"3":2,"4":1,"5":1,"6":1,"7":1,"8":1,"9":1,"10":1,"11":1,"12":1},"f":{"0":2,"1":1,"2":1,"3":1},"b":{"0":[1,1]},"meta":{"lastBranch":1,"lastFunction":4,"lastStatement":13,"seen":{"s:1:17:1:Infinity":0,"s:3:28:22:Infinity":1,"f:4:8:4:18":0,"s:5:21:5:42":2,"b:6:4:6:Infinity:undefined:undefined:undefined:undefined":0,"s:6:4:6:Infinity":3,"s:6:22:6:Infinity":4,"s:7:4:7:Infinity":5,"f:10:2:10:13":1,"s:12:24:12:61":6,"s:13:4:15:Infinity":7,"f:13:16:13:29":2,"s:14:19:14:41":8,"s:15:6:15:Infinity":9,"s:17:4:18:Infinity":10,"f:17:16:17:32":3,"s:18:6:18:Infinity":11,"s:20:4:20:Infinity":12}}}
,"/Users/loweryr/git/github/rhlowery/acs-ui/frontend/src/services/AuthService.js": {"path":"/Users/loweryr/git/github/rhlowery/acs-ui/frontend/src/services/AuthService.js","statementMap":{"0":{"start":{"line":1,"column":27},"end":{"line":14,"column":null}},"1":{"start":{"line":3,"column":8},"end":{"line":7,"column":null}},"2":{"start":{"line":11,"column":21},"end":{"line":11,"column":42}},"3":{"start":{"line":12,"column":8},"end":{"line":12,"column":null}}},"fnMap":{"0":{"name":"(anonymous_0)","decl":{"start":{"line":2,"column":4},"end":{"line":2,"column":21}},"loc":{"start":{"line":2,"column":21},"end":{"line":7,"column":null}},"line":2},"1":{"name":"(anonymous_1)","decl":{"start":{"line":10,"column":4},"end":{"line":10,"column":12}},"loc":{"start":{"line":10,"column":18},"end":{"line":12,"column":null}},"line":10}},"branchMap":{},"s":{"0":1,"1":1,"2":0,"3":0},"f":{"0":1,"1":0},"b":{},"meta":{"lastBranch":0,"lastFunction":2,"lastStatement":4,"seen":{"s:1:27:14:Infinity":0,"f:2:4:2:21":0,"s:3:8:7:Infinity":1,"f:10:4:10:12":1,"s:11:21:11:42":2,"s:12:8:12:Infinity":3}}}
,"/Users/loweryr/git/github/rhlowery/acs-ui/frontend/src/services/CatalogService.js": {"path":"/Users/loweryr/git/github/rhlowery/acs-ui/frontend/src/services/CatalogService.js","statementMap":{"0":{"start":{"line":1,"column":17},"end":{"line":1,"column":null}},"1":{"start":{"line":3,"column":30},"end":{"line":28,"column":null}},"2":{"start":{"line":5,"column":21},"end":{"line":5,"column":61}},"3":{"start":{"line":6,"column":4},"end":{"line":6,"column":null}},"4":{"start":{"line":6,"column":22},"end":{"line":6,"column":null}},"5":{"start":{"line":7,"column":4},"end":{"line":7,"column":null}},"6":{"start":{"line":11,"column":18},"end":{"line":11,"column":null}},"7":{"start":{"line":12,"column":21},"end":{"line":12,"column":74}},"8":{"start":{"line":13,"column":4},"end":{"line":13,"column":null}},"9":{"start":{"line":13,"column":22},"end":{"line":13,"column":null}},"10":{"start":{"line":14,"column":4},"end":{"line":14,"column":null}},"11":{"start":{"line":18,"column":21},"end":{"line":18,"column":111}},"12":{"start":{"line":19,"column":4},"end":{"line":19,"column":null}},"13":{"start":{"line":19,"column":22},"end":{"line":19,"column":null}},"14":{"start":{"line":20,"column":4},"end":{"line":20,"column":null}},"15":{"start":{"line":24,"column":21},"end":{"line":24,"column":85}},"16":{"start":{"line":25,"column":4},"end":{"line":25,"column":null}},"17":{"start":{"line":25,"column":22},"end":{"line":25,"column":null}},"18":{"start":{"line":26,"column":4},"end":{"line":26,"column":null}}},"fnMap":{"0":{"name":"(anonymous_0)","decl":{"start":{"line":4,"column":8},"end":{"line":4,"column":27}},"loc":{"start":{"line":4,"column":27},"end":{"line":7,"column":null}},"line":4},"1":{"name":"(anonymous_1)","decl":{"start":{"line":10,"column":8},"end":{"line":10,"column":17}},"loc":{"start":{"line":10,"column":40},"end":{"line":14,"column":null}},"line":10},"2":{"name":"(anonymous_2)","decl":{"start":{"line":17,"column":8},"end":{"line":17,"column":23}},"loc":{"start":{"line":17,"column":40},"end":{"line":20,"column":null}},"line":17},"3":{"name":"(anonymous_3)","decl":{"start":{"line":23,"column":8},"end":{"line":23,"column":22}},"loc":{"start":{"line":23,"column":29},"end":{"line":26,"column":null}},"line":23}},"branchMap":{"0":{"loc":{"start":{"line":6,"column":4},"end":{"line":6,"column":null}},"type":"if","locations":[{"start":{"line":6,"column":4},"end":{"line":6,"column":null}},{"start":{},"end":{}}],"line":6},"1":{"loc":{"start":{"line":10,"column":28},"end":{"line":10,"column":40}},"type":"default-arg","locations":[{"start":{"line":10,"column":35},"end":{"line":10,"column":40}}],"line":10},"2":{"loc":{"start":{"line":11,"column":18},"end":{"line":11,"column":null}},"type":"cond-expr","locations":[{"start":{"line":11,"column":33},"end":{"line":11,"column":71}},{"start":{"line":11,"column":71},"end":{"line":11,"column":null}}],"line":11},"3":{"loc":{"start":{"line":13,"column":4},"end":{"line":13,"column":null}},"type":"if","locations":[{"start":{"line":13,"column":4},"end":{"line":13,"column":null}},{"start":{},"end":{}}],"line":13},"4":{"loc":{"start":{"line":19,"column":4},"end":{"line":19,"column":null}},"type":"if","locations":[{"start":{"line":19,"column":4},"end":{"line":19,"column":null}},{"start":{},"end":{}}],"line":19},"5":{"loc":{"start":{"line":25,"column":4},"end":{"line":25,"column":null}},"type":"if","locations":[{"start":{"line":25,"column":4},"end":{"line":25,"column":null}},{"start":{},"end":{}}],"line":25}},"s":{"0":3,"1":3,"2":2,"3":2,"4":1,"5":1,"6":3,"7":3,"8":3,"9":1,"10":2,"11":2,"12":2,"13":1,"14":1,"15":2,"16":2,"17":1,"18":1},"f":{"0":2,"1":3,"2":2,"3":2},"b":{"0":[1,1],"1":[3],"2":[1,2],"3":[1,2],"4":[1,1],"5":[1,1]},"meta":{"lastBranch":6,"lastFunction":4,"lastStatement":19,"seen":{"s:1:17:1:Infinity":0,"s:3:30:28:Infinity":1,"f:4:8:4:27":0,"s:5:21:5:61":2,"b:6:4:6:Infinity:undefined:undefined:undefined:undefined":0,"s:6:4:6:Infinity":3,"s:6:22:6:Infinity":4,"s:7:4:7:Infinity":5,"f:10:8:10:17":1,"b:10:35:10:40":1,"s:11:18:11:Infinity":6,"b:11:33:11:71:11:71:11:Infinity":2,"s:12:21:12:74":7,"b:13:4:13:Infinity:undefined:undefined:undefined:undefined":3,"s:13:4:13:Infinity":8,"s:13:22:13:Infinity":9,"s:14:4:14:Infinity":10,"f:17:8:17:23":2,"s:18:21:18:111":11,"b:19:4:19:Infinity:undefined:undefined:undefined:undefined":4,"s:19:4:19:Infinity":12,"s:19:22:19:Infinity":13,"s:20:4:20:Infinity":14,"f:23:8:23:22":3,"s:24:21:24:85":15,"b:25:4:25:Infinity:undefined:undefined:undefined:undefined":5,"s:25:4:25:Infinity":16,"s:25:22:25:Infinity":17,"s:26:4:26:Infinity":18}}}
,"/Users/loweryr/git/github/rhlowery/acs-ui/frontend/src/services/RequestService.js": {"path":"/Users/loweryr/git/github/rhlowery/acs-ui/frontend/src/services/RequestService.js","statementMap":{"0":{"start":{"line":1,"column":17},"end":{"line":1,"column":null}},"1":{"start":{"line":3,"column":30},"end":{"line":53,"column":null}},"2":{"start":{"line":5,"column":21},"end":{"line":5,"column":42}},"3":{"start":{"line":6,"column":4},"end":{"line":6,"column":null}},"4":{"start":{"line":6,"column":22},"end":{"line":6,"column":null}},"5":{"start":{"line":7,"column":4},"end":{"line":7,"column":null}},"6":{"start":{"line":11,"column":21},"end":{"line":15,"column":6}},"7":{"start":{"line":16,"column":4},"end":{"line":16,"column":null}},"8":{"start":{"line":16,"column":22},"end":{"line":16,"column":null}},"9":{"start":{"line":17,"column":4},"end":{"line":17,"column":null}},"10":{"start":{"line":21,"column":21},"end":{"line":21,"column":81}},"11":{"start":{"line":22,"column":4},"end":{"line":22,"column":null}},"12":{"start":{"line":22,"column":22},"end":{"line":22,"column":null}},"13":{"start":{"line":23,"column":4},"end":{"line":23,"column":null}},"14":{"start":{"line":27,"column":21},"end":{"line":31,"column":6}},"15":{"start":{"line":32,"column":4},"end":{"line":32,"column":null}},"16":{"start":{"line":32,"column":22},"end":{"line":32,"column":null}},"17":{"start":{"line":33,"column":4},"end":{"line":33,"column":null}},"18":{"start":{"line":37,"column":21},"end":{"line":37,"column":80}},"19":{"start":{"line":38,"column":4},"end":{"line":38,"column":null}},"20":{"start":{"line":38,"column":22},"end":{"line":38,"column":null}},"21":{"start":{"line":39,"column":4},"end":{"line":39,"column":null}},"22":{"start":{"line":43,"column":24},"end":{"line":43,"column":61}},"23":{"start":{"line":44,"column":4},"end":{"line":46,"column":null}},"24":{"start":{"line":45,"column":19},"end":{"line":45,"column":41}},"25":{"start":{"line":46,"column":6},"end":{"line":46,"column":null}},"26":{"start":{"line":48,"column":4},"end":{"line":49,"column":null}},"27":{"start":{"line":49,"column":6},"end":{"line":49,"column":null}},"28":{"start":{"line":51,"column":4},"end":{"line":51,"column":null}}},"fnMap":{"0":{"name":"(anonymous_0)","decl":{"start":{"line":4,"column":8},"end":{"line":4,"column":22}},"loc":{"start":{"line":4,"column":22},"end":{"line":7,"column":null}},"line":4},"1":{"name":"(anonymous_1)","decl":{"start":{"line":10,"column":8},"end":{"line":10,"column":22}},"loc":{"start":{"line":10,"column":31},"end":{"line":17,"column":null}},"line":10},"2":{"name":"(anonymous_2)","decl":{"start":{"line":20,"column":8},"end":{"line":20,"column":23}},"loc":{"start":{"line":20,"column":27},"end":{"line":23,"column":null}},"line":20},"3":{"name":"(anonymous_3)","decl":{"start":{"line":26,"column":8},"end":{"line":26,"column":22}},"loc":{"start":{"line":26,"column":34},"end":{"line":33,"column":null}},"line":26},"4":{"name":"(anonymous_4)","decl":{"start":{"line":36,"column":8},"end":{"line":36,"column":22}},"loc":{"start":{"line":36,"column":26},"end":{"line":39,"column":null}},"line":36},"5":{"name":"(anonymous_5)","decl":{"start":{"line":42,"column":2},"end":{"line":42,"column":17}},"loc":{"start":{"line":42,"column":27},"end":{"line":51,"column":null}},"line":42},"6":{"name":"(anonymous_6)","decl":{"start":{"line":44,"column":16},"end":{"line":44,"column":29}},"loc":{"start":{"line":44,"column":39},"end":{"line":46,"column":null}},"line":44},"7":{"name":"(anonymous_7)","decl":{"start":{"line":48,"column":16},"end":{"line":48,"column":32}},"loc":{"start":{"line":48,"column":32},"end":{"line":49,"column":null}},"line":48}},"branchMap":{"0":{"loc":{"start":{"line":6,"column":4},"end":{"line":6,"column":null}},"type":"if","locations":[{"start":{"line":6,"column":4},"end":{"line":6,"column":null}},{"start":{},"end":{}}],"line":6},"1":{"loc":{"start":{"line":16,"column":4},"end":{"line":16,"column":null}},"type":"if","locations":[{"start":{"line":16,"column":4},"end":{"line":16,"column":null}},{"start":{},"end":{}}],"line":16},"2":{"loc":{"start":{"line":22,"column":4},"end":{"line":22,"column":null}},"type":"if","locations":[{"start":{"line":22,"column":4},"end":{"line":22,"column":null}},{"start":{},"end":{}}],"line":22},"3":{"loc":{"start":{"line":32,"column":4},"end":{"line":32,"column":null}},"type":"if","locations":[{"start":{"line":32,"column":4},"end":{"line":32,"column":null}},{"start":{},"end":{}}],"line":32},"4":{"loc":{"start":{"line":38,"column":4},"end":{"line":38,"column":null}},"type":"if","locations":[{"start":{"line":38,"column":4},"end":{"line":38,"column":null}},{"start":{},"end":{}}],"line":38}},"s":{"0":2,"1":2,"2":2,"3":2,"4":1,"5":1,"6":0,"7":0,"8":0,"9":0,"10":2,"11":2,"12":1,"13":1,"14":2,"15":2,"16":1,"17":1,"18":2,"19":2,"20":1,"21":1,"22":1,"23":1,"24":1,"25":1,"26":1,"27":1,"28":1},"f":{"0":2,"1":0,"2":2,"3":2,"4":2,"5":1,"6":1,"7":1},"b":{"0":[1,1],"1":[0,0],"2":[1,1],"3":[1,1],"4":[1,1]},"meta":{"lastBranch":5,"lastFunction":8,"lastStatement":29,"seen":{"s:1:17:1:Infinity":0,"s:3:30:53:Infinity":1,"f:4:8:4:22":0,"s:5:21:5:42":2,"b:6:4:6:Infinity:undefined:undefined:undefined:undefined":0,"s:6:4:6:Infinity":3,"s:6:22:6:Infinity":4,"s:7:4:7:Infinity":5,"f:10:8:10:22":1,"s:11:21:15:6":6,"b:16:4:16:Infinity:undefined:undefined:undefined:undefined":1,"s:16:4:16:Infinity":7,"s:16:22:16:Infinity":8,"s:17:4:17:Infinity":9,"f:20:8:20:23":2,"s:21:21:21:81":10,"b:22:4:22:Infinity:undefined:undefined:undefined:undefined":2,"s:22:4:22:Infinity":11,"s:22:22:22:Infinity":12,"s:23:4:23:Infinity":13,"f:26:8:26:22":3,"s:27:21:31:6":14,"b:32:4:32:Infinity:undefined:undefined:undefined:undefined":3,"s:32:4:32:Infinity":15,"s:32:22:32:Infinity":16,"s:33:4:33:Infinity":17,"f:36:8:36:22":4,"s:37:21:37:80":18,"b:38:4:38:Infinity:undefined:undefined:undefined:undefined":4,"s:38:4:38:Infinity":19,"s:38:22:38:Infinity":20,"s:39:4:39:Infinity":21,"f:42:2:42:17":5,"s:43:24:43:61":22,"s:44:4:46:Infinity":23,"f:44:16:44:29":6,"s:45:19:45:41":24,"s:46:6:46:Infinity":25,"s:48:4:49:Infinity":26,"f:48:16:48:32":7,"s:49:6:49:Infinity":27,"s:51:4:51:Infinity":28}}}
}
